#
# There is insufficient memory for the Java Runtime Environment to continue.
# Native memory allocation (malloc) failed to allocate 1048576 bytes for AllocateHeap
# Possible reasons:
#   The system is out of physical RAM or swap space
#   In 32 bit mode, the process size limit was hit
# Possible solutions:
#   Reduce memory load on the system
#   Increase physical memory or swap space
#   Check if swap backing store is full
#   Use 64 bit Java on a 64 bit OS
#   Decrease Java heap size (-Xmx/-Xms)
#   Decrease number of Java threads
#   Decrease Java thread stack sizes (-Xss)
#   Set larger code cache with -XX:ReservedCodeCacheSize=
# This output file may be truncated or incomplete.
#
#  Out of Memory Error (memory/allocation.inline.hpp:61), pid=13012, tid=0x0000000000000e48
#
# JRE version:  (8.0_92-b14) (build )
# Java VM: Java HotSpot(TM) 64-Bit Server VM (25.92-b14 mixed mode windows-amd64 compressed oops)
# Failed to write core dump. Minidumps are not enabled by default on client versions of Windows
#

---------------  T H R E A D  ---------------

Current thread (0x0000000002f37800):  JavaThread "Unknown thread" [_thread_in_vm, id=3656, stack(0x0000000002d70000,0x0000000002e70000)]

Stack: [0x0000000002d70000,0x0000000002e70000]
[error occurred during error reporting (printing stack bounds), id 0xc0000005]

Native frames: (J=compiled Java code, j=interpreted, Vv=VM code, C=native code)


---------------  P R O C E S S  ---------------

Java Threads: ( => current thread )

Other Threads:

=>0x0000000002f37800 (exited) JavaThread "Unknown thread" [_thread_in_vm, id=3656, stack(0x0000000002d70000,0x0000000002e70000)]

VM state:not at safepoint (normal execution)

VM Mutex/Monitor currently owned by a thread: None

Heap:
 PSYoungGen      total 38400K, used 665K [0x00000000eab00000, 0x00000000ed580000, 0x0000000100000000)
  eden space 33280K, 2% used [0x00000000eab00000,0x00000000eaba6670,0x00000000ecb80000)
  from space 5120K, 0% used [0x00000000ed080000,0x00000000ed080000,0x00000000ed580000)
  to   space 5120K, 0% used [0x00000000ecb80000,0x00000000ecb80000,0x00000000ed080000)
 ParOldGen       total 87552K, used 0K [0x00000000c0000000, 0x00000000c5580000, 0x00000000eab00000)
  object space 87552K, 0% used [0x00000000c0000000,0x00000000c0000000,0x00000000c5580000)
 Metaspace       used 769K, capacity 4480K, committed 4480K, reserved 1056768K
  class space    used 75K, capacity 384K, committed 384K, reserved 1048576K

Card table byte_map: [0x00000000033f0000,0x0000000003600000] byte_map_base: 0x0000000002df0000

Marking Bits: (ParMarkBitMap*) 0x00000000755c64f0
 Begin Bits: [0x0000000003f60000, 0x0000000004f60000)
 End Bits:   [0x0000000004f60000, 0x0000000005f60000)

Polling page: 0x0000000001300000

CodeCache: size=245760Kb used=328Kb max_used=328Kb free=245431Kb
 bounds [0x000000000f010000, 0x000000000f280000, 0x000000001e010000]
 total_blobs=58 nmethods=0 adapters=38
 compilation: enabled

Compilation events (0 events):
No events

GC Heap History (0 events):
No events

Deoptimization events (0 events):
No events

Internal exceptions (0 events):
No events

Events (10 events):
Event: 0.035 loading class java/lang/Short
Event: 0.035 loading class java/lang/Short done
Event: 0.035 loading class java/lang/Integer
Event: 0.036 loading class java/lang/Integer done
Event: 0.036 loading class java/lang/Long
Event: 0.036 loading class java/lang/Long done
Event: 0.038 loading class java/lang/NullPointerException
Event: 0.038 loading class java/lang/NullPointerException done
Event: 0.038 loading class java/lang/ArithmeticException
Event: 0.038 loading class java/lang/ArithmeticException done


Dynamic libraries:
0x00007ff77c620000 - 0x00007ff77c657000 	C:\Program Files\Java\jdk1.8.0_92\bin\java.exe
0x00007ffe4ec10000 - 0x00007ffe4edd1000 	C:\WINDOWS\SYSTEM32\ntdll.dll
0x00007ffe4c2e0000 - 0x00007ffe4c38d000 	C:\WINDOWS\system32\KERNEL32.DLL
0x00007ffe4b980000 - 0x00007ffe4bb68000 	C:\WINDOWS\system32\KERNELBASE.dll
0x0000000075a80000 - 0x0000000075b31000 	C:\Program Files\Bitdefender\Bitdefender 2016\Active Virus Control\Avc3_00363_036\avcuf64.dll
0x00007ffe49780000 - 0x00007ffe497f9000 	C:\WINDOWS\system32\apphelp.dll
0x00007ffe28a90000 - 0x00007ffe28f13000 	C:\WINDOWS\AppPatch\AppPatch64\AcLayers.DLL
0x00007ffe4c560000 - 0x00007ffe4c5fd000 	C:\WINDOWS\system32\msvcrt.dll
0x00007ffe4e2f0000 - 0x00007ffe4e446000 	C:\WINDOWS\system32\USER32.dll
0x00007ffe4c660000 - 0x00007ffe4c7e6000 	C:\WINDOWS\system32\GDI32.dll
0x00007ffe4c600000 - 0x00007ffe4c652000 	C:\WINDOWS\system32\SHLWAPI.dll
0x00007ffe4e4b0000 - 0x00007ffe4e72d000 	C:\WINDOWS\system32\combase.dll
0x00007ffe4e1d0000 - 0x00007ffe4e2ec000 	C:\WINDOWS\system32\RPCRT4.dll
0x00007ffe4bb70000 - 0x00007ffe4bbda000 	C:\WINDOWS\system32\bcryptPrimitives.dll
0x00000000011d0000 - 0x00000000011d3000 	C:\WINDOWS\SYSTEM32\sfc.dll
0x00007ffe46320000 - 0x00007ffe463a4000 	C:\WINDOWS\SYSTEM32\WINSPOOL.DRV
0x00007ffe4b140000 - 0x00007ffe4b169000 	C:\WINDOWS\SYSTEM32\bcrypt.dll
0x00007ffe3cf90000 - 0x00007ffe3cfa1000 	C:\WINDOWS\SYSTEM32\sfc_os.DLL
0x00007ffe40f90000 - 0x00007ffe40fa1000 	C:\WINDOWS\SYSTEM32\SortWindows61.dll
0x00007ffe4cc20000 - 0x00007ffe4cc5b000 	C:\WINDOWS\system32\IMM32.DLL
0x00007ffe4b100000 - 0x00007ffe4b131000 	C:\Windows\system32\nvinitx.dll
0x00007ffe4c100000 - 0x00007ffe4c1a7000 	C:\WINDOWS\system32\ADVAPI32.dll
0x00007ffe4e450000 - 0x00007ffe4e4ab000 	C:\WINDOWS\system32\sechost.dll
0x00007ffe4b0f0000 - 0x00007ffe4b0fa000 	C:\WINDOWS\SYSTEM32\VERSION.dll
0x000000000f000000 - 0x000000000f006000 	C:\Program Files\NVIDIA Corporation\CoProcManager\_etoured.dll
0x00007ffe47910000 - 0x00007ffe47943000 	C:\Program Files\NVIDIA Corporation\CoProcManager\nvd3d9wrapx.dll
0x00007ffe4c7f0000 - 0x00007ffe4cc19000 	C:\WINDOWS\system32\SETUPAPI.dll
0x00007ffe4bdb0000 - 0x00007ffe4bdf3000 	C:\WINDOWS\system32\CFGMGR32.dll
0x00007ffe478e0000 - 0x00007ffe47902000 	C:\Program Files\NVIDIA Corporation\CoProcManager\nvdxgiwrapx.dll
0x00007ffe466d0000 - 0x00007ffe46944000 	C:\WINDOWS\WinSxS\amd64_microsoft.windows.common-controls_6595b64144ccf1df_6.0.10586.0_none_8c15ae12515e1c22\COMCTL32.dll
0x0000000074920000 - 0x00000000749f2000 	C:\Program Files\Java\jdk1.8.0_92\jre\bin\msvcr100.dll
0x0000000074db0000 - 0x0000000075646000 	C:\Program Files\Java\jdk1.8.0_92\jre\bin\server\jvm.dll
0x00007ffe4c400000 - 0x00007ffe4c408000 	C:\WINDOWS\system32\PSAPI.DLL
0x00007ffe3ec00000 - 0x00007ffe3ec09000 	C:\WINDOWS\SYSTEM32\WSOCK32.dll
0x00007ffe4e740000 - 0x00007ffe4e7ab000 	C:\WINDOWS\system32\WS2_32.dll
0x00007ffe491e0000 - 0x00007ffe49203000 	C:\WINDOWS\SYSTEM32\WINMM.dll
0x00007ffe491b0000 - 0x00007ffe491dc000 	C:\WINDOWS\SYSTEM32\WINMMBASE.dll
0x0000000074da0000 - 0x0000000074daf000 	C:\Program Files\Java\jdk1.8.0_92\jre\bin\verify.dll
0x0000000074d70000 - 0x0000000074d99000 	C:\Program Files\Java\jdk1.8.0_92\jre\bin\java.dll
0x0000000074d50000 - 0x0000000074d66000 	C:\Program Files\Java\jdk1.8.0_92\jre\bin\zip.dll

VM Arguments:
jvm_args: -Djava.awt.headless=true -Xmx1024M -Dfile.encoding=windows-1252 -Duser.country=US -Duser.language=en -Duser.variant 
java_command: com.android.dx.command.Main --dex --force-jumbo --multi-dex --output C:\Users\kikkos\AndroidStudioProjects\Udacity\theMovieDB\app\build\intermediates\transforms\dex\debug\folders\1000\10\support-annotations-23.4.0_e6219a1be1b9b7eda8b405bbd0142dfb8bc484a3 C:\Users\kikkos\AppData\Local\Android\sdk\extras\android\m2repository\com\android\support\support-annotations\23.4.0\support-annotations-23.4.0.jar
java_class_path (initial): C:\Users\kikkos\AppData\Local\Android\sdk\build-tools\22.0.1\lib\dx.jar
Launcher Type: SUN_STANDARD

Environment Variables:
JAVA_HOME=C:\Program Files\Java\jdk1.8.0_92
PATH=C:\Program Files (x86)\Intel\iCLS Client\;C:\Program Files\Intel\iCLS Client\;C:\ProgramData\Oracle\Java\javapath;C:\Program Files\ImageMagick-6.8.9-Q16;C:\WINDOWS\system32;C:\WINDOWS;C:\WINDOWS\System32\Wbem;C:\Program Files\Lenovo\Bluetooth Software\;C:\Program Files\Lenovo\Bluetooth Software\syswow64;C:\Program Files\Intel\WiFi\bin\;C:\Program Files\Common Files\Intel\WirelessCommon\;C:\Program Files\Microsoft\Web Platform Installer\;C:\WINDOWS\System32\WindowsPowerShell\v1.0\;C:\Program Files\Microsoft SQL Server\110\Tools\Binn\;C:\Program Files\Sublime Text 2;C:\Program Files (x86)\Heroku\bin;C:\Program Files\Intel\Intel(R) Management Engine Components\DAL;C:\Program Files\Intel\Intel(R) Management Engine Components\IPT;C:\Program Files (x86)\Intel\Intel(R) Management Engine Components\DAL;C:\Program Files (x86)\Intel\Intel(R) Management Engine Components\IPT;C:\Program Files (x86)\NVIDIA Corporation\PhysX\Common;C:\WINDOWS\system32;C:\WINDOWS;C:\WINDOWS\System32\Wbem;C:\WINDOWS\System32\WindowsPowerShell\v1.0\;C:\Program Files (x86)\Skype\Phone\;C:\Ruby23-x64\bin;C:\Program Files (x86)\MySQL\MySQL Fabric 1.5 & MySQL Utilities 1.5\;C:\Program Files (x86)\MySQL\MySQL Fabric 1.5 & MySQL Utilities 1.5\Doctrine extensions for PHP\;C:\Program Files\MySQL\MySQL Server 5.7\bin;C:\RailsInstaller\Ruby2.2.0\bin;C:\Users\kikkos\AppData\Local\GitHub\PortableGit_d76a6a98c9315931ec4927243517bc09e9b731a0\cmd;C:\Ruby22-x64\bin;C:\Program Files (x86)\Heroku\ruby-1.9.3\bin;C:\Program Files\Intel\WiFi\bin\;C:\Program Files\Common Files\Intel\WirelessCommon\
USERNAME=kikkos
OS=Windows_NT
PROCESSOR_IDENTIFIER=Intel64 Family 6 Model 42 Stepping 7, GenuineIntel



---------------  S Y S T E M  ---------------

OS: Windows 10.0 , 64 bit Build 10586 (10.0.10586.0)

CPU:total 8 (4 cores per cpu, 2 threads per core) family 6 model 42 stepping 7, cmov, cx8, fxsr, mmx, sse, sse2, sse3, ssse3, sse4.1, sse4.2, popcnt, avx, aes, clmul, ht, tsc, tscinvbit

Memory: 4k page, physical 8300684k(2210668k free), swap 8505484k(33392k free)

vm_info: Java HotSpot(TM) 64-Bit Server VM (25.92-b14) for windows-amd64 JRE (1.8.0_92-b14), built on Mar 31 2016 21:03:04 by "java_re" with MS VC++ 10.0 (VS2010)

time: Tue Jun 28 19:11:45 2016
elapsed time: 0 seconds (0d 0h 0m 0s)

