#
# There is insufficient memory for the Java Runtime Environment to continue.
# Native memory allocation (malloc) failed to allocate 32744 bytes for ChunkPool::allocate
# Possible reasons:
#   The system is out of physical RAM or swap space
#   In 32 bit mode, the process size limit was hit
# Possible solutions:
#   Reduce memory load on the system
#   Increase physical memory or swap space
#   Check if swap backing store is full
#   Use 64 bit Java on a 64 bit OS
#   Decrease Java heap size (-Xmx/-Xms)
#   Decrease number of Java threads
#   Decrease Java thread stack sizes (-Xss)
#   Set larger code cache with -XX:ReservedCodeCacheSize=
# This output file may be truncated or incomplete.
#
#  Out of Memory Error (allocation.cpp:273), pid=14944, tid=0x00000000000039c4
#
# JRE version: Java(TM) SE Runtime Environment (8.0_92-b14) (build 1.8.0_92-b14)
# Java VM: Java HotSpot(TM) 64-Bit Server VM (25.92-b14 mixed mode windows-amd64 compressed oops)
# Failed to write core dump. Minidumps are not enabled by default on client versions of Windows
#

---------------  T H R E A D  ---------------

Current thread (0x0000000007c82800):  JavaThread "C2 CompilerThread0" daemon [_thread_in_native, id=14788, stack(0x0000000008f50000,0x0000000009050000)]

Stack: [0x0000000008f50000,0x0000000009050000]
[error occurred during error reporting (printing stack bounds), id 0xc0000005]

Native frames: (J=compiled Java code, j=interpreted, Vv=VM code, C=native code)


Current CompileTask:
C2:    597  582       4       java.util.ArrayList::ensureExplicitCapacity (26 bytes)


---------------  P R O C E S S  ---------------

Java Threads: ( => current thread )
  0x0000000007d2d800 JavaThread "Service Thread" daemon [_thread_blocked, id=14064, stack(0x0000000009350000,0x0000000009450000)]
  0x0000000007c9d000 JavaThread "C1 CompilerThread3" daemon [_thread_in_native, id=10220, stack(0x0000000009250000,0x0000000009350000)]
  0x0000000007c95000 JavaThread "C2 CompilerThread2" daemon [_thread_blocked, id=8156, stack(0x0000000009150000,0x0000000009250000)]
  0x0000000007c8e800 JavaThread "C2 CompilerThread1" daemon [_thread_blocked, id=8204, stack(0x0000000009050000,0x0000000009150000)]
=>0x0000000007c82800 JavaThread "C2 CompilerThread0" daemon [_thread_in_native, id=14788, stack(0x0000000008f50000,0x0000000009050000)]
  0x0000000007c81000 JavaThread "Attach Listener" daemon [_thread_blocked, id=3992, stack(0x0000000008e50000,0x0000000008f50000)]
  0x0000000007c80800 JavaThread "Signal Dispatcher" daemon [_thread_blocked, id=4680, stack(0x0000000008d50000,0x0000000008e50000)]
  0x0000000007c38000 JavaThread "Finalizer" daemon [_thread_blocked, id=1660, stack(0x0000000008b70000,0x0000000008c70000)]
  0x0000000007c06000 JavaThread "Reference Handler" daemon [_thread_blocked, id=12228, stack(0x0000000008a70000,0x0000000008b70000)]
  0x0000000002c77800 JavaThread "main" [_thread_in_Java, id=17476, stack(0x0000000002b70000,0x0000000002c70000)]

Other Threads:
  0x0000000006892800 VMThread [stack: 0x0000000008970000,0x0000000008a70000] [id=11104]
  0x0000000007d33800 WatcherThread [stack: 0x0000000009450000,0x0000000009550000] [id=14276]

VM state:not at safepoint (normal execution)

VM Mutex/Monitor currently owned by a thread: None

Heap:
 PSYoungGen      total 38400K, used 10014K [0x00000000eab00000, 0x00000000ed580000, 0x0000000100000000)
  eden space 33280K, 30% used [0x00000000eab00000,0x00000000eb4c7be8,0x00000000ecb80000)
  from space 5120K, 0% used [0x00000000ed080000,0x00000000ed080000,0x00000000ed580000)
  to   space 5120K, 0% used [0x00000000ecb80000,0x00000000ecb80000,0x00000000ed080000)
 ParOldGen       total 87552K, used 0K [0x00000000c0000000, 0x00000000c5580000, 0x00000000eab00000)
  object space 87552K, 0% used [0x00000000c0000000,0x00000000c0000000,0x00000000c5580000)
 Metaspace       used 5202K, capacity 6448K, committed 6528K, reserved 1056768K
  class space    used 555K, capacity 616K, committed 640K, reserved 1048576K

Card table byte_map: [0x0000000003130000,0x0000000003340000] byte_map_base: 0x0000000002b30000

Marking Bits: (ParMarkBitMap*) 0x000000006bad64f0
 Begin Bits: [0x0000000003ca0000, 0x0000000004ca0000)
 End Bits:   [0x0000000004ca0000, 0x0000000005ca0000)

Polling page: 0x00000000029b0000

CodeCache: size=245760Kb used=2217Kb max_used=2228Kb free=243542Kb
 bounds [0x000000000f010000, 0x000000000f280000, 0x000000001e010000]
 total_blobs=838 nmethods=573 adapters=178
 compilation: enabled

Compilation events (10 events):
Event: 0.587 Thread 0x0000000007c9d000 nmethod 570 0x000000000f239590 code [0x000000000f239720, 0x000000000f239af8]
Event: 0.587 Thread 0x0000000007c9d000  568       3       com.android.dx.rop.type.StdTypeList::<init> (6 bytes)
Event: 0.587 Thread 0x0000000007c9d000 nmethod 568 0x000000000f239c90 code [0x000000000f239e00, 0x000000000f239f88]
Event: 0.587 Thread 0x0000000007c9d000  571       3       com.android.dx.rop.code.Rop::<init> (137 bytes)
Event: 0.588 Thread 0x0000000007c9d000 nmethod 571 0x000000000f23a010 code [0x000000000f23a200, 0x000000000f23aa58]
Event: 0.588 Thread 0x0000000007c9d000  573   !   3       com.android.dx.cf.code.BytecodeArray::parseInstruction (2764 bytes)
Event: 0.592 Thread 0x0000000007c8e800  581       4       java.util.BitSet::set (58 bytes)
Event: 0.594 Thread 0x0000000007c82800  582       4       java.util.ArrayList::ensureExplicitCapacity (26 bytes)
Event: 0.594 Thread 0x0000000007c8e800 nmethod 581 0x000000000f23db90 code [0x000000000f23dce0, 0x000000000f23de68]
Event: 0.595 Thread 0x0000000007c95000  584       4       com.android.dx.ssa.NormalSsaInsn::accept (25 bytes)

GC Heap History (0 events):
No events

Deoptimization events (1 events):
Event: 0.572 Thread 0x0000000002c77800 Uncommon trap: reason=unstable_if action=reinterpret pc=0x000000000f21f81c method=java.util.HashMap.getNode(ILjava/lang/Object;)Ljava/util/HashMap$Node; @ 129

Internal exceptions (2 events):
Event: 0.049 Thread 0x0000000002c77800 Exception <a 'java/lang/NoSuchMethodError': Method sun.misc.Unsafe.defineClass(Ljava/lang/String;[BII)Ljava/lang/Class; name or signature does not match> (0x00000000eab07cc0) thrown at [D:\re\workspace\8-2-build-windows-amd64-cygwin\jdk8u92\6642\hotspot\srCJ•ïg©?
Event: 0.049 Thread 0x0000000002c77800 Exception <a 'java/lang/NoSuchMethodError': Method sun.misc.Unsafe.prefetchRead(Ljava/lang/Object;J)V name or signature does not match> (0x00000000eab07fa8) thrown at [D:\re\workspace\8-2-build-windows-amd64-cygwin\jdk8u92\6642\hotspot\src\share\vm\prims\j

Events (10 events):
Event: 0.518 loading class com/android/dx/cf/attrib/AttLocalVariableTypeTable done
Event: 0.518 loading class com/android/dx/cf/attrib/AttSignature
Event: 0.518 loading class com/android/dx/cf/attrib/AttSignature done
Event: 0.519 loading class com/android/dx/cf/direct/DirectClassFile$DcfTypeList
Event: 0.519 loading class com/android/dx/cf/direct/DirectClassFile$DcfTypeList done
Event: 0.520 loading class com/android/dx/cf/attrib/AttExceptions
Event: 0.520 loading class com/android/dx/cf/attrib/AttExceptions done
Event: 0.572 Thread 0x0000000002c77800 Uncommon trap: trap_request=0xffffff65 fr.pc=0x000000000f21f81c
Event: 0.572 Thread 0x0000000002c77800 DEOPT PACKING pc=0x000000000f21f81c sp=0x0000000002c6e4c0
Event: 0.572 Thread 0x0000000002c77800 DEOPT UNPACKING pc=0x000000000f05582a sp=0x0000000002c6e438 mode 2


Dynamic libraries:
0x00007ff647010000 - 0x00007ff647047000 	C:\Program Files\Java\jdk1.8.0_92\bin\java.exe
0x00007ffbb7ee0000 - 0x00007ffbb80a1000 	C:\WINDOWS\SYSTEM32\ntdll.dll
0x00007ffbb7410000 - 0x00007ffbb74bd000 	C:\WINDOWS\system32\KERNEL32.DLL
0x00007ffbb4a80000 - 0x00007ffbb4c68000 	C:\WINDOWS\system32\KERNELBASE.dll
0x000000006c5d0000 - 0x000000006c67e000 	C:\Program Files\Bitdefender\Bitdefender 2016\Active Virus Control\Avc3_00369_042\avcuf64.dll
0x00007ffbb2c80000 - 0x00007ffbb2cf9000 	C:\WINDOWS\system32\apphelp.dll
0x00007ffb86070000 - 0x00007ffb864f3000 	C:\WINDOWS\AppPatch\AppPatch64\AcLayers.DLL
0x00007ffbb7e40000 - 0x00007ffbb7edd000 	C:\WINDOWS\system32\msvcrt.dll
0x00007ffbb5be0000 - 0x00007ffbb5d36000 	C:\WINDOWS\system32\USER32.dll
0x00007ffbb5a10000 - 0x00007ffbb5b96000 	C:\WINDOWS\system32\GDI32.dll
0x00007ffbb5340000 - 0x00007ffbb5392000 	C:\WINDOWS\system32\SHLWAPI.dll
0x00007ffbb5640000 - 0x00007ffbb58bd000 	C:\WINDOWS\system32\combase.dll
0x00007ffbb74c0000 - 0x00007ffbb75dc000 	C:\WINDOWS\system32\RPCRT4.dll
0x00007ffbb4950000 - 0x00007ffbb49ba000 	C:\WINDOWS\system32\bcryptPrimitives.dll
0x0000000000de0000 - 0x0000000000de3000 	C:\WINDOWS\SYSTEM32\sfc.dll
0x00007ffbaf530000 - 0x00007ffbaf5b4000 	C:\WINDOWS\SYSTEM32\WINSPOOL.DRV
0x00007ffbb40e0000 - 0x00007ffbb4109000 	C:\WINDOWS\SYSTEM32\bcrypt.dll
0x00007ffb9b580000 - 0x00007ffb9b591000 	C:\WINDOWS\SYSTEM32\sfc_os.DLL
0x00007ffbaadd0000 - 0x00007ffbaade1000 	C:\WINDOWS\SYSTEM32\SortWindows61.dll
0x00007ffbb5ba0000 - 0x00007ffbb5bdb000 	C:\WINDOWS\system32\IMM32.DLL
0x00007ffbb3740000 - 0x00007ffbb3771000 	C:\Windows\system32\nvinitx.dll
0x00007ffbb7960000 - 0x00007ffbb7a07000 	C:\WINDOWS\system32\ADVAPI32.dll
0x00007ffbb52c0000 - 0x00007ffbb531b000 	C:\WINDOWS\system32\sechost.dll
0x00007ffbb3730000 - 0x00007ffbb373a000 	C:\WINDOWS\SYSTEM32\VERSION.dll
0x000000000f000000 - 0x000000000f006000 	C:\Program Files\NVIDIA Corporation\CoProcManager\_etoured.dll
0x00007ffbb0c70000 - 0x00007ffbb0ca3000 	C:\Program Files\NVIDIA Corporation\CoProcManager\nvd3d9wrapx.dll
0x00007ffbb7a10000 - 0x00007ffbb7e39000 	C:\WINDOWS\system32\SETUPAPI.dll
0x00007ffbb4740000 - 0x00007ffbb4783000 	C:\WINDOWS\system32\CFGMGR32.dll
0x00007ffbb2ab0000 - 0x00007ffbb2ad2000 	C:\Program Files\NVIDIA Corporation\CoProcManager\nvdxgiwrapx.dll
0x00007ffbafb40000 - 0x00007ffbafdb4000 	C:\WINDOWS\WinSxS\amd64_microsoft.windows.common-controls_6595b64144ccf1df_6.0.10586.494_none_a2d8b04ea53e3145\COMCTL32.dll
0x000000006bcc0000 - 0x000000006bd92000 	C:\Program Files\Java\jdk1.8.0_92\jre\bin\msvcr100.dll
0x000000006b2c0000 - 0x000000006bb56000 	C:\Program Files\Java\jdk1.8.0_92\jre\bin\server\jvm.dll
0x00007ffbb5930000 - 0x00007ffbb5938000 	C:\WINDOWS\system32\PSAPI.DLL
0x00007ffba8e80000 - 0x00007ffba8e89000 	C:\WINDOWS\SYSTEM32\WSOCK32.dll
0x00007ffbb7640000 - 0x00007ffbb76ab000 	C:\WINDOWS\system32\WS2_32.dll
0x00007ffbb2a80000 - 0x00007ffbb2aa3000 	C:\WINDOWS\SYSTEM32\WINMM.dll
0x00007ffbb2a50000 - 0x00007ffbb2a7c000 	C:\WINDOWS\SYSTEM32\WINMMBASE.dll
0x000000006c140000 - 0x000000006c14f000 	C:\Program Files\Java\jdk1.8.0_92\jre\bin\verify.dll
0x000000006c110000 - 0x000000006c139000 	C:\Program Files\Java\jdk1.8.0_92\jre\bin\java.dll
0x000000006c0f0000 - 0x000000006c106000 	C:\Program Files\Java\jdk1.8.0_92\jre\bin\zip.dll
0x00007ffbb5d40000 - 0x00007ffbb729c000 	C:\WINDOWS\system32\SHELL32.dll
0x00007ffbb4c70000 - 0x00007ffbb52b5000 	C:\WINDOWS\system32\windows.storage.dll
0x00007ffbb4510000 - 0x00007ffbb451f000 	C:\WINDOWS\system32\kernel.appcore.dll
0x0000000002a90000 - 0x0000000002b45000 	C:\WINDOWS\system32\shcore.dll
0x00007ffbb4520000 - 0x00007ffbb456b000 	C:\WINDOWS\system32\powrprof.dll
0x00007ffbb44e0000 - 0x00007ffbb44f4000 	C:\WINDOWS\system32\profapi.dll

VM Arguments:
jvm_args: -Djava.awt.headless=true -Xmx1024M -Dfile.encoding=windows-1252 -Duser.country=US -Duser.language=en -Duser.variant 
java_command: com.android.dx.command.Main --dex --force-jumbo --multi-dex --output C:\Users\kikkos\AndroidStudioProjects\Udacity\myMovieNews\app\build\intermediates\transforms\dex\debug\folders\1000\10\instant-run_96516ee73ecfac369cbf795dcbb624738dafb82f C:\Users\kikkos\AndroidStudioProjects\Udacity\myMovieNews\app\build\intermediates\incremental-runtime-classes\debug\instant-run.jar
java_class_path (initial): C:\Users\kikkos\AppData\Local\Android\sdk\build-tools\22.0.1\lib\dx.jar
Launcher Type: SUN_STANDARD

Environment Variables:
JAVA_HOME=C:\Program Files\Java\jdk1.8.0_92
PATH=C:\Program Files (x86)\Intel\iCLS Client\;C:\Program Files\Intel\iCLS Client\;C:\ProgramData\Oracle\Java\javapath;C:\Program Files\ImageMagick-6.8.9-Q16;C:\WINDOWS\system32;C:\WINDOWS;C:\WINDOWS\System32\Wbem;C:\Program Files\Lenovo\Bluetooth Software\;C:\Program Files\Lenovo\Bluetooth Software\syswow64;C:\Program Files\Intel\WiFi\bin\;C:\Program Files\Common Files\Intel\WirelessCommon\;C:\Program Files\Microsoft\Web Platform Installer\;C:\WINDOWS\System32\WindowsPowerShell\v1.0\;C:\Program Files\Microsoft SQL Server\110\Tools\Binn\;C:\Program Files\Sublime Text 2;C:\Program Files (x86)\Heroku\bin;C:\Program Files\Intel\Intel(R) Management Engine Components\DAL;C:\Program Files\Intel\Intel(R) Management Engine Components\IPT;C:\Program Files (x86)\Intel\Intel(R) Management Engine Components\DAL;C:\Program Files (x86)\Intel\Intel(R) Management Engine Components\IPT;C:\Program Files (x86)\NVIDIA Corporation\PhysX\Common;C:\WINDOWS\system32;C:\WINDOWS;C:\WINDOWS\System32\Wbem;C:\WINDOWS\System32\WindowsPowerShell\v1.0\;C:\Program Files (x86)\Skype\Phone\;C:\Ruby23-x64\bin;C:\Program Files (x86)\MySQL\MySQL Fabric 1.5 & MySQL Utilities 1.5\;C:\Program Files (x86)\MySQL\MySQL Fabric 1.5 & MySQL Utilities 1.5\Doctrine extensions for PHP\;C:\Program Files\MySQL\MySQL Server 5.7\bin;C:\RailsInstaller\Ruby2.2.0\bin;C:\Users\kikkos\AppData\Local\GitHub\PortableGit_d76a6a98c9315931ec4927243517bc09e9b731a0\cmd;C:\Ruby22-x64\bin;C:\Program Files (x86)\Heroku\ruby-1.9.3\bin;C:\Program Files\Intel\WiFi\bin\;C:\Program Files\Common Files\Intel\WirelessCommon\;C:\Program Files\MongoDB\Server\3.2\bin;C:\sqlite
USERNAME=kikkos
OS=Windows_NT
PROCESSOR_IDENTIFIER=Intel64 Family 6 Model 42 Stepping 7, GenuineIntel



---------------  S Y S T E M  ---------------

OS: Windows 10.0 , 64 bit Build 10586 (10.0.10586.0)

CPU:total 8 (4 cores per cpu, 2 threads per core) family 6 model 42 stepping 7, cmov, cx8, fxsr, mmx, sse, sse2, sse3, ssse3, sse4.1, sse4.2, popcnt, avx, aes, clmul, ht, tsc, tscinvbit

Memory: 4k page, physical 8300684k(1858292k free), swap 8505484k(4124k free)

vm_info: Java HotSpot(TM) 64-Bit Server VM (25.92-b14) for windows-amd64 JRE (1.8.0_92-b14), built on Mar 31 2016 21:03:04 by "java_re" with MS VC++ 10.0 (VS2010)

time: Sat Sep 17 14:40:05 2016
elapsed time: 0 seconds (0d 0h 0m 0s)

