#
# There is insufficient memory for the Java Runtime Environment to continue.
# Native memory allocation (malloc) failed to allocate 763536 bytes for Chunk::new
# Possible reasons:
#   The system is out of physical RAM or swap space
#   In 32 bit mode, the process size limit was hit
# Possible solutions:
#   Reduce memory load on the system
#   Increase physical memory or swap space
#   Check if swap backing store is full
#   Use 64 bit Java on a 64 bit OS
#   Decrease Java heap size (-Xmx/-Xms)
#   Decrease number of Java threads
#   Decrease Java thread stack sizes (-Xss)
#   Set larger code cache with -XX:ReservedCodeCacheSize=
# This output file may be truncated or incomplete.
#
#  Out of Memory Error (allocation.cpp:390), pid=11008, tid=0x0000000000000d6c
#
# JRE version: Java(TM) SE Runtime Environment (8.0_92-b14) (build 1.8.0_92-b14)
# Java VM: Java HotSpot(TM) 64-Bit Server VM (25.92-b14 mixed mode windows-amd64 compressed oops)
# Failed to write core dump. Minidumps are not enabled by default on client versions of Windows
#

---------------  T H R E A D  ---------------

Current thread (0x0000000007892800):  JavaThread "C2 CompilerThread0" daemon [_thread_in_native, id=3436, stack(0x0000000008b60000,0x0000000008c60000)]

Stack: [0x0000000008b60000,0x0000000008c60000]
[error occurred during error reporting (printing stack bounds), id 0xc0000005]

Native frames: (J=compiled Java code, j=interpreted, Vv=VM code, C=native code)


Current CompileTask:
C2:   2377 1280       4       com.android.dx.ssa.SCCP::simulateBranch (666 bytes)


---------------  P R O C E S S  ---------------

Java Threads: ( => current thread )
  0x000000000793b800 JavaThread "Service Thread" daemon [_thread_blocked, id=8244, stack(0x0000000008f60000,0x0000000009060000)]
  0x00000000078a5800 JavaThread "C1 CompilerThread3" daemon [_thread_in_native, id=2724, stack(0x0000000008e60000,0x0000000008f60000)]
  0x00000000078a1800 JavaThread "C2 CompilerThread2" daemon [_thread_in_native, id=12160, stack(0x0000000008d60000,0x0000000008e60000)]
  0x0000000007898800 JavaThread "C2 CompilerThread1" daemon [_thread_in_native, id=11952, stack(0x0000000008c60000,0x0000000008d60000)]
=>0x0000000007892800 JavaThread "C2 CompilerThread0" daemon [_thread_in_native, id=3436, stack(0x0000000008b60000,0x0000000008c60000)]
  0x0000000007891000 JavaThread "Attach Listener" daemon [_thread_blocked, id=10112, stack(0x0000000008a60000,0x0000000008b60000)]
  0x0000000007890000 JavaThread "Signal Dispatcher" daemon [_thread_blocked, id=10496, stack(0x0000000008960000,0x0000000008a60000)]
  0x0000000007848000 JavaThread "Finalizer" daemon [_thread_blocked, id=10268, stack(0x0000000008780000,0x0000000008880000)]
  0x0000000007816000 JavaThread "Reference Handler" daemon [_thread_blocked, id=11824, stack(0x0000000008680000,0x0000000008780000)]
  0x0000000002897800 JavaThread "main" [_thread_in_Java, id=11900, stack(0x0000000002760000,0x0000000002860000)]

Other Threads:
  0x00000000064b0800 VMThread [stack: 0x0000000008580000,0x0000000008680000] [id=2356]
  0x0000000007943800 WatcherThread [stack: 0x0000000009060000,0x0000000009160000] [id=5676]

VM state:not at safepoint (normal execution)

VM Mutex/Monitor currently owned by a thread:  ([mutex/lock_event])
[0x00000000028928a0] CodeCache_lock - owner thread: 0x00000000078a5800
[0x0000000002894ec0] Compile_lock - owner thread: 0x00000000078a5800
[0x0000000002894f80] MethodCompileQueue_lock - owner thread: 0x0000000000000000

Heap:
 PSYoungGen      total 38400K, used 15412K [0x00000000eab00000, 0x00000000ed580000, 0x0000000100000000)
  eden space 33280K, 31% used [0x00000000eab00000,0x00000000eb513498,0x00000000ecb80000)
  from space 5120K, 99% used [0x00000000ecb80000,0x00000000ed079c78,0x00000000ed080000)
  to   space 5120K, 0% used [0x00000000ed080000,0x00000000ed080000,0x00000000ed580000)
 ParOldGen       total 87552K, used 1738K [0x00000000c0000000, 0x00000000c5580000, 0x00000000eab00000)
  object space 87552K, 1% used [0x00000000c0000000,0x00000000c01b2888,0x00000000c5580000)
 Metaspace       used 5887K, capacity 7088K, committed 7296K, reserved 1056768K
  class space    used 566K, capacity 616K, committed 640K, reserved 1048576K

Card table byte_map: [0x0000000002d50000,0x0000000002f60000] byte_map_base: 0x0000000002750000

Marking Bits: (ParMarkBitMap*) 0x00000000755c64f0
 Begin Bits: [0x00000000038c0000, 0x00000000048c0000)
 End Bits:   [0x00000000048c0000, 0x00000000058c0000)

Polling page: 0x0000000000c90000

CodeCache: size=245760Kb used=6458Kb max_used=6458Kb free=239301Kb
 bounds [0x000000000f010000, 0x000000000f670000, 0x000000001e010000]
 total_blobs=1770 nmethods=1505 adapters=178
 compilation: enabled

Compilation events (10 events):
Event: 2.292 Thread 0x00000000078a5800 nmethod 1508 0x000000000f659a90 code [0x000000000f659d00, 0x000000000f65ad08]
Event: 2.370 Thread 0x00000000078a5800 1512       3       com.android.dx.ssa.SsaMethod::<init> (50 bytes)
Event: 2.370 Thread 0x00000000078a5800 nmethod 1512 0x000000000f64cc50 code [0x000000000f64ce00, 0x000000000f64d4d8]
Event: 2.371 Thread 0x00000000078a5800 1513       3       com.android.dx.ssa.LocalVariableExtractor::<init> (61 bytes)
Event: 2.371 Thread 0x00000000078a5800 nmethod 1513 0x000000000f64eed0 code [0x000000000f64f080, 0x000000000f64f568]
Event: 2.371 Thread 0x00000000078a5800 1514       3       com.android.dx.ssa.SsaRenamer::<init> (100 bytes)
Event: 2.372 Thread 0x00000000078a5800 nmethod 1514 0x000000000f65b910 code [0x000000000f65bb00, 0x000000000f65c608]
Event: 2.372 Thread 0x00000000078a5800 1517       3       com.android.dx.ssa.back.FirstFitLocalCombiningAllocator::handleLocalAssociatedParams (132 bytes)
Event: 2.373 Thread 0x00000000078a5800 nmethod 1517 0x000000000f65ca90 code [0x000000000f65cd20, 0x000000000f65dc68]
Event: 2.373 Thread 0x00000000078a5800 1519       3       com.android.dx.ssa.back.FirstFitLocalCombiningAllocator::handleCheckCastResults (413 bytes)

GC Heap History (2 events):
Event: 2.023 GC heap before
{Heap before GC invocations=1 (full 0):
 PSYoungGen      total 38400K, used 33280K [0x00000000eab00000, 0x00000000ed580000, 0x0000000100000000)
  eden space 33280K, 100% used [0x00000000eab00000,0x00000000ecb80000,0x00000000ecb80000)
  from space 5120K, 0% used [0x00000000ed080000,0x00000000ed080000,0x00000000ed580000)
  to   space 5120K, 0% used [0x00000000ecb80000,0x00000000ecb80000,0x00000000ed080000)
 ParOldGen       total 87552K, used 0K [0x00000000c0000000, 0x00000000c5580000, 0x00000000eab00000)
  object space 87552K, 0% used [0x00000000c0000000,0x00000000c0000000,0x00000000c5580000)
 Metaspace       used 5815K, capacity 7024K, committed 7296K, reserved 1056768K
  class space    used 560K, capacity 616K, committed 640K, reserved 1048576K
Event: 2.054 GC heap after
Heap after GC invocations=1 (full 0):
 PSYoungGen      total 38400K, used 5095K [0x00000000eab00000, 0x00000000ed580000, 0x0000000100000000)
  eden space 33280K, 0% used [0x00000000eab00000,0x00000000eab00000,0x00000000ecb80000)
  from space 5120K, 99% used [0x00000000ecb80000,0x00000000ed079c78,0x00000000ed080000)
  to   space 5120K, 0% used [0x00000000ed080000,0x00000000ed080000,0x00000000ed580000)
 ParOldGen       total 87552K, used 1738K [0x00000000c0000000, 0x00000000c5580000, 0x00000000eab00000)
  object space 87552K, 1% used [0x00000000c0000000,0x00000000c01b2888,0x00000000c5580000)
 Metaspace       used 5815K, capacity 7024K, committed 7296K, reserved 1056768K
  class space    used 560K, capacity 616K, committed 640K, reserved 1048576K
}

Deoptimization events (10 events):
Event: 1.531 Thread 0x0000000002897800 Uncommon trap: reason=null_check action=make_not_entrant pc=0x000000000f414480 method=com.android.dx.ssa.SsaRenamer.getLocalForNewReg(I)Lcom/android/dx/rop/code/LocalItem; @ 19
Event: 1.896 Thread 0x0000000002897800 Uncommon trap: reason=unstable_if action=reinterpret pc=0x000000000f48883c method=com.android.dx.util.IntList.binarysearch(I)I @ 105
Event: 1.925 Thread 0x0000000002897800 Uncommon trap: reason=unstable_if action=reinterpret pc=0x000000000f5cfb8c method=com.android.dx.ssa.MoveParamCombiner$1.visitNonMoveInsn(Lcom/android/dx/ssa/NormalSsaInsn;)V @ 27
Event: 1.936 Thread 0x0000000002897800 Uncommon trap: reason=unstable_if action=reinterpret pc=0x000000000f5be07c method=com.android.dx.ssa.SCCP.simulateStmt(Lcom/android/dx/ssa/SsaInsn;)V @ 53
Event: 2.073 Thread 0x0000000002897800 Uncommon trap: reason=unstable_if action=reinterpret pc=0x000000000f5e5bec method=com.android.dx.rop.code.RegisterSpec.equals(ILcom/android/dx/rop/type/TypeBearer;Lcom/android/dx/rop/code/LocalItem;)Z @ 42
Event: 2.083 Thread 0x0000000002897800 Uncommon trap: reason=unstable_if action=reinterpret pc=0x000000000f39e750 method=com.android.dx.rop.code.RegisterSpec.equals(ILcom/android/dx/rop/type/TypeBearer;Lcom/android/dx/rop/code/LocalItem;)Z @ 42
Event: 2.101 Thread 0x0000000002897800 Uncommon trap: reason=uninitialized action=reinterpret pc=0x000000000f598070 method=com.android.dx.cf.code.BytecodeArray.parseInstruction(ILcom/android/dx/cf/code/BytecodeArray$Visitor;)I @ 999
Event: 2.143 Thread 0x0000000002897800 Uncommon trap: reason=unstable_if action=reinterpret pc=0x000000000f46b95c method=com.android.dx.rop.cst.Constant.compareTo(Lcom/android/dx/rop/cst/Constant;)I @ 12
Event: 2.146 Thread 0x0000000002897800 Uncommon trap: reason=unstable_if action=reinterpret pc=0x000000000f601908 method=com.android.dx.rop.code.DexTranslationAdvice.requiresSourcesInOrder(Lcom/android/dx/rop/code/Rop;Lcom/android/dx/rop/code/RegisterSpecList;)Z @ 21
Event: 2.267 Thread 0x0000000002897800 Uncommon trap: reason=bimorphic action=maybe_recompile pc=0x000000000f44265c method=java.util.HashMap.getNode(ILjava/lang/Object;)Ljava/util/HashMap$Node; @ 126

Internal exceptions (4 events):
Event: 0.055 Thread 0x0000000002897800 Exception <a 'java/lang/NoSuchMethodError': Method sun.misc.Unsafe.defineClass(Ljava/lang/String;[BII)Ljava/lang/Class; name or signature does not match> (0x00000000eab07cc0) thrown at [D:\re\workspace\8-2-build-windows-amd64-cygwin\jdk8u92\6642\hotspot\sr¶M˚Åe¨?
Event: 0.055 Thread 0x0000000002897800 Exception <a 'java/lang/NoSuchMethodError': Method sun.misc.Unsafe.prefetchRead(Ljava/lang/Object;J)V name or signature does not match> (0x00000000eab07fa8) thrown at [D:\re\workspace\8-2-build-windows-amd64-cygwin\jdk8u92\6642\hotspot\src\share\vm\prims\j;—¶Óó˘ı?
Event: 1.373 Thread 0x0000000002897800 Implicit null exception at 0x000000000f419fb3 to 0x000000000f41af99
Event: 1.531 Thread 0x0000000002897800 Implicit null exception at 0x000000000f413784 to 0x000000000f41444d

Events (10 events):
Event: 2.307 loading class com/android/dx/cf/attrib/AttRuntimeInvisibleAnnotations
Event: 2.307 loading class com/android/dx/cf/attrib/AttRuntimeInvisibleAnnotations done
Event: 2.307 loading class com/android/dx/cf/attrib/BaseAnnotations
Event: 2.307 loading class com/android/dx/cf/attrib/BaseAnnotations done
Event: 2.314 loading class com/android/dx/dex/file/ParameterAnnotationStruct
Event: 2.314 loading class com/android/dx/dex/file/ParameterAnnotationStruct done
Event: 2.315 loading class com/android/dx/dex/file/UniformListItem
Event: 2.315 loading class com/android/dx/dex/file/UniformListItem done
Event: 2.316 loading class com/android/dx/dex/file/AnnotationSetRefItem
Event: 2.316 loading class com/android/dx/dex/file/AnnotationSetRefItem done


Dynamic libraries:
0x00007ff77c620000 - 0x00007ff77c657000 	C:\Program Files\Java\jdk1.8.0_92\bin\java.exe
0x00007ffe4ec10000 - 0x00007ffe4edd1000 	C:\WINDOWS\SYSTEM32\ntdll.dll
0x00007ffe4c2e0000 - 0x00007ffe4c38d000 	C:\WINDOWS\system32\KERNEL32.DLL
0x00007ffe4b980000 - 0x00007ffe4bb68000 	C:\WINDOWS\system32\KERNELBASE.dll
0x0000000075a80000 - 0x0000000075b31000 	C:\Program Files\Bitdefender\Bitdefender 2016\Active Virus Control\Avc3_00363_036\avcuf64.dll
0x00007ffe49780000 - 0x00007ffe497f9000 	C:\WINDOWS\system32\apphelp.dll
0x00007ffe1d240000 - 0x00007ffe1d6c3000 	C:\WINDOWS\AppPatch\AppPatch64\AcLayers.DLL
0x00007ffe4c560000 - 0x00007ffe4c5fd000 	C:\WINDOWS\system32\msvcrt.dll
0x00007ffe4e2f0000 - 0x00007ffe4e446000 	C:\WINDOWS\system32\USER32.dll
0x00007ffe4c660000 - 0x00007ffe4c7e6000 	C:\WINDOWS\system32\GDI32.dll
0x00007ffe4c600000 - 0x00007ffe4c652000 	C:\WINDOWS\system32\SHLWAPI.dll
0x00007ffe4e4b0000 - 0x00007ffe4e72d000 	C:\WINDOWS\system32\combase.dll
0x00007ffe4e1d0000 - 0x00007ffe4e2ec000 	C:\WINDOWS\system32\RPCRT4.dll
0x00007ffe4bb70000 - 0x00007ffe4bbda000 	C:\WINDOWS\system32\bcryptPrimitives.dll
0x0000000000be0000 - 0x0000000000be3000 	C:\WINDOWS\SYSTEM32\sfc.dll
0x00007ffe46320000 - 0x00007ffe463a4000 	C:\WINDOWS\SYSTEM32\WINSPOOL.DRV
0x00007ffe4b140000 - 0x00007ffe4b169000 	C:\WINDOWS\SYSTEM32\bcrypt.dll
0x00007ffe3cf90000 - 0x00007ffe3cfa1000 	C:\WINDOWS\SYSTEM32\sfc_os.DLL
0x00007ffe48a20000 - 0x00007ffe48a31000 	C:\WINDOWS\SYSTEM32\SortWindows61.dll
0x00007ffe4cc20000 - 0x00007ffe4cc5b000 	C:\WINDOWS\system32\IMM32.DLL
0x00007ffe4b100000 - 0x00007ffe4b131000 	C:\Windows\system32\nvinitx.dll
0x00007ffe4c100000 - 0x00007ffe4c1a7000 	C:\WINDOWS\system32\ADVAPI32.dll
0x00007ffe4e450000 - 0x00007ffe4e4ab000 	C:\WINDOWS\system32\sechost.dll
0x00007ffe4b0f0000 - 0x00007ffe4b0fa000 	C:\WINDOWS\SYSTEM32\VERSION.dll
0x000000000f000000 - 0x000000000f006000 	C:\Program Files\NVIDIA Corporation\CoProcManager\_etoured.dll
0x00007ffe47910000 - 0x00007ffe47943000 	C:\Program Files\NVIDIA Corporation\CoProcManager\nvd3d9wrapx.dll
0x00007ffe4c7f0000 - 0x00007ffe4cc19000 	C:\WINDOWS\system32\SETUPAPI.dll
0x00007ffe4bdb0000 - 0x00007ffe4bdf3000 	C:\WINDOWS\system32\CFGMGR32.dll
0x00007ffe478e0000 - 0x00007ffe47902000 	C:\Program Files\NVIDIA Corporation\CoProcManager\nvdxgiwrapx.dll
0x00007ffe466d0000 - 0x00007ffe46944000 	C:\WINDOWS\WinSxS\amd64_microsoft.windows.common-controls_6595b64144ccf1df_6.0.10586.0_none_8c15ae12515e1c22\COMCTL32.dll
0x0000000074920000 - 0x00000000749f2000 	C:\Program Files\Java\jdk1.8.0_92\jre\bin\msvcr100.dll
0x0000000074db0000 - 0x0000000075646000 	C:\Program Files\Java\jdk1.8.0_92\jre\bin\server\jvm.dll
0x00007ffe4c400000 - 0x00007ffe4c408000 	C:\WINDOWS\system32\PSAPI.DLL
0x00007ffe3ec00000 - 0x00007ffe3ec09000 	C:\WINDOWS\SYSTEM32\WSOCK32.dll
0x00007ffe4e740000 - 0x00007ffe4e7ab000 	C:\WINDOWS\system32\WS2_32.dll
0x00007ffe491e0000 - 0x00007ffe49203000 	C:\WINDOWS\SYSTEM32\WINMM.dll
0x00007ffe491b0000 - 0x00007ffe491dc000 	C:\WINDOWS\SYSTEM32\WINMMBASE.dll
0x0000000074da0000 - 0x0000000074daf000 	C:\Program Files\Java\jdk1.8.0_92\jre\bin\verify.dll
0x0000000074d70000 - 0x0000000074d99000 	C:\Program Files\Java\jdk1.8.0_92\jre\bin\java.dll
0x0000000074d50000 - 0x0000000074d66000 	C:\Program Files\Java\jdk1.8.0_92\jre\bin\zip.dll
0x00007ffe4cc70000 - 0x00007ffe4e1cc000 	C:\WINDOWS\system32\SHELL32.dll
0x00007ffe4b2a0000 - 0x00007ffe4b8e4000 	C:\WINDOWS\system32\windows.storage.dll
0x00007ffe4b240000 - 0x00007ffe4b24f000 	C:\WINDOWS\system32\kernel.appcore.dll
0x00007ffe4beb0000 - 0x00007ffe4bf65000 	C:\WINDOWS\system32\shcore.dll
0x00007ffe4b250000 - 0x00007ffe4b29b000 	C:\WINDOWS\system32\powrprof.dll
0x00007ffe4b210000 - 0x00007ffe4b224000 	C:\WINDOWS\system32\profapi.dll

VM Arguments:
jvm_args: -Djava.awt.headless=true -Xmx1024M -Dfile.encoding=windows-1252 -Duser.country=US -Duser.language=en -Duser.variant 
java_command: com.android.dx.command.Main --dex --force-jumbo --multi-dex --output C:\Users\kikkos\AndroidStudioProjects\Udacity\theMovieDB\app\build\intermediates\transforms\dex\debug\folders\1000\10\com.android.support-support-v4-23.4.0_550079a44ed3cc9e756192676d8e65a6c658067c C:\Users\kikkos\AndroidStudioProjects\Udacity\theMovieDB\app\build\intermediates\exploded-aar\com.android.support\support-v4\23.4.0\jars\classes.jar
java_class_path (initial): C:\Users\kikkos\AppData\Local\Android\sdk\build-tools\22.0.1\lib\dx.jar
Launcher Type: SUN_STANDARD

Environment Variables:
JAVA_HOME=C:\Program Files\Java\jdk1.8.0_92
PATH=C:\Program Files (x86)\Intel\iCLS Client\;C:\Program Files\Intel\iCLS Client\;C:\ProgramData\Oracle\Java\javapath;C:\Program Files\ImageMagick-6.8.9-Q16;C:\WINDOWS\system32;C:\WINDOWS;C:\WINDOWS\System32\Wbem;C:\Program Files\Lenovo\Bluetooth Software\;C:\Program Files\Lenovo\Bluetooth Software\syswow64;C:\Program Files\Intel\WiFi\bin\;C:\Program Files\Common Files\Intel\WirelessCommon\;C:\Program Files\Microsoft\Web Platform Installer\;C:\WINDOWS\System32\WindowsPowerShell\v1.0\;C:\Program Files\Microsoft SQL Server\110\Tools\Binn\;C:\Program Files\Sublime Text 2;C:\Program Files (x86)\Heroku\bin;C:\Program Files\Intel\Intel(R) Management Engine Components\DAL;C:\Program Files\Intel\Intel(R) Management Engine Components\IPT;C:\Program Files (x86)\Intel\Intel(R) Management Engine Components\DAL;C:\Program Files (x86)\Intel\Intel(R) Management Engine Components\IPT;C:\Program Files (x86)\NVIDIA Corporation\PhysX\Common;C:\WINDOWS\system32;C:\WINDOWS;C:\WINDOWS\System32\Wbem;C:\WINDOWS\System32\WindowsPowerShell\v1.0\;C:\Program Files (x86)\Skype\Phone\;C:\Ruby23-x64\bin;C:\Program Files (x86)\MySQL\MySQL Fabric 1.5 & MySQL Utilities 1.5\;C:\Program Files (x86)\MySQL\MySQL Fabric 1.5 & MySQL Utilities 1.5\Doctrine extensions for PHP\;C:\Program Files\MySQL\MySQL Server 5.7\bin;C:\RailsInstaller\Ruby2.2.0\bin;C:\Users\kikkos\AppData\Local\GitHub\PortableGit_d76a6a98c9315931ec4927243517bc09e9b731a0\cmd;C:\Ruby22-x64\bin;C:\Program Files (x86)\Heroku\ruby-1.9.3\bin;C:\Program Files\Intel\WiFi\bin\;C:\Program Files\Common Files\Intel\WirelessCommon\
USERNAME=kikkos
OS=Windows_NT
PROCESSOR_IDENTIFIER=Intel64 Family 6 Model 42 Stepping 7, GenuineIntel



---------------  S Y S T E M  ---------------

OS: Windows 10.0 , 64 bit Build 10586 (10.0.10586.0)

CPU:total 8 (4 cores per cpu, 2 threads per core) family 6 model 42 stepping 7, cmov, cx8, fxsr, mmx, sse, sse2, sse3, ssse3, sse4.1, sse4.2, popcnt, avx, aes, clmul, ht, tsc, tscinvbit

Memory: 4k page, physical 8300684k(2678196k free), swap 8505484k(5376k free)

vm_info: Java HotSpot(TM) 64-Bit Server VM (25.92-b14) for windows-amd64 JRE (1.8.0_92-b14), built on Mar 31 2016 21:03:04 by "java_re" with MS VC++ 10.0 (VS2010)

time: Mon Jun 27 14:23:02 2016
elapsed time: 2 seconds (0d 0h 0m 2s)

