#
# There is insufficient memory for the Java Runtime Environment to continue.
# Native memory allocation (malloc) failed to allocate 284176 bytes for Chunk::new
# Possible reasons:
#   The system is out of physical RAM or swap space
#   In 32 bit mode, the process size limit was hit
# Possible solutions:
#   Reduce memory load on the system
#   Increase physical memory or swap space
#   Check if swap backing store is full
#   Use 64 bit Java on a 64 bit OS
#   Decrease Java heap size (-Xmx/-Xms)
#   Decrease number of Java threads
#   Decrease Java thread stack sizes (-Xss)
#   Set larger code cache with -XX:ReservedCodeCacheSize=
# This output file may be truncated or incomplete.
#
#  Out of Memory Error (allocation.cpp:390), pid=11948, tid=0x000000000000070c
#
# JRE version: Java(TM) SE Runtime Environment (8.0_92-b14) (build 1.8.0_92-b14)
# Java VM: Java HotSpot(TM) 64-Bit Server VM (25.92-b14 mixed mode windows-amd64 compressed oops)
# Failed to write core dump. Minidumps are not enabled by default on client versions of Windows
#

---------------  T H R E A D  ---------------

Current thread (0x0000000007dc5000):  JavaThread "C2 CompilerThread2" daemon [_thread_in_native, id=1804, stack(0x0000000009340000,0x0000000009440000)]

Stack: [0x0000000009340000,0x0000000009440000]
[error occurred during error reporting (printing stack bounds), id 0xc0000005]

Native frames: (J=compiled Java code, j=interpreted, Vv=VM code, C=native code)


Current CompileTask:
C2:   7436 1953       4       com.android.dx.cf.direct.StdAttributeFactory::parse0 (532 bytes)


---------------  P R O C E S S  ---------------

Java Threads: ( => current thread )
  0x0000000007e5b800 JavaThread "Service Thread" daemon [_thread_blocked, id=10952, stack(0x0000000009540000,0x0000000009640000)]
  0x0000000007dcd000 JavaThread "C1 CompilerThread3" daemon [_thread_blocked, id=9724, stack(0x0000000009440000,0x0000000009540000)]
=>0x0000000007dc5000 JavaThread "C2 CompilerThread2" daemon [_thread_in_native, id=1804, stack(0x0000000009340000,0x0000000009440000)]
  0x0000000007dbc800 JavaThread "C2 CompilerThread1" daemon [_thread_in_native, id=8564, stack(0x0000000009240000,0x0000000009340000)]
  0x0000000007db2800 JavaThread "C2 CompilerThread0" daemon [_thread_blocked, id=12272, stack(0x0000000009140000,0x0000000009240000)]
  0x0000000007db1800 JavaThread "Attach Listener" daemon [_thread_blocked, id=4320, stack(0x0000000009040000,0x0000000009140000)]
  0x0000000007db0800 JavaThread "Signal Dispatcher" daemon [_thread_blocked, id=6568, stack(0x0000000008f40000,0x0000000009040000)]
  0x0000000007d68000 JavaThread "Finalizer" daemon [_thread_blocked, id=4500, stack(0x0000000008ca0000,0x0000000008da0000)]
  0x0000000007d36000 JavaThread "Reference Handler" daemon [_thread_blocked, id=14824, stack(0x0000000008ba0000,0x0000000008ca0000)]
  0x0000000002db7800 JavaThread "main" [_thread_in_Java, id=15348, stack(0x0000000002cb0000,0x0000000002db0000)]

Other Threads:
  0x00000000069d2800 VMThread [stack: 0x0000000008aa0000,0x0000000008ba0000] [id=14420]
  0x0000000007e6b800 WatcherThread [stack: 0x0000000009640000,0x0000000009740000] [id=15116]

VM state:not at safepoint (normal execution)

VM Mutex/Monitor currently owned by a thread: None

Heap:
 PSYoungGen      total 71680K, used 58149K [0x00000000eab00000, 0x00000000f3700000, 0x0000000100000000)
  eden space 66560K, 79% used [0x00000000eab00000,0x00000000edecb8d0,0x00000000eec00000)
  from space 5120K, 99% used [0x00000000eec00000,0x00000000ef0fdce0,0x00000000ef100000)
  to   space 5120K, 0% used [0x00000000f3200000,0x00000000f3200000,0x00000000f3700000)
 ParOldGen       total 87552K, used 17169K [0x00000000c0000000, 0x00000000c5580000, 0x00000000eab00000)
  object space 87552K, 19% used [0x00000000c0000000,0x00000000c10c4558,0x00000000c5580000)
 Metaspace       used 6056K, capacity 7088K, committed 7296K, reserved 1056768K
  class space    used 587K, capacity 616K, committed 640K, reserved 1048576K

Card table byte_map: [0x0000000003270000,0x0000000003480000] byte_map_base: 0x0000000002c70000

Marking Bits: (ParMarkBitMap*) 0x000000006bad64f0
 Begin Bits: [0x0000000003de0000, 0x0000000004de0000)
 End Bits:   [0x0000000004de0000, 0x0000000005de0000)

Polling page: 0x0000000002b70000

CodeCache: size=245760Kb used=9382Kb max_used=9395Kb free=236377Kb
 bounds [0x000000000f010000, 0x000000000f950000, 0x000000001e010000]
 total_blobs=2201 nmethods=1936 adapters=178
 compilation: enabled

Compilation events (10 events):
Event: 7.396 Thread 0x0000000007dc5000 1949       4       com.android.dx.rop.type.Prototype::getParameterFrameTypes (96 bytes)
Event: 7.399 Thread 0x0000000007dcd000 1950       3       com.android.dx.rop.type.Type::getComponentType (70 bytes)
Event: 7.400 Thread 0x0000000007dcd000 nmethod 1950 0x000000000f93bc50 code [0x000000000f93be60, 0x000000000f93c988]
Event: 7.402 Thread 0x0000000007dbc800 1951   !   4       com.android.dx.cf.direct.AttributeListParser::parse (323 bytes)
Event: 7.404 Thread 0x0000000007dc5000 nmethod 1949 0x000000000f93e350 code [0x000000000f93e4c0, 0x000000000f93e818]
Event: 7.408 Thread 0x0000000007dbc800 nmethod 1951 0x000000000f9422d0 code [0x000000000f942440, 0x000000000f942808]
Event: 7.409 Thread 0x0000000007db2800 1952   !   4       com.android.dx.cf.direct.AttributeFactory::parse (248 bytes)
Event: 7.409 Thread 0x0000000007dc5000 1953       4       com.android.dx.cf.direct.StdAttributeFactory::parse0 (532 bytes)
Event: 7.417 Thread 0x0000000007db2800 nmethod 1952 0x000000000f943590 code [0x000000000f943720, 0x000000000f943fb8]
Event: 7.419 Thread 0x0000000007dbc800 1954       4       com.android.dx.ssa.back.FirstFitLocalCombiningAllocator::canMapRegs (60 bytes)

GC Heap History (6 events):
Event: 1.496 GC heap before
{Heap before GC invocations=1 (full 0):
 PSYoungGen      total 38400K, used 33280K [0x00000000eab00000, 0x00000000ed580000, 0x0000000100000000)
  eden space 33280K, 100% used [0x00000000eab00000,0x00000000ecb80000,0x00000000ecb80000)
  from space 5120K, 0% used [0x00000000ed080000,0x00000000ed080000,0x00000000ed580000)
  to   space 5120K, 0% used [0x00000000ecb80000,0x00000000ecb80000,0x00000000ed080000)
 ParOldGen       total 87552K, used 0K [0x00000000c0000000, 0x00000000c5580000, 0x00000000eab00000)
  object space 87552K, 0% used [0x00000000c0000000,0x00000000c0000000,0x00000000c5580000)
 Metaspace       used 5799K, capacity 6960K, committed 7040K, reserved 1056768K
  class space    used 566K, capacity 616K, committed 640K, reserved 1048576K
Event: 1.526 GC heap after
Heap after GC invocations=1 (full 0):
 PSYoungGen      total 38400K, used 5106K [0x00000000eab00000, 0x00000000ef600000, 0x0000000100000000)
  eden space 33280K, 0% used [0x00000000eab00000,0x00000000eab00000,0x00000000ecb80000)
  from space 5120K, 99% used [0x00000000ecb80000,0x00000000ed07c828,0x00000000ed080000)
  to   space 5120K, 0% used [0x00000000ef100000,0x00000000ef100000,0x00000000ef600000)
 ParOldGen       total 87552K, used 1711K [0x00000000c0000000, 0x00000000c5580000, 0x00000000eab00000)
  object space 87552K, 1% used [0x00000000c0000000,0x00000000c01abd30,0x00000000c5580000)
 Metaspace       used 5799K, capacity 6960K, committed 7040K, reserved 1056768K
  class space    used 566K, capacity 616K, committed 640K, reserved 1048576K
}
Event: 3.205 GC heap before
{Heap before GC invocations=2 (full 0):
 PSYoungGen      total 38400K, used 38386K [0x00000000eab00000, 0x00000000ef600000, 0x0000000100000000)
  eden space 33280K, 100% used [0x00000000eab00000,0x00000000ecb80000,0x00000000ecb80000)
  from space 5120K, 99% used [0x00000000ecb80000,0x00000000ed07c828,0x00000000ed080000)
  to   space 5120K, 0% used [0x00000000ef100000,0x00000000ef100000,0x00000000ef600000)
 ParOldGen       total 87552K, used 1711K [0x00000000c0000000, 0x00000000c5580000, 0x00000000eab00000)
  object space 87552K, 1% used [0x00000000c0000000,0x00000000c01abd30,0x00000000c5580000)
 Metaspace       used 5895K, capacity 7088K, committed 7296K, reserved 1056768K
  class space    used 567K, capacity 616K, committed 640K, reserved 1048576K
Event: 3.224 GC heap after
Heap after GC invocations=2 (full 0):
 PSYoungGen      total 71680K, used 5088K [0x00000000eab00000, 0x00000000ef600000, 0x0000000100000000)
  eden space 66560K, 0% used [0x00000000eab00000,0x00000000eab00000,0x00000000eec00000)
  from space 5120K, 99% used [0x00000000ef100000,0x00000000ef5f8368,0x00000000ef600000)
  to   space 5120K, 0% used [0x00000000eec00000,0x00000000eec00000,0x00000000ef100000)
 ParOldGen       total 87552K, used 7160K [0x00000000c0000000, 0x00000000c5580000, 0x00000000eab00000)
  object space 87552K, 8% used [0x00000000c0000000,0x00000000c06fe0d0,0x00000000c5580000)
 Metaspace       used 5895K, capacity 7088K, committed 7296K, reserved 1056768K
  class space    used 567K, capacity 616K, committed 640K, reserved 1048576K
}
Event: 5.858 GC heap before
{Heap before GC invocations=3 (full 0):
 PSYoungGen      total 71680K, used 71648K [0x00000000eab00000, 0x00000000ef600000, 0x0000000100000000)
  eden space 66560K, 100% used [0x00000000eab00000,0x00000000eec00000,0x00000000eec00000)
  from space 5120K, 99% used [0x00000000ef100000,0x00000000ef5f8368,0x00000000ef600000)
  to   space 5120K, 0% used [0x00000000eec00000,0x00000000eec00000,0x00000000ef100000)
 ParOldGen       total 87552K, used 7160K [0x00000000c0000000, 0x00000000c5580000, 0x00000000eab00000)
  object space 87552K, 8% used [0x00000000c0000000,0x00000000c06fe0d0,0x00000000c5580000)
 Metaspace       used 6041K, capacity 7088K, committed 7296K, reserved 1056768K
  class space    used 587K, capacity 616K, committed 640K, reserved 1048576K
Event: 6.224 GC heap after
Heap after GC invocations=3 (full 0):
 PSYoungGen      total 71680K, used 5111K [0x00000000eab00000, 0x00000000f3700000, 0x0000000100000000)
  eden space 66560K, 0% used [0x00000000eab00000,0x00000000eab00000,0x00000000eec00000)
  from space 5120K, 99% used [0x00000000eec00000,0x00000000ef0fdce0,0x00000000ef100000)
  to   space 5120K, 0% used [0x00000000f3200000,0x00000000f3200000,0x00000000f3700000)
 ParOldGen       total 87552K, used 17169K [0x00000000c0000000, 0x00000000c5580000, 0x00000000eab00000)
  object space 87552K, 19% used [0x00000000c0000000,0x00000000c10c4558,0x00000000c5580000)
 Metaspace       used 6041K, capacity 7088K, committed 7296K, reserved 1056768K
  class space    used 587K, capacity 616K, committed 640K, reserved 1048576K
}

Deoptimization events (10 events):
Event: 6.659 Thread 0x0000000002db7800 Uncommon trap: reason=class_check action=maybe_recompile pc=0x000000000f6c7874 method=com.android.dx.cf.code.RopperMachine.run(Lcom/android/dx/cf/code/Frame;II)V @ 310
Event: 6.668 Thread 0x0000000002db7800 Uncommon trap: reason=unstable_if action=reinterpret pc=0x000000000f5c3d00 method=com.android.dx.ssa.SCCP.simulateStmt(Lcom/android/dx/ssa/SsaInsn;)V @ 59
Event: 6.683 Thread 0x0000000002db7800 Uncommon trap: reason=unstable_if action=reinterpret pc=0x000000000f8b5a94 method=com.android.dx.ssa.InterferenceRegisterMapper.interferes(III)Z @ 69
Event: 6.683 Thread 0x0000000002db7800 Uncommon trap: reason=unstable_if action=reinterpret pc=0x000000000f7133b0 method=com.android.dx.ssa.InterferenceRegisterMapper.interferes(III)Z @ 69
Event: 6.684 Thread 0x0000000002db7800 Uncommon trap: reason=unstable_if action=reinterpret pc=0x000000000f4e7cac method=java.util.HashMap.putVal(ILjava/lang/Object;Ljava/lang/Object;ZZ)Ljava/lang/Object; @ 162
Event: 7.094 Thread 0x0000000002db7800 Uncommon trap: reason=unstable_if action=reinterpret pc=0x000000000f8e164c method=java.util.HashMap.putVal(ILjava/lang/Object;Ljava/lang/Object;ZZ)Ljava/lang/Object; @ 206
Event: 7.101 Thread 0x0000000002db7800 Uncommon trap: reason=unstable_if action=reinterpret pc=0x000000000f84ad60 method=com.android.dx.ssa.back.FirstFitLocalCombiningAllocator.findNextUnreservedRopReg(IILcom/android/dx/ssa/back/FirstFitLocalCombiningAllocator$Alignment;)I @ 32
Event: 7.282 Thread 0x0000000002db7800 Uncommon trap: reason=unstable_if action=reinterpret pc=0x000000000f75183c method=com.android.dx.cf.code.Ropper.isSynchronized()Z @ 12
Event: 7.283 Thread 0x0000000002db7800 Uncommon trap: reason=unstable_if action=reinterpret pc=0x000000000f55700c method=com.android.dx.ssa.MoveParamCombiner$1.visitNonMoveInsn(Lcom/android/dx/ssa/NormalSsaInsn;)V @ 27
Event: 7.362 Thread 0x0000000002db7800 Uncommon trap: reason=bimorphic action=maybe_recompile pc=0x000000000f65c8bc method=com.android.dx.ssa.SCCP.simulatePhi(Lcom/android/dx/ssa/PhiInsn;)V @ 124

Internal exceptions (6 events):
Event: 0.047 Thread 0x0000000002db7800 Exception <a 'java/lang/NoSuchMethodError': Method sun.misc.Unsafe.defineClass(Ljava/lang/String;[BII)Ljava/lang/Class; name or signature does not match> (0x00000000eab07cc0) thrown at [D:\re\workspace\8-2-build-windows-amd64-cygwin\jdk8u92\6642\hotspot\sr5š¬É
R¨?
Event: 0.048 Thread 0x0000000002db7800 Exception <a 'java/lang/NoSuchMethodError': Method sun.misc.Unsafe.prefetchRead(Ljava/lang/Object;J)V name or signature does not match> (0x00000000eab07fa8) thrown at [D:\re\workspace\8-2-build-windows-amd64-cygwin\jdk8u92\6642\hotspot\src\share\vm\prims\jM(5J«óø?
Event: 1.559 Thread 0x0000000002db7800 Implicit null exception at 0x000000000f4fba22 to 0x000000000f4fbb12
Event: 5.827 Thread 0x0000000002db7800 Exception <a 'java/lang/ArrayIndexOutOfBoundsException': 18> (0x00000000eea65168) thrown at [D:\re\workspace\8-2-build-windows-amd64-cygwin\jdk8u92\6642\hotspot\src\share\vm\interpreter\interpreterRuntime.cpp, line 366]
Event: 5.828 Thread 0x0000000002db7800 Exception <a 'java/lang/ArrayIndexOutOfBoundsException': 145> (0x00000000eea66ce8) thrown at [D:\re\workspace\8-2-build-windows-amd64-cygwin\jdk8u92\6642\hotspot\src\share\vm\interpreter\interpreterRuntime.cpp, line 366]
Event: 5.829 Thread 0x0000000002db7800 Exception <a 'java/lang/ArrayIndexOutOfBoundsException'> (0x00000000eea67fd0) thrown at [D:\re\workspace\8-2-build-windows-amd64-cygwin\jdk8u92\6642\hotspot\src\share\vm\runtime\sharedRuntime.cpp, line 605]

Events (10 events):
Event: 7.282 Thread 0x0000000002db7800 DEOPT PACKING pc=0x000000000f75183c sp=0x0000000002dae980
Event: 7.282 Thread 0x0000000002db7800 DEOPT UNPACKING pc=0x000000000f05582a sp=0x0000000002dae8e8 mode 2
Event: 7.283 Thread 0x0000000002db7800 Uncommon trap: trap_request=0xffffff65 fr.pc=0x000000000f55700c
Event: 7.283 Thread 0x0000000002db7800 DEOPT PACKING pc=0x000000000f55700c sp=0x0000000002dae890
Event: 7.283 Thread 0x0000000002db7800 DEOPT UNPACKING pc=0x000000000f05582a sp=0x0000000002dae7e8 mode 2
Event: 7.362 Thread 0x0000000002db7800 Uncommon trap: trap_request=0xffffffc6 fr.pc=0x000000000f65c8bc
Event: 7.362 Thread 0x0000000002db7800 DEOPT PACKING pc=0x000000000f65c8bc sp=0x0000000002dae8d0
Event: 7.362 Thread 0x0000000002db7800 DEOPT UNPACKING pc=0x000000000f05582a sp=0x0000000002dae858 mode 2
Event: 7.408 loading class com/android/dx/cf/iface/ParseObserver
Event: 7.408 loading class com/android/dx/cf/iface/ParseObserver done


Dynamic libraries:
0x00007ff647010000 - 0x00007ff647047000 	C:\Program Files\Java\jdk1.8.0_92\bin\java.exe
0x00007ffbb7ee0000 - 0x00007ffbb80a1000 	C:\WINDOWS\SYSTEM32\ntdll.dll
0x00007ffbb7410000 - 0x00007ffbb74bd000 	C:\WINDOWS\system32\KERNEL32.DLL
0x00007ffbb4a80000 - 0x00007ffbb4c68000 	C:\WINDOWS\system32\KERNELBASE.dll
0x000000006c5d0000 - 0x000000006c67e000 	C:\Program Files\Bitdefender\Bitdefender 2016\Active Virus Control\Avc3_00369_042\avcuf64.dll
0x00007ffbb2c80000 - 0x00007ffbb2cf9000 	C:\WINDOWS\system32\apphelp.dll
0x00007ffb8edf0000 - 0x00007ffb8f273000 	C:\WINDOWS\AppPatch\AppPatch64\AcLayers.DLL
0x00007ffbb7e40000 - 0x00007ffbb7edd000 	C:\WINDOWS\system32\msvcrt.dll
0x00007ffbb5be0000 - 0x00007ffbb5d36000 	C:\WINDOWS\system32\USER32.dll
0x00007ffbb5a10000 - 0x00007ffbb5b96000 	C:\WINDOWS\system32\GDI32.dll
0x00007ffbb5340000 - 0x00007ffbb5392000 	C:\WINDOWS\system32\SHLWAPI.dll
0x00007ffbb5640000 - 0x00007ffbb58bd000 	C:\WINDOWS\system32\combase.dll
0x00007ffbb74c0000 - 0x00007ffbb75dc000 	C:\WINDOWS\system32\RPCRT4.dll
0x00007ffbb4950000 - 0x00007ffbb49ba000 	C:\WINDOWS\system32\bcryptPrimitives.dll
0x0000000000be0000 - 0x0000000000be3000 	C:\WINDOWS\SYSTEM32\sfc.dll
0x00007ffbaf530000 - 0x00007ffbaf5b4000 	C:\WINDOWS\SYSTEM32\WINSPOOL.DRV
0x00007ffbb40e0000 - 0x00007ffbb4109000 	C:\WINDOWS\SYSTEM32\bcrypt.dll
0x00007ffb9b580000 - 0x00007ffb9b591000 	C:\WINDOWS\SYSTEM32\sfc_os.DLL
0x00007ffbab260000 - 0x00007ffbab271000 	C:\WINDOWS\SYSTEM32\SortWindows61.dll
0x00007ffbb5ba0000 - 0x00007ffbb5bdb000 	C:\WINDOWS\system32\IMM32.DLL
0x00007ffbb3740000 - 0x00007ffbb3771000 	C:\Windows\system32\nvinitx.dll
0x00007ffbb7960000 - 0x00007ffbb7a07000 	C:\WINDOWS\system32\ADVAPI32.dll
0x00007ffbb52c0000 - 0x00007ffbb531b000 	C:\WINDOWS\system32\sechost.dll
0x00007ffbb3730000 - 0x00007ffbb373a000 	C:\WINDOWS\SYSTEM32\VERSION.dll
0x000000000f000000 - 0x000000000f006000 	C:\Program Files\NVIDIA Corporation\CoProcManager\_etoured.dll
0x00007ffbb0c70000 - 0x00007ffbb0ca3000 	C:\Program Files\NVIDIA Corporation\CoProcManager\nvd3d9wrapx.dll
0x00007ffbb7a10000 - 0x00007ffbb7e39000 	C:\WINDOWS\system32\SETUPAPI.dll
0x00007ffbb4740000 - 0x00007ffbb4783000 	C:\WINDOWS\system32\CFGMGR32.dll
0x00007ffbb2ab0000 - 0x00007ffbb2ad2000 	C:\Program Files\NVIDIA Corporation\CoProcManager\nvdxgiwrapx.dll
0x00007ffbafb40000 - 0x00007ffbafdb4000 	C:\WINDOWS\WinSxS\amd64_microsoft.windows.common-controls_6595b64144ccf1df_6.0.10586.494_none_a2d8b04ea53e3145\COMCTL32.dll
0x000000006ae60000 - 0x000000006af32000 	C:\Program Files\Java\jdk1.8.0_92\jre\bin\msvcr100.dll
0x000000006b2c0000 - 0x000000006bb56000 	C:\Program Files\Java\jdk1.8.0_92\jre\bin\server\jvm.dll
0x00007ffbb5930000 - 0x00007ffbb5938000 	C:\WINDOWS\system32\PSAPI.DLL
0x00007ffba8e80000 - 0x00007ffba8e89000 	C:\WINDOWS\SYSTEM32\WSOCK32.dll
0x00007ffbb7640000 - 0x00007ffbb76ab000 	C:\WINDOWS\system32\WS2_32.dll
0x00007ffbb2a80000 - 0x00007ffbb2aa3000 	C:\WINDOWS\SYSTEM32\WINMM.dll
0x00007ffbb2a50000 - 0x00007ffbb2a7c000 	C:\WINDOWS\SYSTEM32\WINMMBASE.dll
0x000000006bbd0000 - 0x000000006bbdf000 	C:\Program Files\Java\jdk1.8.0_92\jre\bin\verify.dll
0x000000006b290000 - 0x000000006b2b9000 	C:\Program Files\Java\jdk1.8.0_92\jre\bin\java.dll
0x000000006bbb0000 - 0x000000006bbc6000 	C:\Program Files\Java\jdk1.8.0_92\jre\bin\zip.dll
0x00007ffbb5d40000 - 0x00007ffbb729c000 	C:\WINDOWS\system32\SHELL32.dll
0x00007ffbb4c70000 - 0x00007ffbb52b5000 	C:\WINDOWS\system32\windows.storage.dll
0x00007ffbb4510000 - 0x00007ffbb451f000 	C:\WINDOWS\system32\kernel.appcore.dll
0x0000000008e80000 - 0x0000000008f35000 	C:\WINDOWS\system32\shcore.dll
0x00007ffbb4520000 - 0x00007ffbb456b000 	C:\WINDOWS\system32\powrprof.dll
0x00007ffbb44e0000 - 0x00007ffbb44f4000 	C:\WINDOWS\system32\profapi.dll

VM Arguments:
jvm_args: -Djava.awt.headless=true -Xmx1024M -Dfile.encoding=windows-1252 -Duser.country=US -Duser.language=en -Duser.variant 
java_command: com.android.dx.command.Main --dex --force-jumbo --multi-dex --output C:\Users\kikkos\AndroidStudioProjects\Udacity\myMovieNews\app\build\intermediates\transforms\dex\debug\folders\1000\10\com.android.support-appcompat-v7-23.4.0_79060633439ba59bdc9d0f1ad834ca108afa4858 C:\Users\kikkos\AndroidStudioProjects\Udacity\myMovieNews\app\build\intermediates\exploded-aar\com.android.support\appcompat-v7\23.4.0\jars\classes.jar
java_class_path (initial): C:\Users\kikkos\AppData\Local\Android\sdk\build-tools\22.0.1\lib\dx.jar
Launcher Type: SUN_STANDARD

Environment Variables:
JAVA_HOME=C:\Program Files\Java\jdk1.8.0_92
PATH=C:\Program Files (x86)\Intel\iCLS Client\;C:\Program Files\Intel\iCLS Client\;C:\ProgramData\Oracle\Java\javapath;C:\Program Files\ImageMagick-6.8.9-Q16;C:\WINDOWS\system32;C:\WINDOWS;C:\WINDOWS\System32\Wbem;C:\Program Files\Lenovo\Bluetooth Software\;C:\Program Files\Lenovo\Bluetooth Software\syswow64;C:\Program Files\Intel\WiFi\bin\;C:\Program Files\Common Files\Intel\WirelessCommon\;C:\Program Files\Microsoft\Web Platform Installer\;C:\WINDOWS\System32\WindowsPowerShell\v1.0\;C:\Program Files\Microsoft SQL Server\110\Tools\Binn\;C:\Program Files\Sublime Text 2;C:\Program Files (x86)\Heroku\bin;C:\Program Files\Intel\Intel(R) Management Engine Components\DAL;C:\Program Files\Intel\Intel(R) Management Engine Components\IPT;C:\Program Files (x86)\Intel\Intel(R) Management Engine Components\DAL;C:\Program Files (x86)\Intel\Intel(R) Management Engine Components\IPT;C:\Program Files (x86)\NVIDIA Corporation\PhysX\Common;C:\WINDOWS\system32;C:\WINDOWS;C:\WINDOWS\System32\Wbem;C:\WINDOWS\System32\WindowsPowerShell\v1.0\;C:\Program Files (x86)\Skype\Phone\;C:\Ruby23-x64\bin;C:\Program Files (x86)\MySQL\MySQL Fabric 1.5 & MySQL Utilities 1.5\;C:\Program Files (x86)\MySQL\MySQL Fabric 1.5 & MySQL Utilities 1.5\Doctrine extensions for PHP\;C:\Program Files\MySQL\MySQL Server 5.7\bin;C:\RailsInstaller\Ruby2.2.0\bin;C:\Users\kikkos\AppData\Local\GitHub\PortableGit_d76a6a98c9315931ec4927243517bc09e9b731a0\cmd;C:\Ruby22-x64\bin;C:\Program Files (x86)\Heroku\ruby-1.9.3\bin;C:\Program Files\Intel\WiFi\bin\;C:\Program Files\Common Files\Intel\WirelessCommon\;C:\Program Files\MongoDB\Server\3.2\bin;C:\sqlite
USERNAME=kikkos
OS=Windows_NT
PROCESSOR_IDENTIFIER=Intel64 Family 6 Model 42 Stepping 7, GenuineIntel



---------------  S Y S T E M  ---------------

OS: Windows 10.0 , 64 bit Build 10586 (10.0.10586.0)

CPU:total 8 (4 cores per cpu, 2 threads per core) family 6 model 42 stepping 7, cmov, cx8, fxsr, mmx, sse, sse2, sse3, ssse3, sse4.1, sse4.2, popcnt, avx, aes, clmul, ht, tsc, tscinvbit

Memory: 4k page, physical 8300684k(1828380k free), swap 8505484k(5168k free)

vm_info: Java HotSpot(TM) 64-Bit Server VM (25.92-b14) for windows-amd64 JRE (1.8.0_92-b14), built on Mar 31 2016 21:03:04 by "java_re" with MS VC++ 10.0 (VS2010)

time: Wed Sep 14 12:18:13 2016
elapsed time: 7 seconds (0d 0h 0m 7s)

