#
# There is insufficient memory for the Java Runtime Environment to continue.
# Native memory allocation (malloc) failed to allocate 32744 bytes for ChunkPool::allocate
# Possible reasons:
#   The system is out of physical RAM or swap space
#   In 32 bit mode, the process size limit was hit
# Possible solutions:
#   Reduce memory load on the system
#   Increase physical memory or swap space
#   Check if swap backing store is full
#   Use 64 bit Java on a 64 bit OS
#   Decrease Java heap size (-Xmx/-Xms)
#   Decrease number of Java threads
#   Decrease Java thread stack sizes (-Xss)
#   Set larger code cache with -XX:ReservedCodeCacheSize=
# This output file may be truncated or incomplete.
#
#  Out of Memory Error (allocation.cpp:273), pid=18124, tid=0x0000000000001444
#
# JRE version: Java(TM) SE Runtime Environment (8.0_92-b14) (build 1.8.0_92-b14)
# Java VM: Java HotSpot(TM) 64-Bit Server VM (25.92-b14 mixed mode windows-amd64 compressed oops)
# Failed to write core dump. Minidumps are not enabled by default on client versions of Windows
#

---------------  T H R E A D  ---------------

Current thread (0x0000000007f61000):  JavaThread "C1 CompilerThread3" daemon [_thread_in_native, id=5188, stack(0x00000000095d0000,0x00000000096d0000)]

Stack: [0x00000000095d0000,0x00000000096d0000]
[error occurred during error reporting (printing stack bounds), id 0xc0000005]

Native frames: (J=compiled Java code, j=interpreted, Vv=VM code, C=native code)


Current CompileTask:
C1:    563  520   !   3       com.android.dx.cf.code.BytecodeArray::parseInstruction (2764 bytes)


---------------  P R O C E S S  ---------------

Java Threads: ( => current thread )
  0x0000000007fc5000 JavaThread "Service Thread" daemon [_thread_blocked, id=17364, stack(0x00000000096d0000,0x00000000097d0000)]
=>0x0000000007f61000 JavaThread "C1 CompilerThread3" daemon [_thread_in_native, id=5188, stack(0x00000000095d0000,0x00000000096d0000)]
  0x0000000007f59000 JavaThread "C2 CompilerThread2" daemon [_thread_blocked, id=10040, stack(0x00000000094d0000,0x00000000095d0000)]
  0x0000000007f50800 JavaThread "C2 CompilerThread1" daemon [_thread_blocked, id=864, stack(0x00000000093d0000,0x00000000094d0000)]
  0x0000000007f42800 JavaThread "C2 CompilerThread0" daemon [_thread_blocked, id=18376, stack(0x00000000092d0000,0x00000000093d0000)]
  0x0000000007f41800 JavaThread "Attach Listener" daemon [_thread_blocked, id=16032, stack(0x00000000091d0000,0x00000000092d0000)]
  0x0000000007f40800 JavaThread "Signal Dispatcher" daemon [_thread_blocked, id=17664, stack(0x00000000090d0000,0x00000000091d0000)]
  0x0000000007ef8000 JavaThread "Finalizer" daemon [_thread_blocked, id=9964, stack(0x0000000008e30000,0x0000000008f30000)]
  0x0000000007ec6000 JavaThread "Reference Handler" daemon [_thread_blocked, id=18256, stack(0x0000000008d30000,0x0000000008e30000)]
  0x0000000002f57800 JavaThread "main" [_thread_in_Java, id=14616, stack(0x0000000002d60000,0x0000000002e60000)]

Other Threads:
  0x0000000006b72800 VMThread [stack: 0x0000000008c30000,0x0000000008d30000] [id=17332]
  0x0000000007ff8000 WatcherThread [stack: 0x00000000097d0000,0x00000000098d0000] [id=560]

VM state:not at safepoint (normal execution)

VM Mutex/Monitor currently owned by a thread: None

Heap:
 PSYoungGen      total 38400K, used 9358K [0x00000000eab00000, 0x00000000ed580000, 0x0000000100000000)
  eden space 33280K, 28% used [0x00000000eab00000,0x00000000eb423b48,0x00000000ecb80000)
  from space 5120K, 0% used [0x00000000ed080000,0x00000000ed080000,0x00000000ed580000)
  to   space 5120K, 0% used [0x00000000ecb80000,0x00000000ecb80000,0x00000000ed080000)
 ParOldGen       total 87552K, used 0K [0x00000000c0000000, 0x00000000c5580000, 0x00000000eab00000)
  object space 87552K, 0% used [0x00000000c0000000,0x00000000c0000000,0x00000000c5580000)
 Metaspace       used 5152K, capacity 6448K, committed 6528K, reserved 1056768K
  class space    used 555K, capacity 616K, committed 640K, reserved 1048576K

Card table byte_map: [0x0000000003410000,0x0000000003620000] byte_map_base: 0x0000000002e10000

Marking Bits: (ParMarkBitMap*) 0x000000006bad64f0
 Begin Bits: [0x0000000003f80000, 0x0000000004f80000)
 End Bits:   [0x0000000004f80000, 0x0000000005f80000)

Polling page: 0x0000000002e60000

CodeCache: size=245760Kb used=2025Kb max_used=2037Kb free=243734Kb
 bounds [0x000000000f010000, 0x000000000f280000, 0x000000001e010000]
 total_blobs=785 nmethods=521 adapters=177
 compilation: enabled

Compilation events (10 events):
Event: 0.538 Thread 0x0000000007f61000 nmethod 515 0x000000000f206a50 code [0x000000000f206c00, 0x000000000f2070a8]
Event: 0.538 Thread 0x0000000007f61000  517       3       com.android.dx.rop.code.InsnList::getLast (11 bytes)
Event: 0.538 Thread 0x0000000007f42800 nmethod 522 0x000000000f205250 code [0x000000000f205380, 0x000000000f205418]
Event: 0.538 Thread 0x0000000007f61000 nmethod 517 0x000000000f207f50 code [0x000000000f2080e0, 0x000000000f208588]
Event: 0.538 Thread 0x0000000007f61000  521       3       com.android.dx.cf.code.ByteOps::opInfo (6 bytes)
Event: 0.538 Thread 0x0000000007f61000 nmethod 521 0x000000000f2066d0 code [0x000000000f206820, 0x000000000f206970]
Event: 0.538 Thread 0x0000000007f61000  520   !   3       com.android.dx.cf.code.BytecodeArray::parseInstruction (2764 bytes)
Event: 0.548 Thread 0x0000000007f50800  535       4       java.util.BitSet::get (69 bytes)
Event: 0.550 Thread 0x0000000007f50800 nmethod 535 0x000000000f1fd7d0 code [0x000000000f1fd900, 0x000000000f1fd9d8]
Event: 0.561 Thread 0x0000000007f59000  537       4       com.android.dx.util.ByteArray::checkOffsets (66 bytes)

GC Heap History (0 events):
No events

Deoptimization events (1 events):
Event: 0.517 Thread 0x0000000002f57800 Uncommon trap: reason=unstable_if action=reinterpret pc=0x000000000f1ec55c method=java.util.HashMap.getNode(ILjava/lang/Object;)Ljava/util/HashMap$Node; @ 129

Internal exceptions (2 events):
Event: 0.046 Thread 0x0000000002f57800 Exception <a 'java/lang/NoSuchMethodError': Method sun.misc.Unsafe.defineClass(Ljava/lang/String;[BII)Ljava/lang/Class; name or signature does not match> (0x00000000eab07cc0) thrown at [D:\re\workspace\8-2-build-windows-amd64-cygwin\jdk8u92\6642\hotspot\sr…ƒeöp§?
Event: 0.046 Thread 0x0000000002f57800 Exception <a 'java/lang/NoSuchMethodError': Method sun.misc.Unsafe.prefetchRead(Ljava/lang/Object;J)V name or signature does not match> (0x00000000eab07fa8) thrown at [D:\re\workspace\8-2-build-windows-amd64-cygwin\jdk8u92\6642\hotspot\src\share\vm\prims\j

Events (10 events):
Event: 0.476 loading class java/util/HashMap$ValueIterator done
Event: 0.483 loading class com/android/dx/ssa/back/FirstFitLocalCombiningAllocator$Multiset
Event: 0.483 loading class com/android/dx/ssa/back/FirstFitLocalCombiningAllocator$Multiset done
Event: 0.517 Thread 0x0000000002f57800 Uncommon trap: trap_request=0xffffff65 fr.pc=0x000000000f1ec55c
Event: 0.517 Thread 0x0000000002f57800 DEOPT PACKING pc=0x000000000f1ec55c sp=0x0000000002e5e3d0
Event: 0.517 Thread 0x0000000002f57800 DEOPT UNPACKING pc=0x000000000f05582a sp=0x0000000002e5e348 mode 2
Event: 0.539 loading class java/util/DualPivotQuicksort
Event: 0.539 loading class java/util/DualPivotQuicksort done
Event: 0.551 loading class com/android/dx/dex/file/MethodAnnotationStruct
Event: 0.551 loading class com/android/dx/dex/file/MethodAnnotationStruct done


Dynamic libraries:
0x00007ff647010000 - 0x00007ff647047000 	C:\Program Files\Java\jdk1.8.0_92\bin\java.exe
0x00007ffbb7ee0000 - 0x00007ffbb80a1000 	C:\WINDOWS\SYSTEM32\ntdll.dll
0x00007ffbb7410000 - 0x00007ffbb74bd000 	C:\WINDOWS\system32\KERNEL32.DLL
0x00007ffbb4a80000 - 0x00007ffbb4c68000 	C:\WINDOWS\system32\KERNELBASE.dll
0x000000006c5d0000 - 0x000000006c67e000 	C:\Program Files\Bitdefender\Bitdefender 2016\Active Virus Control\Avc3_00369_042\avcuf64.dll
0x00007ffbb2c80000 - 0x00007ffbb2cf9000 	C:\WINDOWS\system32\apphelp.dll
0x00007ffb86070000 - 0x00007ffb864f3000 	C:\WINDOWS\AppPatch\AppPatch64\AcLayers.DLL
0x00007ffbb7e40000 - 0x00007ffbb7edd000 	C:\WINDOWS\system32\msvcrt.dll
0x00007ffbb5be0000 - 0x00007ffbb5d36000 	C:\WINDOWS\system32\USER32.dll
0x00007ffbb5a10000 - 0x00007ffbb5b96000 	C:\WINDOWS\system32\GDI32.dll
0x00007ffbb5340000 - 0x00007ffbb5392000 	C:\WINDOWS\system32\SHLWAPI.dll
0x00007ffbb5640000 - 0x00007ffbb58bd000 	C:\WINDOWS\system32\combase.dll
0x00007ffbb74c0000 - 0x00007ffbb75dc000 	C:\WINDOWS\system32\RPCRT4.dll
0x00007ffbb4950000 - 0x00007ffbb49ba000 	C:\WINDOWS\system32\bcryptPrimitives.dll
0x0000000001140000 - 0x0000000001143000 	C:\WINDOWS\SYSTEM32\sfc.dll
0x00007ffbaf530000 - 0x00007ffbaf5b4000 	C:\WINDOWS\SYSTEM32\WINSPOOL.DRV
0x00007ffbb40e0000 - 0x00007ffbb4109000 	C:\WINDOWS\SYSTEM32\bcrypt.dll
0x00007ffb9b580000 - 0x00007ffb9b591000 	C:\WINDOWS\SYSTEM32\sfc_os.DLL
0x00007ffbaadd0000 - 0x00007ffbaade1000 	C:\WINDOWS\SYSTEM32\SortWindows61.dll
0x00007ffbb5ba0000 - 0x00007ffbb5bdb000 	C:\WINDOWS\system32\IMM32.DLL
0x00007ffbb3740000 - 0x00007ffbb3771000 	C:\Windows\system32\nvinitx.dll
0x00007ffbb7960000 - 0x00007ffbb7a07000 	C:\WINDOWS\system32\ADVAPI32.dll
0x00007ffbb52c0000 - 0x00007ffbb531b000 	C:\WINDOWS\system32\sechost.dll
0x00007ffbb3730000 - 0x00007ffbb373a000 	C:\WINDOWS\SYSTEM32\VERSION.dll
0x000000000f000000 - 0x000000000f006000 	C:\Program Files\NVIDIA Corporation\CoProcManager\_etoured.dll
0x00007ffbb0c70000 - 0x00007ffbb0ca3000 	C:\Program Files\NVIDIA Corporation\CoProcManager\nvd3d9wrapx.dll
0x00007ffbb7a10000 - 0x00007ffbb7e39000 	C:\WINDOWS\system32\SETUPAPI.dll
0x00007ffbb4740000 - 0x00007ffbb4783000 	C:\WINDOWS\system32\CFGMGR32.dll
0x00007ffbb2ab0000 - 0x00007ffbb2ad2000 	C:\Program Files\NVIDIA Corporation\CoProcManager\nvdxgiwrapx.dll
0x00007ffbafb40000 - 0x00007ffbafdb4000 	C:\WINDOWS\WinSxS\amd64_microsoft.windows.common-controls_6595b64144ccf1df_6.0.10586.494_none_a2d8b04ea53e3145\COMCTL32.dll
0x000000006bcc0000 - 0x000000006bd92000 	C:\Program Files\Java\jdk1.8.0_92\jre\bin\msvcr100.dll
0x000000006b2c0000 - 0x000000006bb56000 	C:\Program Files\Java\jdk1.8.0_92\jre\bin\server\jvm.dll
0x00007ffbb5930000 - 0x00007ffbb5938000 	C:\WINDOWS\system32\PSAPI.DLL
0x00007ffba8e80000 - 0x00007ffba8e89000 	C:\WINDOWS\SYSTEM32\WSOCK32.dll
0x00007ffbb7640000 - 0x00007ffbb76ab000 	C:\WINDOWS\system32\WS2_32.dll
0x00007ffbb2a80000 - 0x00007ffbb2aa3000 	C:\WINDOWS\SYSTEM32\WINMM.dll
0x00007ffbb2a50000 - 0x00007ffbb2a7c000 	C:\WINDOWS\SYSTEM32\WINMMBASE.dll
0x000000006c140000 - 0x000000006c14f000 	C:\Program Files\Java\jdk1.8.0_92\jre\bin\verify.dll
0x000000006c110000 - 0x000000006c139000 	C:\Program Files\Java\jdk1.8.0_92\jre\bin\java.dll
0x000000006c0f0000 - 0x000000006c106000 	C:\Program Files\Java\jdk1.8.0_92\jre\bin\zip.dll
0x00007ffbb5d40000 - 0x00007ffbb729c000 	C:\WINDOWS\system32\SHELL32.dll
0x00007ffbb4c70000 - 0x00007ffbb52b5000 	C:\WINDOWS\system32\windows.storage.dll
0x00007ffbb4510000 - 0x00007ffbb451f000 	C:\WINDOWS\system32\kernel.appcore.dll
0x0000000009010000 - 0x00000000090c5000 	C:\WINDOWS\system32\shcore.dll
0x00007ffbb4520000 - 0x00007ffbb456b000 	C:\WINDOWS\system32\powrprof.dll
0x00007ffbb44e0000 - 0x00007ffbb44f4000 	C:\WINDOWS\system32\profapi.dll

VM Arguments:
jvm_args: -Djava.awt.headless=true -Xmx1024M -Dfile.encoding=windows-1252 -Duser.country=US -Duser.language=en -Duser.variant 
java_command: com.android.dx.command.Main --dex --force-jumbo --multi-dex --output C:\Users\kikkos\AndroidStudioProjects\Udacity\myMovieNews\app\build\intermediates\transforms\dex\debug\folders\1000\10\com.android.support-support-vector-drawable-23.4.0_b0914e2ba988f8aa761ab671f35cf5b5918b1edb C:\Users\kikkos\AndroidStudioProjects\Udacity\myMovieNews\app\build\intermediates\exploded-aar\com.android.support\support-vector-drawable\23.4.0\jars\classes.jar
java_class_path (initial): C:\Users\kikkos\AppData\Local\Android\sdk\build-tools\22.0.1\lib\dx.jar
Launcher Type: SUN_STANDARD

Environment Variables:
JAVA_HOME=C:\Program Files\Java\jdk1.8.0_92
PATH=C:\Program Files (x86)\Intel\iCLS Client\;C:\Program Files\Intel\iCLS Client\;C:\ProgramData\Oracle\Java\javapath;C:\Program Files\ImageMagick-6.8.9-Q16;C:\WINDOWS\system32;C:\WINDOWS;C:\WINDOWS\System32\Wbem;C:\Program Files\Lenovo\Bluetooth Software\;C:\Program Files\Lenovo\Bluetooth Software\syswow64;C:\Program Files\Intel\WiFi\bin\;C:\Program Files\Common Files\Intel\WirelessCommon\;C:\Program Files\Microsoft\Web Platform Installer\;C:\WINDOWS\System32\WindowsPowerShell\v1.0\;C:\Program Files\Microsoft SQL Server\110\Tools\Binn\;C:\Program Files\Sublime Text 2;C:\Program Files (x86)\Heroku\bin;C:\Program Files\Intel\Intel(R) Management Engine Components\DAL;C:\Program Files\Intel\Intel(R) Management Engine Components\IPT;C:\Program Files (x86)\Intel\Intel(R) Management Engine Components\DAL;C:\Program Files (x86)\Intel\Intel(R) Management Engine Components\IPT;C:\Program Files (x86)\NVIDIA Corporation\PhysX\Common;C:\WINDOWS\system32;C:\WINDOWS;C:\WINDOWS\System32\Wbem;C:\WINDOWS\System32\WindowsPowerShell\v1.0\;C:\Program Files (x86)\Skype\Phone\;C:\Ruby23-x64\bin;C:\Program Files (x86)\MySQL\MySQL Fabric 1.5 & MySQL Utilities 1.5\;C:\Program Files (x86)\MySQL\MySQL Fabric 1.5 & MySQL Utilities 1.5\Doctrine extensions for PHP\;C:\Program Files\MySQL\MySQL Server 5.7\bin;C:\RailsInstaller\Ruby2.2.0\bin;C:\Users\kikkos\AppData\Local\GitHub\PortableGit_d76a6a98c9315931ec4927243517bc09e9b731a0\cmd;C:\Ruby22-x64\bin;C:\Program Files (x86)\Heroku\ruby-1.9.3\bin;C:\Program Files\Intel\WiFi\bin\;C:\Program Files\Common Files\Intel\WirelessCommon\;C:\Program Files\MongoDB\Server\3.2\bin;C:\sqlite
USERNAME=kikkos
OS=Windows_NT
PROCESSOR_IDENTIFIER=Intel64 Family 6 Model 42 Stepping 7, GenuineIntel



---------------  S Y S T E M  ---------------

OS: Windows 10.0 , 64 bit Build 10586 (10.0.10586.0)

CPU:total 8 (4 cores per cpu, 2 threads per core) family 6 model 42 stepping 7, cmov, cx8, fxsr, mmx, sse, sse2, sse3, ssse3, sse4.1, sse4.2, popcnt, avx, aes, clmul, ht, tsc, tscinvbit

Memory: 4k page, physical 8300684k(1862160k free), swap 8505484k(4132k free)

vm_info: Java HotSpot(TM) 64-Bit Server VM (25.92-b14) for windows-amd64 JRE (1.8.0_92-b14), built on Mar 31 2016 21:03:04 by "java_re" with MS VC++ 10.0 (VS2010)

time: Sat Sep 17 14:40:05 2016
elapsed time: 0 seconds (0d 0h 0m 0s)

