#
# There is insufficient memory for the Java Runtime Environment to continue.
# Native memory allocation (malloc) failed to allocate 507696 bytes for Chunk::new
# Possible reasons:
#   The system is out of physical RAM or swap space
#   In 32 bit mode, the process size limit was hit
# Possible solutions:
#   Reduce memory load on the system
#   Increase physical memory or swap space
#   Check if swap backing store is full
#   Use 64 bit Java on a 64 bit OS
#   Decrease Java heap size (-Xmx/-Xms)
#   Decrease number of Java threads
#   Decrease Java thread stack sizes (-Xss)
#   Set larger code cache with -XX:ReservedCodeCacheSize=
# This output file may be truncated or incomplete.
#
#  Out of Memory Error (allocation.cpp:390), pid=5248, tid=0x0000000000003b88
#
# JRE version: Java(TM) SE Runtime Environment (8.0_92-b14) (build 1.8.0_92-b14)
# Java VM: Java HotSpot(TM) 64-Bit Server VM (25.92-b14 mixed mode windows-amd64 compressed oops)
# Failed to write core dump. Minidumps are not enabled by default on client versions of Windows
#

---------------  T H R E A D  ---------------

Current thread (0x0000000007d28800):  JavaThread "C2 CompilerThread1" daemon [_thread_in_native, id=15240, stack(0x00000000091b0000,0x00000000092b0000)]

Stack: [0x00000000091b0000,0x00000000092b0000]
[error occurred during error reporting (printing stack bounds), id 0xc0000005]

Native frames: (J=compiled Java code, j=interpreted, Vv=VM code, C=native code)


Current CompileTask:
C2:  11254 2252   !   4       com.android.dx.cf.cst.ConstantPoolParser::parse0 (731 bytes)


---------------  P R O C E S S  ---------------

Java Threads: ( => current thread )
  0x0000000007d3b800 JavaThread "Service Thread" daemon [_thread_blocked, id=2260, stack(0x00000000094b0000,0x00000000095b0000)]
  0x0000000007d36000 JavaThread "C1 CompilerThread3" daemon [_thread_blocked, id=660, stack(0x00000000093b0000,0x00000000094b0000)]
  0x0000000007d32000 JavaThread "C2 CompilerThread2" daemon [_thread_blocked, id=2940, stack(0x00000000092b0000,0x00000000093b0000)]
=>0x0000000007d28800 JavaThread "C2 CompilerThread1" daemon [_thread_in_native, id=15240, stack(0x00000000091b0000,0x00000000092b0000)]
  0x0000000007d22800 JavaThread "C2 CompilerThread0" daemon [_thread_in_native, id=14728, stack(0x00000000090b0000,0x00000000091b0000)]
  0x0000000007d21800 JavaThread "Attach Listener" daemon [_thread_blocked, id=1420, stack(0x0000000008fb0000,0x00000000090b0000)]
  0x0000000007d20800 JavaThread "Signal Dispatcher" daemon [_thread_blocked, id=16220, stack(0x0000000008eb0000,0x0000000008fb0000)]
  0x0000000007cd1800 JavaThread "Finalizer" daemon [_thread_blocked, id=15824, stack(0x0000000008c10000,0x0000000008d10000)]
  0x0000000007ca6000 JavaThread "Reference Handler" daemon [_thread_blocked, id=12316, stack(0x0000000008b10000,0x0000000008c10000)]
  0x0000000002d37800 JavaThread "main" [_thread_in_vm, id=15720, stack(0x0000000002c30000,0x0000000002d30000)]

Other Threads:
  0x000000000694f800 VMThread [stack: 0x0000000008a10000,0x0000000008b10000] [id=9868]
  0x0000000007d61000 WatcherThread [stack: 0x00000000095b0000,0x00000000096b0000] [id=7680]

VM state:not at safepoint (normal execution)

VM Mutex/Monitor currently owned by a thread: None

Heap:
 PSYoungGen      total 148480K, used 85739K [0x00000000eab00000, 0x00000000f5000000, 0x0000000100000000)
  eden space 130560K, 51% used [0x00000000eab00000,0x00000000eed3e168,0x00000000f2a80000)
  from space 17920K, 99% used [0x00000000f2a80000,0x00000000f3bfce18,0x00000000f3c00000)
  to   space 15360K, 0% used [0x00000000f3c00000,0x00000000f3c00000,0x00000000f4b00000)
 ParOldGen       total 87552K, used 46420K [0x00000000c0000000, 0x00000000c5580000, 0x00000000eab00000)
  object space 87552K, 53% used [0x00000000c0000000,0x00000000c2d55058,0x00000000c5580000)
 Metaspace       used 6180K, capacity 7216K, committed 7296K, reserved 1056768K
  class space    used 587K, capacity 616K, committed 640K, reserved 1048576K

Card table byte_map: [0x00000000031f0000,0x0000000003400000] byte_map_base: 0x0000000002bf0000

Marking Bits: (ParMarkBitMap*) 0x000000006bad64f0
 Begin Bits: [0x0000000003d60000, 0x0000000004d60000)
 End Bits:   [0x0000000004d60000, 0x0000000005d60000)

Polling page: 0x0000000002b10000

CodeCache: size=245760Kb used=11417Kb max_used=11440Kb free=234342Kb
 bounds [0x000000000f010000, 0x000000000fb60000, 0x000000001e010000]
 total_blobs=2450 nmethods=2185 adapters=178
 compilation: enabled

Compilation events (10 events):
Event: 11.154 Thread 0x0000000007d32000 2251       4       com.android.dx.cf.code.Merger::mergeLocals (122 bytes)
Event: 11.174 Thread 0x0000000007d32000 nmethod 2251 0x000000000fb2b910 code [0x000000000fb2bb20, 0x000000000fb2c4e0]
Event: 11.174 Thread 0x0000000007d32000 2256       4       com.android.dx.cf.code.BasicBlocker::visitCommon (34 bytes)
Event: 11.176 Thread 0x0000000007d32000 nmethod 2256 0x000000000fae4d50 code [0x000000000fae4ea0, 0x000000000fae5018]
Event: 11.176 Thread 0x0000000007d32000 2253       4       com.android.dx.dex.cf.AttributeTranslator::getAnnotations0 (62 bytes)
Event: 11.181 Thread 0x0000000007d22800 nmethod 2236 0x000000000fb44dd0 code [0x000000000fb45420, 0x000000000fb4b308]
Event: 11.181 Thread 0x0000000007d22800 2248       4       com.android.dx.dex.file.EncodedMethod::<init> (68 bytes)
Event: 11.184 Thread 0x0000000007d22800 nmethod 2248 0x000000000fae5390 code [0x000000000fae54e0, 0x000000000fae56b8]
Event: 11.184 Thread 0x0000000007d22800 2249       4       com.android.dx.dex.cf.AttributeTranslator::getMethodAnnotations (37 bytes)
Event: 11.186 Thread 0x0000000007d32000 nmethod 2253 0x000000000fafb750 code [0x000000000fafb8e0, 0x000000000fafbf28]

GC Heap History (10 events):
Event: 5.619 GC heap before
{Heap before GC invocations=3 (full 0):
 PSYoungGen      total 38400K, used 38375K [0x00000000eab00000, 0x00000000ef600000, 0x0000000100000000)
  eden space 33280K, 100% used [0x00000000eab00000,0x00000000ecb80000,0x00000000ecb80000)
  from space 5120K, 99% used [0x00000000ed080000,0x00000000ed579cd8,0x00000000ed580000)
  to   space 5120K, 0% used [0x00000000ecb80000,0x00000000ecb80000,0x00000000ed080000)
 ParOldGen       total 87552K, used 6706K [0x00000000c0000000, 0x00000000c5580000, 0x00000000eab00000)
  object space 87552K, 7% used [0x00000000c0000000,0x00000000c068cac0,0x00000000c5580000)
 Metaspace       used 5955K, capacity 7088K, committed 7296K, reserved 1056768K
  class space    used 567K, capacity 616K, committed 640K, reserved 1048576K
Event: 5.672 GC heap after
Heap after GC invocations=3 (full 0):
 PSYoungGen      total 38400K, used 5098K [0x00000000eab00000, 0x00000000ef600000, 0x0000000100000000)
  eden space 33280K, 0% used [0x00000000eab00000,0x00000000eab00000,0x00000000ecb80000)
  from space 5120K, 99% used [0x00000000ecb80000,0x00000000ed07aab0,0x00000000ed080000)
  to   space 5120K, 0% used [0x00000000ef100000,0x00000000ef100000,0x00000000ef600000)
 ParOldGen       total 87552K, used 11594K [0x00000000c0000000, 0x00000000c5580000, 0x00000000eab00000)
  object space 87552K, 13% used [0x00000000c0000000,0x00000000c0b52868,0x00000000c5580000)
 Metaspace       used 5955K, capacity 7088K, committed 7296K, reserved 1056768K
  class space    used 567K, capacity 616K, committed 640K, reserved 1048576K
}
Event: 6.369 GC heap before
{Heap before GC invocations=4 (full 0):
 PSYoungGen      total 38400K, used 38378K [0x00000000eab00000, 0x00000000ef600000, 0x0000000100000000)
  eden space 33280K, 100% used [0x00000000eab00000,0x00000000ecb80000,0x00000000ecb80000)
  from space 5120K, 99% used [0x00000000ecb80000,0x00000000ed07aab0,0x00000000ed080000)
  to   space 5120K, 0% used [0x00000000ef100000,0x00000000ef100000,0x00000000ef600000)
 ParOldGen       total 87552K, used 11594K [0x00000000c0000000, 0x00000000c5580000, 0x00000000eab00000)
  object space 87552K, 13% used [0x00000000c0000000,0x00000000c0b52868,0x00000000c5580000)
 Metaspace       used 6058K, capacity 7088K, committed 7296K, reserved 1056768K
  class space    used 586K, capacity 616K, committed 640K, reserved 1048576K
Event: 6.391 GC heap after
Heap after GC invocations=4 (full 0):
 PSYoungGen      total 71680K, used 5116K [0x00000000eab00000, 0x00000000ef600000, 0x0000000100000000)
  eden space 66560K, 0% used [0x00000000eab00000,0x00000000eab00000,0x00000000eec00000)
  from space 5120K, 99% used [0x00000000ef100000,0x00000000ef5ff2d8,0x00000000ef600000)
  to   space 5120K, 0% used [0x00000000eec00000,0x00000000eec00000,0x00000000ef100000)
 ParOldGen       total 87552K, used 16335K [0x00000000c0000000, 0x00000000c5580000, 0x00000000eab00000)
  object space 87552K, 18% used [0x00000000c0000000,0x00000000c0ff3e70,0x00000000c5580000)
 Metaspace       used 6058K, capacity 7088K, committed 7296K, reserved 1056768K
  class space    used 586K, capacity 616K, committed 640K, reserved 1048576K
}
Event: 7.395 GC heap before
{Heap before GC invocations=5 (full 0):
 PSYoungGen      total 71680K, used 71676K [0x00000000eab00000, 0x00000000ef600000, 0x0000000100000000)
  eden space 66560K, 100% used [0x00000000eab00000,0x00000000eec00000,0x00000000eec00000)
  from space 5120K, 99% used [0x00000000ef100000,0x00000000ef5ff2d8,0x00000000ef600000)
  to   space 5120K, 0% used [0x00000000eec00000,0x00000000eec00000,0x00000000ef100000)
 ParOldGen       total 87552K, used 16335K [0x00000000c0000000, 0x00000000c5580000, 0x00000000eab00000)
  object space 87552K, 18% used [0x00000000c0000000,0x00000000c0ff3e70,0x00000000c5580000)
 Metaspace       used 6113K, capacity 7152K, committed 7296K, reserved 1056768K
  class space    used 586K, capacity 616K, committed 640K, reserved 1048576K
Event: 7.445 GC heap after
Heap after GC invocations=5 (full 0):
 PSYoungGen      total 71680K, used 5093K [0x00000000eab00000, 0x00000000f4b00000, 0x0000000100000000)
  eden space 66560K, 0% used [0x00000000eab00000,0x00000000eab00000,0x00000000eec00000)
  from space 5120K, 99% used [0x00000000eec00000,0x00000000ef0f96c8,0x00000000ef100000)
  to   space 15360K, 0% used [0x00000000f3c00000,0x00000000f3c00000,0x00000000f4b00000)
 ParOldGen       total 87552K, used 26177K [0x00000000c0000000, 0x00000000c5580000, 0x00000000eab00000)
  object space 87552K, 29% used [0x00000000c0000000,0x00000000c1990410,0x00000000c5580000)
 Metaspace       used 6113K, capacity 7152K, committed 7296K, reserved 1056768K
  class space    used 586K, capacity 616K, committed 640K, reserved 1048576K
}
Event: 8.220 GC heap before
{Heap before GC invocations=6 (full 0):
 PSYoungGen      total 71680K, used 71653K [0x00000000eab00000, 0x00000000f4b00000, 0x0000000100000000)
  eden space 66560K, 100% used [0x00000000eab00000,0x00000000eec00000,0x00000000eec00000)
  from space 5120K, 99% used [0x00000000eec00000,0x00000000ef0f96c8,0x00000000ef100000)
  to   space 15360K, 0% used [0x00000000f3c00000,0x00000000f3c00000,0x00000000f4b00000)
 ParOldGen       total 87552K, used 26177K [0x00000000c0000000, 0x00000000c5580000, 0x00000000eab00000)
  object space 87552K, 29% used [0x00000000c0000000,0x00000000c1990410,0x00000000c5580000)
 Metaspace       used 6125K, capacity 7152K, committed 7296K, reserved 1056768K
  class space    used 586K, capacity 616K, committed 640K, reserved 1048576K
Event: 8.296 GC heap after
Heap after GC invocations=6 (full 0):
 PSYoungGen      total 145920K, used 15343K [0x00000000eab00000, 0x00000000f5000000, 0x0000000100000000)
  eden space 130560K, 0% used [0x00000000eab00000,0x00000000eab00000,0x00000000f2a80000)
  from space 15360K, 99% used [0x00000000f3c00000,0x00000000f4afbed8,0x00000000f4b00000)
  to   space 17920K, 0% used [0x00000000f2a80000,0x00000000f2a80000,0x00000000f3c00000)
 ParOldGen       total 87552K, used 27342K [0x00000000c0000000, 0x00000000c5580000, 0x00000000eab00000)
  object space 87552K, 31% used [0x00000000c0000000,0x00000000c1ab3958,0x00000000c5580000)
 Metaspace       used 6125K, capacity 7152K, committed 7296K, reserved 1056768K
  class space    used 586K, capacity 616K, committed 640K, reserved 1048576K
}
Event: 10.010 GC heap before
{Heap before GC invocations=7 (full 0):
 PSYoungGen      total 145920K, used 145903K [0x00000000eab00000, 0x00000000f5000000, 0x0000000100000000)
  eden space 130560K, 100% used [0x00000000eab00000,0x00000000f2a80000,0x00000000f2a80000)
  from space 15360K, 99% used [0x00000000f3c00000,0x00000000f4afbed8,0x00000000f4b00000)
  to   space 17920K, 0% used [0x00000000f2a80000,0x00000000f2a80000,0x00000000f3c00000)
 ParOldGen       total 87552K, used 27342K [0x00000000c0000000, 0x00000000c5580000, 0x00000000eab00000)
  object space 87552K, 31% used [0x00000000c0000000,0x00000000c1ab3958,0x00000000c5580000)
 Metaspace       used 6173K, capacity 7216K, committed 7296K, reserved 1056768K
  class space    used 586K, capacity 616K, committed 640K, reserved 1048576K
Event: 10.158 GC heap after
Heap after GC invocations=7 (full 0):
 PSYoungGen      total 148480K, used 17907K [0x00000000eab00000, 0x00000000f5000000, 0x0000000100000000)
  eden space 130560K, 0% used [0x00000000eab00000,0x00000000eab00000,0x00000000f2a80000)
  from space 17920K, 99% used [0x00000000f2a80000,0x00000000f3bfce18,0x00000000f3c00000)
  to   space 15360K, 0% used [0x00000000f3c00000,0x00000000f3c00000,0x00000000f4b00000)
 ParOldGen       total 87552K, used 46420K [0x00000000c0000000, 0x00000000c5580000, 0x00000000eab00000)
  object space 87552K, 53% used [0x00000000c0000000,0x00000000c2d55058,0x00000000c5580000)
 Metaspace       used 6173K, capacity 7216K, committed 7296K, reserved 1056768K
  class space    used 586K, capacity 616K, committed 640K, reserved 1048576K
}

Deoptimization events (10 events):
Event: 8.431 Thread 0x0000000002d37800 Uncommon trap: reason=unstable_if action=reinterpret pc=0x000000000f7c1ef8 method=com.android.dx.ssa.InterferenceRegisterMapper.interferes(III)Z @ 69
Event: 8.628 Thread 0x0000000002d37800 Uncommon trap: reason=unstable_if action=reinterpret pc=0x000000000f8f0964 method=com.android.dx.dex.code.RopTranslator.pickOrder()V @ 279
Event: 8.708 Thread 0x0000000002d37800 Uncommon trap: reason=unstable_if action=reinterpret pc=0x000000000f64660c method=com.android.dx.ssa.SCCP.simulateBranch(Lcom/android/dx/ssa/SsaInsn;)V @ 548
Event: 8.708 Thread 0x0000000002d37800 Uncommon trap: reason=unstable_if action=reinterpret pc=0x000000000f677818 method=com.android.dx.ssa.SCCP.simulateStmt(Lcom/android/dx/ssa/SsaInsn;)V @ 435
Event: 8.708 Thread 0x0000000002d37800 Uncommon trap: reason=unstable_if action=reinterpret pc=0x000000000f8fae8c method=com.android.dx.ssa.SCCP.replaceBranches()V @ 14
Event: 9.197 Thread 0x0000000002d37800 Uncommon trap: reason=unstable_if action=reinterpret pc=0x000000000f6177b4 method=com.android.dx.rop.code.LocalItem.compareHandlesNulls(Lcom/android/dx/rop/cst/CstString;Lcom/android/dx/rop/cst/CstString;)I @ 14
Event: 9.449 Thread 0x0000000002d37800 Uncommon trap: reason=class_check action=maybe_recompile pc=0x000000000f9bd42c method=com.android.dx.ssa.SCCP.replaceConstants()V @ 127
Event: 10.596 Thread 0x0000000002d37800 Uncommon trap: reason=unstable_if action=reinterpret pc=0x000000000fa98bc4 method=com.android.dx.cf.direct.StdAttributeFactory.parse0(Lcom/android/dx/cf/direct/DirectClassFile;ILjava/lang/String;IILcom/android/dx/cf/iface/ParseObserver;)Lcom/android/dx/cf/i?ï¢ñœ%@
Event: 10.807 Thread 0x0000000002d37800 Uncommon trap: reason=class_check action=maybe_recompile pc=0x000000000f9bd42c method=com.android.dx.ssa.SCCP.replaceConstants()V @ 127
Event: 10.858 Thread 0x0000000002d37800 Uncommon trap: reason=class_check action=maybe_recompile pc=0x000000000f9bd42c method=com.android.dx.ssa.SCCP.replaceConstants()V @ 127

Internal exceptions (7 events):
Event: 0.970 Thread 0x0000000002d37800 Exception <a 'java/lang/NoSuchMethodError': Method sun.misc.Unsafe.defineClass(Ljava/lang/String;[BII)Ljava/lang/Class; name or signature does not match> (0x00000000eab07cc0) thrown at [D:\re\workspace\8-2-build-windows-amd64-cygwin\jdk8u92\6642\hotspot\sr÷P¨,iï?
Event: 0.970 Thread 0x0000000002d37800 Exception <a 'java/lang/NoSuchMethodError': Method sun.misc.Unsafe.prefetchRead(Ljava/lang/Object;J)V name or signature does not match> (0x00000000eab07fa8) thrown at [D:\re\workspace\8-2-build-windows-amd64-cygwin\jdk8u92\6642\hotspot\src\share\vm\prims\jøW	€3	@
Event: 3.150 Thread 0x0000000002d37800 Implicit null exception at 0x000000000f3cb961 to 0x000000000f3cc205
Event: 5.696 Thread 0x0000000002d37800 Exception <a 'java/lang/ArrayIndexOutOfBoundsException': 18> (0x00000000eac710e8) thrown at [D:\re\workspace\8-2-build-windows-amd64-cygwin\jdk8u92\6642\hotspot\src\share\vm\interpreter\interpreterRuntime.cpp, line 366]
Event: 5.697 Thread 0x0000000002d37800 Exception <a 'java/lang/ArrayIndexOutOfBoundsException': 145> (0x00000000eac72c68) thrown at [D:\re\workspace\8-2-build-windows-amd64-cygwin\jdk8u92\6642\hotspot\src\share\vm\interpreter\interpreterRuntime.cpp, line 366]
Event: 5.698 Thread 0x0000000002d37800 Exception <a 'java/lang/ArrayIndexOutOfBoundsException'> (0x00000000eac73f50) thrown at [D:\re\workspace\8-2-build-windows-amd64-cygwin\jdk8u92\6642\hotspot\src\share\vm\runtime\sharedRuntime.cpp, line 605]
Event: 9.197 Thread 0x0000000002d37800 Implicit null exception at 0x000000000f61610d to 0x000000000f61778d

Events (10 events):
Event: 10.596 Thread 0x0000000002d37800 DEOPT PACKING pc=0x000000000fa98bc4 sp=0x0000000002d2e2d0
Event: 10.596 Thread 0x0000000002d37800 DEOPT UNPACKING pc=0x000000000f05582a sp=0x0000000002d2e2c8 mode 2
Event: 10.807 Thread 0x0000000002d37800 Uncommon trap: trap_request=0xffffffde fr.pc=0x000000000f9bd42c
Event: 10.807 Thread 0x0000000002d37800 DEOPT PACKING pc=0x000000000f9bd42c sp=0x0000000002d2e520
Event: 10.807 Thread 0x0000000002d37800 DEOPT UNPACKING pc=0x000000000f05582a sp=0x0000000002d2e4d0 mode 2
Event: 10.858 Thread 0x0000000002d37800 Uncommon trap: trap_request=0xffffffde fr.pc=0x000000000f9bd42c
Event: 10.858 Thread 0x0000000002d37800 DEOPT PACKING pc=0x000000000f9bd42c sp=0x0000000002d2e520
Event: 10.858 Thread 0x0000000002d37800 DEOPT UNPACKING pc=0x000000000f05582a sp=0x0000000002d2e4d0 mode 2
Event: 10.867 Thread 0x0000000002d37800 DEOPT PACKING pc=0x000000000f968eed sp=0x0000000002d2e5c0
Event: 10.867 Thread 0x0000000002d37800 DEOPT UNPACKING pc=0x000000000f05787f sp=0x0000000002d2e350 mode 0


Dynamic libraries:
0x00007ff647010000 - 0x00007ff647047000 	C:\Program Files\Java\jdk1.8.0_92\bin\java.exe
0x00007ffbb7ee0000 - 0x00007ffbb80a1000 	C:\WINDOWS\SYSTEM32\ntdll.dll
0x00007ffbb7410000 - 0x00007ffbb74bd000 	C:\WINDOWS\system32\KERNEL32.DLL
0x00007ffbb4a80000 - 0x00007ffbb4c68000 	C:\WINDOWS\system32\KERNELBASE.dll
0x000000006c5d0000 - 0x000000006c67e000 	C:\Program Files\Bitdefender\Bitdefender 2016\Active Virus Control\Avc3_00369_042\avcuf64.dll
0x00007ffbb2c80000 - 0x00007ffbb2cf9000 	C:\WINDOWS\system32\apphelp.dll
0x00007ffb8f200000 - 0x00007ffb8f683000 	C:\WINDOWS\AppPatch\AppPatch64\AcLayers.DLL
0x00007ffbb7e40000 - 0x00007ffbb7edd000 	C:\WINDOWS\system32\msvcrt.dll
0x00007ffbb5be0000 - 0x00007ffbb5d36000 	C:\WINDOWS\system32\USER32.dll
0x00007ffbb5a10000 - 0x00007ffbb5b96000 	C:\WINDOWS\system32\GDI32.dll
0x00007ffbb5340000 - 0x00007ffbb5392000 	C:\WINDOWS\system32\SHLWAPI.dll
0x00007ffbb5640000 - 0x00007ffbb58bd000 	C:\WINDOWS\system32\combase.dll
0x00007ffbb74c0000 - 0x00007ffbb75dc000 	C:\WINDOWS\system32\RPCRT4.dll
0x00007ffbb4950000 - 0x00007ffbb49ba000 	C:\WINDOWS\system32\bcryptPrimitives.dll
0x0000000000e80000 - 0x0000000000e83000 	C:\WINDOWS\SYSTEM32\sfc.dll
0x00007ffbaf530000 - 0x00007ffbaf5b4000 	C:\WINDOWS\SYSTEM32\WINSPOOL.DRV
0x00007ffbb40e0000 - 0x00007ffbb4109000 	C:\WINDOWS\SYSTEM32\bcrypt.dll
0x00007ffb9b580000 - 0x00007ffb9b591000 	C:\WINDOWS\SYSTEM32\sfc_os.DLL
0x00007ffbaadd0000 - 0x00007ffbaade1000 	C:\WINDOWS\SYSTEM32\SortWindows61.dll
0x00007ffbb5ba0000 - 0x00007ffbb5bdb000 	C:\WINDOWS\system32\IMM32.DLL
0x00007ffbb3740000 - 0x00007ffbb3771000 	C:\Windows\system32\nvinitx.dll
0x00007ffbb7960000 - 0x00007ffbb7a07000 	C:\WINDOWS\system32\ADVAPI32.dll
0x00007ffbb52c0000 - 0x00007ffbb531b000 	C:\WINDOWS\system32\sechost.dll
0x00007ffbb3730000 - 0x00007ffbb373a000 	C:\WINDOWS\SYSTEM32\VERSION.dll
0x000000000f000000 - 0x000000000f006000 	C:\Program Files\NVIDIA Corporation\CoProcManager\_etoured.dll
0x00007ffbb0c70000 - 0x00007ffbb0ca3000 	C:\Program Files\NVIDIA Corporation\CoProcManager\nvd3d9wrapx.dll
0x00007ffbb7a10000 - 0x00007ffbb7e39000 	C:\WINDOWS\system32\SETUPAPI.dll
0x00007ffbb4740000 - 0x00007ffbb4783000 	C:\WINDOWS\system32\CFGMGR32.dll
0x00007ffbb2ab0000 - 0x00007ffbb2ad2000 	C:\Program Files\NVIDIA Corporation\CoProcManager\nvdxgiwrapx.dll
0x00007ffbafb40000 - 0x00007ffbafdb4000 	C:\WINDOWS\WinSxS\amd64_microsoft.windows.common-controls_6595b64144ccf1df_6.0.10586.494_none_a2d8b04ea53e3145\COMCTL32.dll
0x000000006bcc0000 - 0x000000006bd92000 	C:\Program Files\Java\jdk1.8.0_92\jre\bin\msvcr100.dll
0x000000006b2c0000 - 0x000000006bb56000 	C:\Program Files\Java\jdk1.8.0_92\jre\bin\server\jvm.dll
0x00007ffbb5930000 - 0x00007ffbb5938000 	C:\WINDOWS\system32\PSAPI.DLL
0x00007ffba8e80000 - 0x00007ffba8e89000 	C:\WINDOWS\SYSTEM32\WSOCK32.dll
0x00007ffbb7640000 - 0x00007ffbb76ab000 	C:\WINDOWS\system32\WS2_32.dll
0x00007ffbb2a80000 - 0x00007ffbb2aa3000 	C:\WINDOWS\SYSTEM32\WINMM.dll
0x00007ffbb2a50000 - 0x00007ffbb2a7c000 	C:\WINDOWS\SYSTEM32\WINMMBASE.dll
0x000000006c140000 - 0x000000006c14f000 	C:\Program Files\Java\jdk1.8.0_92\jre\bin\verify.dll
0x000000006c110000 - 0x000000006c139000 	C:\Program Files\Java\jdk1.8.0_92\jre\bin\java.dll
0x000000006c0f0000 - 0x000000006c106000 	C:\Program Files\Java\jdk1.8.0_92\jre\bin\zip.dll
0x00007ffbb5d40000 - 0x00007ffbb729c000 	C:\WINDOWS\system32\SHELL32.dll
0x00007ffbb4c70000 - 0x00007ffbb52b5000 	C:\WINDOWS\system32\windows.storage.dll
0x00007ffbb4510000 - 0x00007ffbb451f000 	C:\WINDOWS\system32\kernel.appcore.dll
0x0000000008df0000 - 0x0000000008ea5000 	C:\WINDOWS\system32\shcore.dll
0x00007ffbb4520000 - 0x00007ffbb456b000 	C:\WINDOWS\system32\powrprof.dll
0x00007ffbb44e0000 - 0x00007ffbb44f4000 	C:\WINDOWS\system32\profapi.dll

VM Arguments:
jvm_args: -Djava.awt.headless=true -Xmx1024M -Dfile.encoding=windows-1252 -Duser.country=US -Duser.language=en -Duser.variant 
java_command: com.android.dx.command.Main --dex --force-jumbo --multi-dex --output C:\Users\kikkos\AndroidStudioProjects\Udacity\myMovieNews\app\build\intermediates\transforms\dex\debug\folders\1000\10\com.android.support-support-v4-23.4.0_2d66dc62822bf9eab82db89ad69c27c56c6c170e C:\Users\kikkos\AndroidStudioProjects\Udacity\myMovieNews\app\build\intermediates\exploded-aar\com.android.support\support-v4\23.4.0\jars\classes.jar
java_class_path (initial): C:\Users\kikkos\AppData\Local\Android\sdk\build-tools\22.0.1\lib\dx.jar
Launcher Type: SUN_STANDARD

Environment Variables:
JAVA_HOME=C:\Program Files\Java\jdk1.8.0_92
PATH=C:\Program Files (x86)\Intel\iCLS Client\;C:\Program Files\Intel\iCLS Client\;C:\ProgramData\Oracle\Java\javapath;C:\Program Files\ImageMagick-6.8.9-Q16;C:\WINDOWS\system32;C:\WINDOWS;C:\WINDOWS\System32\Wbem;C:\Program Files\Lenovo\Bluetooth Software\;C:\Program Files\Lenovo\Bluetooth Software\syswow64;C:\Program Files\Intel\WiFi\bin\;C:\Program Files\Common Files\Intel\WirelessCommon\;C:\Program Files\Microsoft\Web Platform Installer\;C:\WINDOWS\System32\WindowsPowerShell\v1.0\;C:\Program Files\Microsoft SQL Server\110\Tools\Binn\;C:\Program Files\Sublime Text 2;C:\Program Files (x86)\Heroku\bin;C:\Program Files\Intel\Intel(R) Management Engine Components\DAL;C:\Program Files\Intel\Intel(R) Management Engine Components\IPT;C:\Program Files (x86)\Intel\Intel(R) Management Engine Components\DAL;C:\Program Files (x86)\Intel\Intel(R) Management Engine Components\IPT;C:\Program Files (x86)\NVIDIA Corporation\PhysX\Common;C:\WINDOWS\system32;C:\WINDOWS;C:\WINDOWS\System32\Wbem;C:\WINDOWS\System32\WindowsPowerShell\v1.0\;C:\Program Files (x86)\Skype\Phone\;C:\Ruby23-x64\bin;C:\Program Files (x86)\MySQL\MySQL Fabric 1.5 & MySQL Utilities 1.5\;C:\Program Files (x86)\MySQL\MySQL Fabric 1.5 & MySQL Utilities 1.5\Doctrine extensions for PHP\;C:\Program Files\MySQL\MySQL Server 5.7\bin;C:\RailsInstaller\Ruby2.2.0\bin;C:\Users\kikkos\AppData\Local\GitHub\PortableGit_d76a6a98c9315931ec4927243517bc09e9b731a0\cmd;C:\Ruby22-x64\bin;C:\Program Files (x86)\Heroku\ruby-1.9.3\bin;C:\Program Files\Intel\WiFi\bin\;C:\Program Files\Common Files\Intel\WirelessCommon\;C:\Program Files\MongoDB\Server\3.2\bin;C:\sqlite
USERNAME=kikkos
OS=Windows_NT
PROCESSOR_IDENTIFIER=Intel64 Family 6 Model 42 Stepping 7, GenuineIntel



---------------  S Y S T E M  ---------------

OS: Windows 10.0 , 64 bit Build 10586 (10.0.10586.0)

CPU:total 8 (4 cores per cpu, 2 threads per core) family 6 model 42 stepping 7, cmov, cx8, fxsr, mmx, sse, sse2, sse3, ssse3, sse4.1, sse4.2, popcnt, avx, aes, clmul, ht, tsc, tscinvbit

Memory: 4k page, physical 8300684k(1755220k free), swap 8505484k(24692k free)

vm_info: Java HotSpot(TM) 64-Bit Server VM (25.92-b14) for windows-amd64 JRE (1.8.0_92-b14), built on Mar 31 2016 21:03:04 by "java_re" with MS VC++ 10.0 (VS2010)

time: Sat Sep 17 09:58:01 2016
elapsed time: 11 seconds (0d 0h 0m 11s)

