#
# There is insufficient memory for the Java Runtime Environment to continue.
# Native memory allocation (malloc) failed to allocate 433536 bytes for Chunk::new
# Possible reasons:
#   The system is out of physical RAM or swap space
#   In 32 bit mode, the process size limit was hit
# Possible solutions:
#   Reduce memory load on the system
#   Increase physical memory or swap space
#   Check if swap backing store is full
#   Use 64 bit Java on a 64 bit OS
#   Decrease Java heap size (-Xmx/-Xms)
#   Decrease number of Java threads
#   Decrease Java thread stack sizes (-Xss)
#   Set larger code cache with -XX:ReservedCodeCacheSize=
# This output file may be truncated or incomplete.
#
#  Out of Memory Error (allocation.cpp:390), pid=6828, tid=0x0000000000001038
#
# JRE version: Java(TM) SE Runtime Environment (8.0_92-b14) (build 1.8.0_92-b14)
# Java VM: Java HotSpot(TM) 64-Bit Server VM (25.92-b14 mixed mode windows-amd64 compressed oops)
# Failed to write core dump. Minidumps are not enabled by default on client versions of Windows
#

---------------  T H R E A D  ---------------

Current thread (0x000000000763c000):  JavaThread "C2 CompilerThread2" daemon [_thread_in_native, id=4152, stack(0x0000000008b60000,0x0000000008c60000)]

Stack: [0x0000000008b60000,0x0000000008c60000]
[error occurred during error reporting (printing stack bounds), id 0xc0000005]

Native frames: (J=compiled Java code, j=interpreted, Vv=VM code, C=native code)


Current CompileTask:
C2:   1945 1339       4       com.android.dx.ssa.SCCP::simulateBranch (666 bytes)


---------------  P R O C E S S  ---------------

Java Threads: ( => current thread )
  0x0000000007645800 JavaThread "Service Thread" daemon [_thread_blocked, id=3980, stack(0x0000000008d60000,0x0000000008e60000)]
  0x000000000763f800 JavaThread "C1 CompilerThread3" daemon [_thread_blocked, id=12652, stack(0x0000000008c60000,0x0000000008d60000)]
=>0x000000000763c000 JavaThread "C2 CompilerThread2" daemon [_thread_in_native, id=4152, stack(0x0000000008b60000,0x0000000008c60000)]
  0x000000000762b800 JavaThread "C2 CompilerThread1" daemon [_thread_in_native, id=8340, stack(0x0000000008a60000,0x0000000008b60000)]
  0x00000000075d2800 JavaThread "C2 CompilerThread0" daemon [_thread_in_native, id=14192, stack(0x0000000008960000,0x0000000008a60000)]
  0x00000000075d1800 JavaThread "Attach Listener" daemon [_thread_blocked, id=6604, stack(0x0000000008860000,0x0000000008960000)]
  0x00000000075d0800 JavaThread "Signal Dispatcher" daemon [_thread_blocked, id=14812, stack(0x0000000008760000,0x0000000008860000)]
  0x0000000007581800 JavaThread "Finalizer" daemon [_thread_blocked, id=12052, stack(0x00000000084c0000,0x00000000085c0000)]
  0x0000000007556000 JavaThread "Reference Handler" daemon [_thread_blocked, id=9076, stack(0x00000000083c0000,0x00000000084c0000)]
  0x00000000025b7800 JavaThread "main" [_thread_in_Java, id=544, stack(0x0000000002430000,0x0000000002530000)]

Other Threads:
  0x00000000061d2800 VMThread [stack: 0x00000000082c0000,0x00000000083c0000] [id=14684]
  0x000000000764b800 WatcherThread [stack: 0x0000000008e60000,0x0000000008f60000] [id=10652]

VM state:not at safepoint (normal execution)

VM Mutex/Monitor currently owned by a thread: None

Heap:
 PSYoungGen      total 38400K, used 32637K [0x00000000eab00000, 0x00000000ed580000, 0x0000000100000000)
  eden space 33280K, 98% used [0x00000000eab00000,0x00000000ecadf688,0x00000000ecb80000)
  from space 5120K, 0% used [0x00000000ed080000,0x00000000ed080000,0x00000000ed580000)
  to   space 5120K, 0% used [0x00000000ecb80000,0x00000000ecb80000,0x00000000ed080000)
 ParOldGen       total 87552K, used 0K [0x00000000c0000000, 0x00000000c5580000, 0x00000000eab00000)
  object space 87552K, 0% used [0x00000000c0000000,0x00000000c0000000,0x00000000c5580000)
 Metaspace       used 5772K, capacity 6960K, committed 7040K, reserved 1056768K
  class space    used 559K, capacity 616K, committed 640K, reserved 1048576K

Card table byte_map: [0x0000000002a70000,0x0000000002c80000] byte_map_base: 0x0000000002470000

Marking Bits: (ParMarkBitMap*) 0x000000006bad64f0
 Begin Bits: [0x00000000035e0000, 0x00000000045e0000)
 End Bits:   [0x00000000045e0000, 0x00000000055e0000)

Polling page: 0x0000000000960000

CodeCache: size=245760Kb used=5577Kb max_used=5577Kb free=240182Kb
 bounds [0x000000000f010000, 0x000000000f590000, 0x000000001e010000]
 total_blobs=1620 nmethods=1354 adapters=178
 compilation: enabled

Compilation events (10 events):
Event: 1.928 Thread 0x000000000763f800 nmethod 1354 0x000000000f57df10 code [0x000000000f57e0a0, 0x000000000f57e5a8]
Event: 1.928 Thread 0x000000000763f800 1355       3       com.android.dx.rop.type.StdTypeList::equalContents (56 bytes)
Event: 1.929 Thread 0x000000000763f800 nmethod 1355 0x000000000f57d1d0 code [0x000000000f57d3a0, 0x000000000f57dc68]
Event: 1.929 Thread 0x000000000763f800 1356       3       com.android.dx.util.LabeledList::removeLabel (10 bytes)
Event: 1.929 Thread 0x000000000763f800 nmethod 1356 0x000000000f57cd50 code [0x000000000f57cec0, 0x000000000f57d0e8]
Event: 1.930 Thread 0x000000000763f800 1357       3       com.android.dx.cf.code.Frame::mergeWith (80 bytes)
Event: 1.931 Thread 0x000000000763f800 nmethod 1357 0x000000000f57b690 code [0x000000000f57b8c0, 0x000000000f57c8a8]
Event: 1.936 Thread 0x000000000763f800 1359       1       com.android.dx.rop.cst.CstString::getType (4 bytes)
Event: 1.936 Thread 0x000000000763f800 nmethod 1359 0x000000000f55b510 code [0x000000000f55b660, 0x000000000f55b770]
Event: 1.941 Thread 0x000000000763f800 1361       3       com.android.dx.ssa.MoveParamCombiner$1::visitNonMoveInsn (213 bytes)

GC Heap History (0 events):
No events

Deoptimization events (10 events):
Event: 1.275 Thread 0x00000000025b7800 Uncommon trap: reason=class_check action=maybe_recompile pc=0x000000000f2cebd4 method=com.android.dx.ssa.NormalSsaInsn.accept(Lcom/android/dx/ssa/SsaInsn$Visitor;)V @ 9
Event: 1.275 Thread 0x00000000025b7800 Uncommon trap: reason=class_check action=maybe_recompile pc=0x000000000f2cebd4 method=com.android.dx.ssa.NormalSsaInsn.accept(Lcom/android/dx/ssa/SsaInsn$Visitor;)V @ 9
Event: 1.275 Thread 0x00000000025b7800 Uncommon trap: reason=class_check action=maybe_recompile pc=0x000000000f2cebd4 method=com.android.dx.ssa.NormalSsaInsn.accept(Lcom/android/dx/ssa/SsaInsn$Visitor;)V @ 9
Event: 1.276 Thread 0x00000000025b7800 Uncommon trap: reason=class_check action=maybe_recompile pc=0x000000000f2cebd4 method=com.android.dx.ssa.NormalSsaInsn.accept(Lcom/android/dx/ssa/SsaInsn$Visitor;)V @ 9
Event: 1.276 Thread 0x00000000025b7800 Uncommon trap: reason=class_check action=maybe_recompile pc=0x000000000f2649b0 method=com.android.dx.ssa.NormalSsaInsn.accept(Lcom/android/dx/ssa/SsaInsn$Visitor;)V @ 9
Event: 1.426 Thread 0x00000000025b7800 Uncommon trap: reason=null_check action=make_not_entrant pc=0x000000000f41d864 method=com.android.dx.ssa.SsaRenamer.getLocalForNewReg(I)Lcom/android/dx/rop/code/LocalItem; @ 19
Event: 1.429 Thread 0x00000000025b7800 Uncommon trap: reason=unstable_if action=reinterpret pc=0x000000000f4427ec method=com.android.dx.rop.code.RegisterSpecSet.put(Lcom/android/dx/rop/code/RegisterSpec;)V @ 77
Event: 1.566 Thread 0x00000000025b7800 Uncommon trap: reason=null_check action=make_not_entrant pc=0x000000000f41275c method=com.android.dx.ssa.SsaRenamer.getLocalForNewReg(I)Lcom/android/dx/rop/code/LocalItem; @ 19
Event: 1.924 Thread 0x00000000025b7800 Uncommon trap: reason=unstable_if action=reinterpret pc=0x000000000f46c43c method=com.android.dx.util.IntList.binarysearch(I)I @ 105
Event: 1.939 Thread 0x00000000025b7800 Uncommon trap: reason=unstable_if action=reinterpret pc=0x000000000f54114c method=com.android.dx.ssa.MoveParamCombiner$1.visitNonMoveInsn(Lcom/android/dx/ssa/NormalSsaInsn;)V @ 27

Internal exceptions (4 events):
Event: 0.057 Thread 0x00000000025b7800 Exception <a 'java/lang/NoSuchMethodError': Method sun.misc.Unsafe.defineClass(Ljava/lang/String;[BII)Ljava/lang/Class; name or signature does not match> (0x00000000eab07cc0) thrown at [D:\re\workspace\8-2-build-windows-amd64-cygwin\jdk8u92\6642\hotspot\sr×©2s]­?
Event: 0.057 Thread 0x00000000025b7800 Exception <a 'java/lang/NoSuchMethodError': Method sun.misc.Unsafe.prefetchRead(Ljava/lang/Object;J)V name or signature does not match> (0x00000000eab07fa8) thrown at [D:\re\workspace\8-2-build-windows-amd64-cygwin\jdk8u92\6642\hotspot\src\share\vm\prims\j×õ
Event: 1.426 Thread 0x00000000025b7800 Implicit null exception at 0x000000000f41c833 to 0x000000000f41d819
Event: 1.566 Thread 0x00000000025b7800 Implicit null exception at 0x000000000f411a45 to 0x000000000f412729

Events (10 events):
Event: 1.524 Executing VM operation: ForceSafepoint done
Event: 1.566 Thread 0x00000000025b7800 Uncommon trap: trap_request=0xfffffff4 fr.pc=0x000000000f41275c
Event: 1.566 Thread 0x00000000025b7800 DEOPT PACKING pc=0x000000000f41275c sp=0x000000000252e340
Event: 1.566 Thread 0x00000000025b7800 DEOPT UNPACKING pc=0x000000000f05582a sp=0x000000000252e198 mode 2
Event: 1.924 Thread 0x00000000025b7800 Uncommon trap: trap_request=0xffffff65 fr.pc=0x000000000f46c43c
Event: 1.924 Thread 0x00000000025b7800 DEOPT PACKING pc=0x000000000f46c43c sp=0x000000000252e3e0
Event: 1.924 Thread 0x00000000025b7800 DEOPT UNPACKING pc=0x000000000f05582a sp=0x000000000252e358 mode 2
Event: 1.939 Thread 0x00000000025b7800 Uncommon trap: trap_request=0xffffff65 fr.pc=0x000000000f54114c
Event: 1.939 Thread 0x00000000025b7800 DEOPT PACKING pc=0x000000000f54114c sp=0x000000000252e4d0
Event: 1.939 Thread 0x00000000025b7800 DEOPT UNPACKING pc=0x000000000f05582a sp=0x000000000252e428 mode 2


Dynamic libraries:
0x00007ff647010000 - 0x00007ff647047000 	C:\Program Files\Java\jdk1.8.0_92\bin\java.exe
0x00007ffbb7ee0000 - 0x00007ffbb80a1000 	C:\WINDOWS\SYSTEM32\ntdll.dll
0x00007ffbb7410000 - 0x00007ffbb74bd000 	C:\WINDOWS\system32\KERNEL32.DLL
0x00007ffbb4a80000 - 0x00007ffbb4c68000 	C:\WINDOWS\system32\KERNELBASE.dll
0x000000006c5d0000 - 0x000000006c67e000 	C:\Program Files\Bitdefender\Bitdefender 2016\Active Virus Control\Avc3_00369_042\avcuf64.dll
0x00007ffbb2c80000 - 0x00007ffbb2cf9000 	C:\WINDOWS\system32\apphelp.dll
0x00007ffb8ef20000 - 0x00007ffb8f3a3000 	C:\WINDOWS\AppPatch\AppPatch64\AcLayers.DLL
0x00007ffbb7e40000 - 0x00007ffbb7edd000 	C:\WINDOWS\system32\msvcrt.dll
0x00007ffbb5be0000 - 0x00007ffbb5d36000 	C:\WINDOWS\system32\USER32.dll
0x00007ffbb5a10000 - 0x00007ffbb5b96000 	C:\WINDOWS\system32\GDI32.dll
0x00007ffbb5340000 - 0x00007ffbb5392000 	C:\WINDOWS\system32\SHLWAPI.dll
0x00007ffbb5640000 - 0x00007ffbb58bd000 	C:\WINDOWS\system32\combase.dll
0x00007ffbb74c0000 - 0x00007ffbb75dc000 	C:\WINDOWS\system32\RPCRT4.dll
0x00007ffbb4950000 - 0x00007ffbb49ba000 	C:\WINDOWS\system32\bcryptPrimitives.dll
0x00000000008d0000 - 0x00000000008d3000 	C:\WINDOWS\SYSTEM32\sfc.dll
0x00007ffbaf530000 - 0x00007ffbaf5b4000 	C:\WINDOWS\SYSTEM32\WINSPOOL.DRV
0x00007ffbb40e0000 - 0x00007ffbb4109000 	C:\WINDOWS\SYSTEM32\bcrypt.dll
0x00007ffb9b580000 - 0x00007ffb9b591000 	C:\WINDOWS\SYSTEM32\sfc_os.DLL
0x00007ffbab260000 - 0x00007ffbab271000 	C:\WINDOWS\SYSTEM32\SortWindows61.dll
0x00007ffbb5ba0000 - 0x00007ffbb5bdb000 	C:\WINDOWS\system32\IMM32.DLL
0x00007ffbb3740000 - 0x00007ffbb3771000 	C:\Windows\system32\nvinitx.dll
0x00007ffbb7960000 - 0x00007ffbb7a07000 	C:\WINDOWS\system32\ADVAPI32.dll
0x00007ffbb52c0000 - 0x00007ffbb531b000 	C:\WINDOWS\system32\sechost.dll
0x00007ffbb3730000 - 0x00007ffbb373a000 	C:\WINDOWS\SYSTEM32\VERSION.dll
0x000000000f000000 - 0x000000000f006000 	C:\Program Files\NVIDIA Corporation\CoProcManager\_etoured.dll
0x00007ffbb0c70000 - 0x00007ffbb0ca3000 	C:\Program Files\NVIDIA Corporation\CoProcManager\nvd3d9wrapx.dll
0x00007ffbb7a10000 - 0x00007ffbb7e39000 	C:\WINDOWS\system32\SETUPAPI.dll
0x00007ffbb4740000 - 0x00007ffbb4783000 	C:\WINDOWS\system32\CFGMGR32.dll
0x00007ffbb2ab0000 - 0x00007ffbb2ad2000 	C:\Program Files\NVIDIA Corporation\CoProcManager\nvdxgiwrapx.dll
0x00007ffbafb40000 - 0x00007ffbafdb4000 	C:\WINDOWS\WinSxS\amd64_microsoft.windows.common-controls_6595b64144ccf1df_6.0.10586.494_none_a2d8b04ea53e3145\COMCTL32.dll
0x000000006ae60000 - 0x000000006af32000 	C:\Program Files\Java\jdk1.8.0_92\jre\bin\msvcr100.dll
0x000000006b2c0000 - 0x000000006bb56000 	C:\Program Files\Java\jdk1.8.0_92\jre\bin\server\jvm.dll
0x00007ffbb5930000 - 0x00007ffbb5938000 	C:\WINDOWS\system32\PSAPI.DLL
0x00007ffba8e80000 - 0x00007ffba8e89000 	C:\WINDOWS\SYSTEM32\WSOCK32.dll
0x00007ffbb7640000 - 0x00007ffbb76ab000 	C:\WINDOWS\system32\WS2_32.dll
0x00007ffbb2a80000 - 0x00007ffbb2aa3000 	C:\WINDOWS\SYSTEM32\WINMM.dll
0x00007ffbb2a50000 - 0x00007ffbb2a7c000 	C:\WINDOWS\SYSTEM32\WINMMBASE.dll
0x000000006bbd0000 - 0x000000006bbdf000 	C:\Program Files\Java\jdk1.8.0_92\jre\bin\verify.dll
0x000000006b290000 - 0x000000006b2b9000 	C:\Program Files\Java\jdk1.8.0_92\jre\bin\java.dll
0x000000006bbb0000 - 0x000000006bbc6000 	C:\Program Files\Java\jdk1.8.0_92\jre\bin\zip.dll
0x00007ffbb5d40000 - 0x00007ffbb729c000 	C:\WINDOWS\system32\SHELL32.dll
0x00007ffbb4c70000 - 0x00007ffbb52b5000 	C:\WINDOWS\system32\windows.storage.dll
0x00007ffbb4510000 - 0x00007ffbb451f000 	C:\WINDOWS\system32\kernel.appcore.dll
0x00000000086a0000 - 0x0000000008755000 	C:\WINDOWS\system32\shcore.dll
0x00007ffbb4520000 - 0x00007ffbb456b000 	C:\WINDOWS\system32\powrprof.dll
0x00007ffbb44e0000 - 0x00007ffbb44f4000 	C:\WINDOWS\system32\profapi.dll

VM Arguments:
jvm_args: -Djava.awt.headless=true -Xmx1024M -Dfile.encoding=windows-1252 -Duser.country=US -Duser.language=en -Duser.variant 
java_command: com.android.dx.command.Main --dex --force-jumbo --multi-dex --output C:\Users\kikkos\AndroidStudioProjects\Udacity\myMovieNews\app\build\intermediates\transforms\dex\debug\folders\1000\10\com.android.support-support-v4-23.4.0_2d66dc62822bf9eab82db89ad69c27c56c6c170e C:\Users\kikkos\AndroidStudioProjects\Udacity\myMovieNews\app\build\intermediates\exploded-aar\com.android.support\support-v4\23.4.0\jars\classes.jar
java_class_path (initial): C:\Users\kikkos\AppData\Local\Android\sdk\build-tools\22.0.1\lib\dx.jar
Launcher Type: SUN_STANDARD

Environment Variables:
JAVA_HOME=C:\Program Files\Java\jdk1.8.0_92
PATH=C:\Program Files (x86)\Intel\iCLS Client\;C:\Program Files\Intel\iCLS Client\;C:\ProgramData\Oracle\Java\javapath;C:\Program Files\ImageMagick-6.8.9-Q16;C:\WINDOWS\system32;C:\WINDOWS;C:\WINDOWS\System32\Wbem;C:\Program Files\Lenovo\Bluetooth Software\;C:\Program Files\Lenovo\Bluetooth Software\syswow64;C:\Program Files\Intel\WiFi\bin\;C:\Program Files\Common Files\Intel\WirelessCommon\;C:\Program Files\Microsoft\Web Platform Installer\;C:\WINDOWS\System32\WindowsPowerShell\v1.0\;C:\Program Files\Microsoft SQL Server\110\Tools\Binn\;C:\Program Files\Sublime Text 2;C:\Program Files (x86)\Heroku\bin;C:\Program Files\Intel\Intel(R) Management Engine Components\DAL;C:\Program Files\Intel\Intel(R) Management Engine Components\IPT;C:\Program Files (x86)\Intel\Intel(R) Management Engine Components\DAL;C:\Program Files (x86)\Intel\Intel(R) Management Engine Components\IPT;C:\Program Files (x86)\NVIDIA Corporation\PhysX\Common;C:\WINDOWS\system32;C:\WINDOWS;C:\WINDOWS\System32\Wbem;C:\WINDOWS\System32\WindowsPowerShell\v1.0\;C:\Program Files (x86)\Skype\Phone\;C:\Ruby23-x64\bin;C:\Program Files (x86)\MySQL\MySQL Fabric 1.5 & MySQL Utilities 1.5\;C:\Program Files (x86)\MySQL\MySQL Fabric 1.5 & MySQL Utilities 1.5\Doctrine extensions for PHP\;C:\Program Files\MySQL\MySQL Server 5.7\bin;C:\RailsInstaller\Ruby2.2.0\bin;C:\Users\kikkos\AppData\Local\GitHub\PortableGit_d76a6a98c9315931ec4927243517bc09e9b731a0\cmd;C:\Ruby22-x64\bin;C:\Program Files (x86)\Heroku\ruby-1.9.3\bin;C:\Program Files\Intel\WiFi\bin\;C:\Program Files\Common Files\Intel\WirelessCommon\;C:\Program Files\MongoDB\Server\3.2\bin;C:\sqlite
USERNAME=kikkos
OS=Windows_NT
PROCESSOR_IDENTIFIER=Intel64 Family 6 Model 42 Stepping 7, GenuineIntel



---------------  S Y S T E M  ---------------

OS: Windows 10.0 , 64 bit Build 10586 (10.0.10586.0)

CPU:total 8 (4 cores per cpu, 2 threads per core) family 6 model 42 stepping 7, cmov, cx8, fxsr, mmx, sse, sse2, sse3, ssse3, sse4.1, sse4.2, popcnt, avx, aes, clmul, ht, tsc, tscinvbit

Memory: 4k page, physical 8300684k(1906604k free), swap 8505484k(4356k free)

vm_info: Java HotSpot(TM) 64-Bit Server VM (25.92-b14) for windows-amd64 JRE (1.8.0_92-b14), built on Mar 31 2016 21:03:04 by "java_re" with MS VC++ 10.0 (VS2010)

time: Wed Sep 14 20:34:15 2016
elapsed time: 1 seconds (0d 0h 0m 1s)

