#
# There is insufficient memory for the Java Runtime Environment to continue.
# Native memory allocation (malloc) failed to allocate 1214576 bytes for Chunk::new
# Possible reasons:
#   The system is out of physical RAM or swap space
#   In 32 bit mode, the process size limit was hit
# Possible solutions:
#   Reduce memory load on the system
#   Increase physical memory or swap space
#   Check if swap backing store is full
#   Use 64 bit Java on a 64 bit OS
#   Decrease Java heap size (-Xmx/-Xms)
#   Decrease number of Java threads
#   Decrease Java thread stack sizes (-Xss)
#   Set larger code cache with -XX:ReservedCodeCacheSize=
# This output file may be truncated or incomplete.
#
#  Out of Memory Error (allocation.cpp:390), pid=8404, tid=0x0000000000003208
#
# JRE version: Java(TM) SE Runtime Environment (8.0_92-b14) (build 1.8.0_92-b14)
# Java VM: Java HotSpot(TM) 64-Bit Server VM (25.92-b14 mixed mode windows-amd64 compressed oops)
# Failed to write core dump. Minidumps are not enabled by default on client versions of Windows
#

---------------  T H R E A D  ---------------

Current thread (0x000000000759c800):  JavaThread "C2 CompilerThread1" daemon [_thread_in_native, id=12808, stack(0x0000000008a30000,0x0000000008b30000)]

Stack: [0x0000000008a30000,0x0000000008b30000]
[error occurred during error reporting (printing stack bounds), id 0xc0000005]

Native frames: (J=compiled Java code, j=interpreted, Vv=VM code, C=native code)


Current CompileTask:
C2:   5002 1325   !   4       com.android.dx.cf.code.BytecodeArray::parseInstruction (2764 bytes)


---------------  P R O C E S S  ---------------

Java Threads: ( => current thread )
  0x0000000007614800 JavaThread "Service Thread" daemon [_thread_blocked, id=5512, stack(0x0000000008d30000,0x0000000008e30000)]
  0x0000000007600800 JavaThread "C1 CompilerThread3" daemon [_thread_blocked, id=13192, stack(0x0000000008c30000,0x0000000008d30000)]
  0x00000000075e4000 JavaThread "C2 CompilerThread2" daemon [_thread_in_native, id=15020, stack(0x0000000008b30000,0x0000000008c30000)]
=>0x000000000759c800 JavaThread "C2 CompilerThread1" daemon [_thread_in_native, id=12808, stack(0x0000000008a30000,0x0000000008b30000)]
  0x0000000007592800 JavaThread "C2 CompilerThread0" daemon [_thread_in_native, id=14052, stack(0x0000000008930000,0x0000000008a30000)]
  0x0000000007591800 JavaThread "Attach Listener" daemon [_thread_blocked, id=15744, stack(0x0000000008830000,0x0000000008930000)]
  0x0000000007590800 JavaThread "Signal Dispatcher" daemon [_thread_blocked, id=12304, stack(0x0000000008730000,0x0000000008830000)]
  0x0000000007541000 JavaThread "Finalizer" daemon [_thread_blocked, id=11268, stack(0x0000000008490000,0x0000000008590000)]
  0x0000000007516000 JavaThread "Reference Handler" daemon [_thread_blocked, id=6284, stack(0x0000000008390000,0x0000000008490000)]
  0x00000000025a7800 JavaThread "main" [_thread_in_Java, id=15836, stack(0x0000000002450000,0x0000000002550000)]

Other Threads:
  0x00000000061c2800 VMThread [stack: 0x0000000008290000,0x0000000008390000] [id=5056]
  0x000000000761a000 WatcherThread [stack: 0x0000000008e30000,0x0000000008f30000] [id=8664]

VM state:not at safepoint (normal execution)

VM Mutex/Monitor currently owned by a thread: None

Heap:
 PSYoungGen      total 38400K, used 29151K [0x00000000eab00000, 0x00000000ef600000, 0x0000000100000000)
  eden space 33280K, 72% used [0x00000000eab00000,0x00000000ec27d060,0x00000000ecb80000)
  from space 5120K, 99% used [0x00000000ecb80000,0x00000000ed07acc8,0x00000000ed080000)
  to   space 5120K, 0% used [0x00000000ef100000,0x00000000ef100000,0x00000000ef600000)
 ParOldGen       total 87552K, used 1197K [0x00000000c0000000, 0x00000000c5580000, 0x00000000eab00000)
  object space 87552K, 1% used [0x00000000c0000000,0x00000000c012b448,0x00000000c5580000)
 Metaspace       used 5683K, capacity 7024K, committed 7296K, reserved 1056768K
  class space    used 556K, capacity 616K, committed 640K, reserved 1048576K

Card table byte_map: [0x0000000002a60000,0x0000000002c70000] byte_map_base: 0x0000000002460000

Marking Bits: (ParMarkBitMap*) 0x000000006bad64f0
 Begin Bits: [0x00000000035d0000, 0x00000000045d0000)
 End Bits:   [0x00000000045d0000, 0x00000000055d0000)

Polling page: 0x0000000002380000

CodeCache: size=245760Kb used=6526Kb max_used=6526Kb free=239233Kb
 bounds [0x000000000f010000, 0x000000000f680000, 0x000000001e010000]
 total_blobs=1785 nmethods=1527 adapters=171
 compilation: enabled

Compilation events (10 events):
Event: 4.990 Thread 0x0000000007600800 1534       3       com.android.dx.dex.file.MethodIdItem::getMethodRef (8 bytes)
Event: 4.990 Thread 0x0000000007600800 nmethod 1534 0x000000000f671590 code [0x000000000f671700, 0x000000000f6719d0]
Event: 4.990 Thread 0x0000000007600800 1535       3       com.android.dx.dex.file.IdItem::addContents (15 bytes)
Event: 4.991 Thread 0x0000000007600800 nmethod 1535 0x000000000f671a50 code [0x000000000f671bc0, 0x000000000f671e68]
Event: 4.991 Thread 0x0000000007600800 1538       3       com.android.dx.dex.file.MixedItemSection::intern (39 bytes)
Event: 4.991 Thread 0x0000000007600800 nmethod 1538 0x000000000f671f50 code [0x000000000f672100, 0x000000000f6727b8]
Event: 4.991 Thread 0x0000000007600800 1540       3       com.android.dx.dex.file.TypeIdsSection::intern (62 bytes)
Event: 4.992 Thread 0x0000000007600800 nmethod 1540 0x000000000f6729d0 code [0x000000000f672be0, 0x000000000f673648]
Event: 4.992 Thread 0x0000000007600800 1539       1       com.android.dx.dex.file.DexFile::getTypeLists (5 bytes)
Event: 4.992 Thread 0x0000000007600800 nmethod 1539 0x000000000f673b10 code [0x000000000f673c60, 0x000000000f673d70]

GC Heap History (2 events):
Event: 4.125 GC heap before
{Heap before GC invocations=1 (full 0):
 PSYoungGen      total 38400K, used 33280K [0x00000000eab00000, 0x00000000ed580000, 0x0000000100000000)
  eden space 33280K, 100% used [0x00000000eab00000,0x00000000ecb80000,0x00000000ecb80000)
  from space 5120K, 0% used [0x00000000ed080000,0x00000000ed080000,0x00000000ed580000)
  to   space 5120K, 0% used [0x00000000ecb80000,0x00000000ecb80000,0x00000000ed080000)
 ParOldGen       total 87552K, used 0K [0x00000000c0000000, 0x00000000c5580000, 0x00000000eab00000)
  object space 87552K, 0% used [0x00000000c0000000,0x00000000c0000000,0x00000000c5580000)
 Metaspace       used 5453K, capacity 6832K, committed 7040K, reserved 1056768K
  class space    used 547K, capacity 616K, committed 640K, reserved 1048576K
Event: 4.174 GC heap after
Heap after GC invocations=1 (full 0):
 PSYoungGen      total 38400K, used 5099K [0x00000000eab00000, 0x00000000ef600000, 0x0000000100000000)
  eden space 33280K, 0% used [0x00000000eab00000,0x00000000eab00000,0x00000000ecb80000)
  from space 5120K, 99% used [0x00000000ecb80000,0x00000000ed07acc8,0x00000000ed080000)
  to   space 5120K, 0% used [0x00000000ef100000,0x00000000ef100000,0x00000000ef600000)
 ParOldGen       total 87552K, used 1197K [0x00000000c0000000, 0x00000000c5580000, 0x00000000eab00000)
  object space 87552K, 1% used [0x00000000c0000000,0x00000000c012b448,0x00000000c5580000)
 Metaspace       used 5453K, capacity 6832K, committed 7040K, reserved 1056768K
  class space    used 547K, capacity 616K, committed 640K, reserved 1048576K
}

Deoptimization events (10 events):
Event: 4.957 Thread 0x00000000025a7800 Uncommon trap: reason=class_check action=maybe_recompile pc=0x000000000f429a08 method=java.util.Arrays.hashCode([Ljava/lang/Object;)I @ 43
Event: 4.957 Thread 0x00000000025a7800 Uncommon trap: reason=class_check action=maybe_recompile pc=0x000000000f429fe8 method=java.util.Arrays.hashCode([Ljava/lang/Object;)I @ 43
Event: 4.957 Thread 0x00000000025a7800 Uncommon trap: reason=unstable_if action=reinterpret pc=0x000000000f1ac104 method=java.lang.String.replace(CC)Ljava/lang/String; @ 26
Event: 4.959 Thread 0x00000000025a7800 Uncommon trap: reason=bimorphic action=maybe_recompile pc=0x000000000f25aa58 method=java.util.HashMap.getNode(ILjava/lang/Object;)Ljava/util/HashMap$Node; @ 126
Event: 4.959 Thread 0x00000000025a7800 Uncommon trap: reason=class_check action=maybe_recompile pc=0x000000000f3fc848 method=java.util.HashMap.putVal(ILjava/lang/Object;Ljava/lang/Object;ZZ)Ljava/lang/Object; @ 203
Event: 4.960 Thread 0x00000000025a7800 Uncommon trap: reason=bimorphic action=maybe_recompile pc=0x000000000f25aa58 method=java.util.HashMap.getNode(ILjava/lang/Object;)Ljava/util/HashMap$Node; @ 126
Event: 4.961 Thread 0x00000000025a7800 Uncommon trap: reason=bimorphic action=maybe_recompile pc=0x000000000f25aa58 method=java.util.HashMap.getNode(ILjava/lang/Object;)Ljava/util/HashMap$Node; @ 126
Event: 4.962 Thread 0x00000000025a7800 Uncommon trap: reason=unstable_if action=reinterpret pc=0x000000000f3fc804 method=java.util.HashMap.putVal(ILjava/lang/Object;Ljava/lang/Object;ZZ)Ljava/lang/Object; @ 94
Event: 4.984 Thread 0x00000000025a7800 Uncommon trap: reason=bimorphic action=maybe_recompile pc=0x000000000f25aa58 method=java.util.HashMap.getNode(ILjava/lang/Object;)Ljava/util/HashMap$Node; @ 126
Event: 4.985 Thread 0x00000000025a7800 Uncommon trap: reason=bimorphic action=maybe_recompile pc=0x000000000f1f8e94 method=java.util.HashMap.getNode(ILjava/lang/Object;)Ljava/util/HashMap$Node; @ 126

Internal exceptions (3 events):
Event: 0.059 Thread 0x00000000025a7800 Exception <a 'java/lang/NoSuchMethodError': Method sun.misc.Unsafe.defineClass(Ljava/lang/String;[BII)Ljava/lang/Class; name or signature does not match> (0x00000000eab07cc0) thrown at [D:\re\workspace\8-2-build-windows-amd64-cygwin\jdk8u92\6642\hotspot\sr		Bı
Event: 0.059 Thread 0x00000000025a7800 Exception <a 'java/lang/NoSuchMethodError': Method sun.misc.Unsafe.prefetchRead(Ljava/lang/Object;J)V name or signature does not match> (0x00000000eab07fa8) thrown at [D:\re\workspace\8-2-build-windows-amd64-cygwin\jdk8u92\6642\hotspot\src\share\vm\prims\jX±∆©Ïç?
Event: 1.035 Thread 0x00000000025a7800 Implicit null exception at 0x000000000f2cbf5c to 0x000000000f2cd5b1

Events (10 events):
Event: 4.984 Thread 0x00000000025a7800 Uncommon trap: trap_request=0xffffffc6 fr.pc=0x000000000f25aa58
Event: 4.984 Thread 0x00000000025a7800 DEOPT PACKING pc=0x000000000f25aa58 sp=0x000000000254ed60
Event: 4.984 Thread 0x00000000025a7800 DEOPT UNPACKING pc=0x000000000f05582a sp=0x000000000254ec88 mode 2
Event: 4.985 Thread 0x00000000025a7800 Uncommon trap: trap_request=0xffffffc6 fr.pc=0x000000000f1f8e94
Event: 4.985 Thread 0x00000000025a7800 DEOPT PACKING pc=0x000000000f1f8e94 sp=0x000000000254ed00
Event: 4.985 Thread 0x00000000025a7800 DEOPT UNPACKING pc=0x000000000f05582a sp=0x000000000254ec88 mode 2
Event: 4.986 loading class com/android/dx/dex/file/ProtoIdItem
Event: 4.986 loading class com/android/dx/dex/file/ProtoIdItem done
Event: 4.992 loading class com/android/dex/Leb128
Event: 4.992 loading class com/android/dex/Leb128 done


Dynamic libraries:
0x00007ff647010000 - 0x00007ff647047000 	C:\Program Files\Java\jdk1.8.0_92\bin\java.exe
0x00007ffbb7ee0000 - 0x00007ffbb80a1000 	C:\WINDOWS\SYSTEM32\ntdll.dll
0x00007ffbb7410000 - 0x00007ffbb74bd000 	C:\WINDOWS\system32\KERNEL32.DLL
0x00007ffbb4a80000 - 0x00007ffbb4c68000 	C:\WINDOWS\system32\KERNELBASE.dll
0x000000006c5d0000 - 0x000000006c67e000 	C:\Program Files\Bitdefender\Bitdefender 2016\Active Virus Control\Avc3_00369_042\avcuf64.dll
0x00007ffbb2c80000 - 0x00007ffbb2cf9000 	C:\WINDOWS\system32\apphelp.dll
0x00007ffb8ef20000 - 0x00007ffb8f3a3000 	C:\WINDOWS\AppPatch\AppPatch64\AcLayers.DLL
0x00007ffbb7e40000 - 0x00007ffbb7edd000 	C:\WINDOWS\system32\msvcrt.dll
0x00007ffbb5be0000 - 0x00007ffbb5d36000 	C:\WINDOWS\system32\USER32.dll
0x00007ffbb5a10000 - 0x00007ffbb5b96000 	C:\WINDOWS\system32\GDI32.dll
0x00007ffbb5340000 - 0x00007ffbb5392000 	C:\WINDOWS\system32\SHLWAPI.dll
0x00007ffbb5640000 - 0x00007ffbb58bd000 	C:\WINDOWS\system32\combase.dll
0x00007ffbb74c0000 - 0x00007ffbb75dc000 	C:\WINDOWS\system32\RPCRT4.dll
0x00007ffbb4950000 - 0x00007ffbb49ba000 	C:\WINDOWS\system32\bcryptPrimitives.dll
0x00000000003f0000 - 0x00000000003f3000 	C:\WINDOWS\SYSTEM32\sfc.dll
0x00007ffbaf530000 - 0x00007ffbaf5b4000 	C:\WINDOWS\SYSTEM32\WINSPOOL.DRV
0x00007ffbb40e0000 - 0x00007ffbb4109000 	C:\WINDOWS\SYSTEM32\bcrypt.dll
0x00007ffb9b580000 - 0x00007ffb9b591000 	C:\WINDOWS\SYSTEM32\sfc_os.DLL
0x00007ffbab260000 - 0x00007ffbab271000 	C:\WINDOWS\SYSTEM32\SortWindows61.dll
0x00007ffbb5ba0000 - 0x00007ffbb5bdb000 	C:\WINDOWS\system32\IMM32.DLL
0x00007ffbb3740000 - 0x00007ffbb3771000 	C:\Windows\system32\nvinitx.dll
0x00007ffbb7960000 - 0x00007ffbb7a07000 	C:\WINDOWS\system32\ADVAPI32.dll
0x00007ffbb52c0000 - 0x00007ffbb531b000 	C:\WINDOWS\system32\sechost.dll
0x00007ffbb3730000 - 0x00007ffbb373a000 	C:\WINDOWS\SYSTEM32\VERSION.dll
0x000000000f000000 - 0x000000000f006000 	C:\Program Files\NVIDIA Corporation\CoProcManager\_etoured.dll
0x00007ffbb0c70000 - 0x00007ffbb0ca3000 	C:\Program Files\NVIDIA Corporation\CoProcManager\nvd3d9wrapx.dll
0x00007ffbb7a10000 - 0x00007ffbb7e39000 	C:\WINDOWS\system32\SETUPAPI.dll
0x00007ffbb4740000 - 0x00007ffbb4783000 	C:\WINDOWS\system32\CFGMGR32.dll
0x00007ffbb2ab0000 - 0x00007ffbb2ad2000 	C:\Program Files\NVIDIA Corporation\CoProcManager\nvdxgiwrapx.dll
0x00007ffbafb40000 - 0x00007ffbafdb4000 	C:\WINDOWS\WinSxS\amd64_microsoft.windows.common-controls_6595b64144ccf1df_6.0.10586.494_none_a2d8b04ea53e3145\COMCTL32.dll
0x000000006bf50000 - 0x000000006c022000 	C:\Program Files\Java\jdk1.8.0_92\jre\bin\msvcr100.dll
0x000000006b2c0000 - 0x000000006bb56000 	C:\Program Files\Java\jdk1.8.0_92\jre\bin\server\jvm.dll
0x00007ffbb5930000 - 0x00007ffbb5938000 	C:\WINDOWS\system32\PSAPI.DLL
0x00007ffba8e80000 - 0x00007ffba8e89000 	C:\WINDOWS\SYSTEM32\WSOCK32.dll
0x00007ffbb7640000 - 0x00007ffbb76ab000 	C:\WINDOWS\system32\WS2_32.dll
0x00007ffbb2a80000 - 0x00007ffbb2aa3000 	C:\WINDOWS\SYSTEM32\WINMM.dll
0x00007ffbb2a50000 - 0x00007ffbb2a7c000 	C:\WINDOWS\SYSTEM32\WINMMBASE.dll
0x000000006bbd0000 - 0x000000006bbdf000 	C:\Program Files\Java\jdk1.8.0_92\jre\bin\verify.dll
0x000000006b290000 - 0x000000006b2b9000 	C:\Program Files\Java\jdk1.8.0_92\jre\bin\java.dll
0x000000006bbb0000 - 0x000000006bbc6000 	C:\Program Files\Java\jdk1.8.0_92\jre\bin\zip.dll
0x00007ffbb5d40000 - 0x00007ffbb729c000 	C:\WINDOWS\system32\SHELL32.dll
0x00007ffbb4c70000 - 0x00007ffbb52b5000 	C:\WINDOWS\system32\windows.storage.dll
0x00007ffbb4510000 - 0x00007ffbb451f000 	C:\WINDOWS\system32\kernel.appcore.dll
0x0000000008670000 - 0x0000000008725000 	C:\WINDOWS\system32\shcore.dll
0x00007ffbb4520000 - 0x00007ffbb456b000 	C:\WINDOWS\system32\powrprof.dll
0x00007ffbb44e0000 - 0x00007ffbb44f4000 	C:\WINDOWS\system32\profapi.dll

VM Arguments:
jvm_args: -Djava.awt.headless=true -Xmx1024M -Dfile.encoding=windows-1252 -Duser.country=US -Duser.language=en -Duser.variant 
java_command: com.android.dx.command.Main --dex --force-jumbo --multi-dex --output C:\Users\kikkos\AndroidStudioProjects\Udacity\myMovieNews\app\build\intermediates\transforms\dex\debug\folders\1000\5\slice_1 C:\Users\kikkos\AndroidStudioProjects\Udacity\myMovieNews\app\build\intermediates\transforms\instantRunSlicer\debug\folders\1\5\slice_1
java_class_path (initial): C:\Users\kikkos\AppData\Local\Android\sdk\build-tools\22.0.1\lib\dx.jar
Launcher Type: SUN_STANDARD

Environment Variables:
JAVA_HOME=C:\Program Files\Java\jdk1.8.0_92
PATH=C:\Program Files (x86)\Intel\iCLS Client\;C:\Program Files\Intel\iCLS Client\;C:\ProgramData\Oracle\Java\javapath;C:\Program Files\ImageMagick-6.8.9-Q16;C:\WINDOWS\system32;C:\WINDOWS;C:\WINDOWS\System32\Wbem;C:\Program Files\Lenovo\Bluetooth Software\;C:\Program Files\Lenovo\Bluetooth Software\syswow64;C:\Program Files\Intel\WiFi\bin\;C:\Program Files\Common Files\Intel\WirelessCommon\;C:\Program Files\Microsoft\Web Platform Installer\;C:\WINDOWS\System32\WindowsPowerShell\v1.0\;C:\Program Files\Microsoft SQL Server\110\Tools\Binn\;C:\Program Files\Sublime Text 2;C:\Program Files (x86)\Heroku\bin;C:\Program Files\Intel\Intel(R) Management Engine Components\DAL;C:\Program Files\Intel\Intel(R) Management Engine Components\IPT;C:\Program Files (x86)\Intel\Intel(R) Management Engine Components\DAL;C:\Program Files (x86)\Intel\Intel(R) Management Engine Components\IPT;C:\Program Files (x86)\NVIDIA Corporation\PhysX\Common;C:\WINDOWS\system32;C:\WINDOWS;C:\WINDOWS\System32\Wbem;C:\WINDOWS\System32\WindowsPowerShell\v1.0\;C:\Program Files (x86)\Skype\Phone\;C:\Ruby23-x64\bin;C:\Program Files (x86)\MySQL\MySQL Fabric 1.5 & MySQL Utilities 1.5\;C:\Program Files (x86)\MySQL\MySQL Fabric 1.5 & MySQL Utilities 1.5\Doctrine extensions for PHP\;C:\Program Files\MySQL\MySQL Server 5.7\bin;C:\RailsInstaller\Ruby2.2.0\bin;C:\Users\kikkos\AppData\Local\GitHub\PortableGit_d76a6a98c9315931ec4927243517bc09e9b731a0\cmd;C:\Ruby22-x64\bin;C:\Program Files (x86)\Heroku\ruby-1.9.3\bin;C:\Program Files\Intel\WiFi\bin\;C:\Program Files\Common Files\Intel\WirelessCommon\;C:\Program Files\MongoDB\Server\3.2\bin;C:\sqlite
USERNAME=kikkos
OS=Windows_NT
PROCESSOR_IDENTIFIER=Intel64 Family 6 Model 42 Stepping 7, GenuineIntel



---------------  S Y S T E M  ---------------

OS: Windows 10.0 , 64 bit Build 10586 (10.0.10586.0)

CPU:total 8 (4 cores per cpu, 2 threads per core) family 6 model 42 stepping 7, cmov, cx8, fxsr, mmx, sse, sse2, sse3, ssse3, sse4.1, sse4.2, popcnt, avx, aes, clmul, ht, tsc, tscinvbit

Memory: 4k page, physical 8300684k(1829680k free), swap 8505484k(6196k free)

vm_info: Java HotSpot(TM) 64-Bit Server VM (25.92-b14) for windows-amd64 JRE (1.8.0_92-b14), built on Mar 31 2016 21:03:04 by "java_re" with MS VC++ 10.0 (VS2010)

time: Thu Sep 15 09:37:01 2016
elapsed time: 5 seconds (0d 0h 0m 5s)

