#
# There is insufficient memory for the Java Runtime Environment to continue.
# Native memory allocation (malloc) failed to allocate 646256 bytes for Chunk::new
# Possible reasons:
#   The system is out of physical RAM or swap space
#   In 32 bit mode, the process size limit was hit
# Possible solutions:
#   Reduce memory load on the system
#   Increase physical memory or swap space
#   Check if swap backing store is full
#   Use 64 bit Java on a 64 bit OS
#   Decrease Java heap size (-Xmx/-Xms)
#   Decrease number of Java threads
#   Decrease Java thread stack sizes (-Xss)
#   Set larger code cache with -XX:ReservedCodeCacheSize=
# This output file may be truncated or incomplete.
#
#  Out of Memory Error (allocation.cpp:390), pid=2252, tid=0x0000000000001694
#
# JRE version: Java(TM) SE Runtime Environment (8.0_92-b14) (build 1.8.0_92-b14)
# Java VM: Java HotSpot(TM) 64-Bit Server VM (25.92-b14 mixed mode windows-amd64 compressed oops)
# Failed to write core dump. Minidumps are not enabled by default on client versions of Windows
#

---------------  T H R E A D  ---------------

Current thread (0x000000000766d000):  JavaThread "C2 CompilerThread1" daemon [_thread_in_native, id=5780, stack(0x0000000008af0000,0x0000000008bf0000)]

Stack: [0x0000000008af0000,0x0000000008bf0000]
[error occurred during error reporting (printing stack bounds), id 0xc0000005]

Native frames: (J=compiled Java code, j=interpreted, Vv=VM code, C=native code)


Current CompileTask:
C2:   5996 2276       4       com.android.dx.dex.code.DalvCode::finishProcessingIfNecessary (69 bytes)


---------------  P R O C E S S  ---------------

Java Threads: ( => current thread )
  0x0000000007715800 JavaThread "Service Thread" daemon [_thread_blocked, id=13428, stack(0x0000000008df0000,0x0000000008ef0000)]
  0x000000000768d000 JavaThread "C1 CompilerThread3" daemon [_thread_blocked, id=10108, stack(0x0000000008cf0000,0x0000000008df0000)]
  0x0000000007677800 JavaThread "C2 CompilerThread2" daemon [_thread_in_native, id=4056, stack(0x0000000008bf0000,0x0000000008cf0000)]
=>0x000000000766d000 JavaThread "C2 CompilerThread1" daemon [_thread_in_native, id=5780, stack(0x0000000008af0000,0x0000000008bf0000)]
  0x0000000007667000 JavaThread "C2 CompilerThread0" daemon [_thread_blocked, id=11708, stack(0x00000000089f0000,0x0000000008af0000)]
  0x0000000007666000 JavaThread "Attach Listener" daemon [_thread_blocked, id=6696, stack(0x00000000088f0000,0x00000000089f0000)]
  0x000000000765a800 JavaThread "Signal Dispatcher" daemon [_thread_blocked, id=13964, stack(0x00000000087f0000,0x00000000088f0000)]
  0x0000000007617000 JavaThread "Finalizer" daemon [_thread_blocked, id=13052, stack(0x0000000008550000,0x0000000008650000)]
  0x000000000629e000 JavaThread "Reference Handler" daemon [_thread_blocked, id=13452, stack(0x0000000008450000,0x0000000008550000)]
  0x0000000002677800 JavaThread "main" [_thread_in_vm, id=4484, stack(0x0000000002570000,0x0000000002670000)]

Other Threads:
  0x0000000006292000 VMThread [stack: 0x0000000008350000,0x0000000008450000] [id=13104]
  0x000000000771b800 WatcherThread [stack: 0x0000000008ef0000,0x0000000008ff0000] [id=7208]

VM state:not at safepoint (normal execution)

VM Mutex/Monitor currently owned by a thread: None

Heap:
 PSYoungGen      total 71680K, used 6847K [0x00000000eab00000, 0x00000000f4500000, 0x0000000100000000)
  eden space 66560K, 2% used [0x00000000eab00000,0x00000000eacb1408,0x00000000eec00000)
  from space 5120K, 99% used [0x00000000eec00000,0x00000000ef0feba0,0x00000000ef100000)
  to   space 12288K, 0% used [0x00000000f3900000,0x00000000f3900000,0x00000000f4500000)
 ParOldGen       total 87552K, used 21000K [0x00000000c0000000, 0x00000000c5580000, 0x00000000eab00000)
  object space 87552K, 23% used [0x00000000c0000000,0x00000000c14821f0,0x00000000c5580000)
 Metaspace       used 6485K, capacity 7472K, committed 7552K, reserved 1056768K
  class space    used 607K, capacity 616K, committed 640K, reserved 1048576K

Card table byte_map: [0x0000000002b30000,0x0000000002d40000] byte_map_base: 0x0000000002530000

Marking Bits: (ParMarkBitMap*) 0x000000006bad64f0
 Begin Bits: [0x00000000036a0000, 0x00000000046a0000)
 End Bits:   [0x00000000046a0000, 0x00000000056a0000)

Polling page: 0x0000000000a30000

CodeCache: size=245760Kb used=10814Kb max_used=10835Kb free=234945Kb
 bounds [0x000000000f010000, 0x000000000fab0000, 0x000000001e010000]
 total_blobs=2607 nmethods=2340 adapters=179
 compilation: enabled

Compilation events (10 events):
Event: 5.892 Thread 0x000000000768d000 2363       3       com.android.dx.dex.code.InsnFormat::codeUnit (46 bytes)
Event: 5.893 Thread 0x000000000768d000 nmethod 2363 0x000000000faa3010 code [0x000000000faa31a0, 0x000000000faa34d8]
Event: 5.909 Thread 0x0000000007677800 2365       4       com.android.dx.dex.code.InsnFormat::makeByte (42 bytes)
Event: 5.910 Thread 0x0000000007677800 nmethod 2365 0x000000000fa8ca90 code [0x000000000fa8cbc0, 0x000000000fa8cc58]
Event: 5.910 Thread 0x000000000768d000 2366       3       com.android.dx.dex.code.HighRegisterPrefix::writeTo (40 bytes)
Event: 5.911 Thread 0x0000000007677800 2368 %     4       com.android.dx.dex.code.DalvInsnList::getOutsSize @ 9 (105 bytes)
Event: 5.911 Thread 0x000000000768d000 nmethod 2366 0x000000000faa5950 code [0x000000000faa5ae0, 0x000000000faa6038]
Event: 5.911 Thread 0x000000000768d000 2367       3       com.android.dx.dex.code.form.Form21c::writeTo (34 bytes)
Event: 5.911 Thread 0x000000000768d000 nmethod 2367 0x000000000faa4b90 code [0x000000000faa4d60, 0x000000000faa55a8]
Event: 5.953 Thread 0x0000000007667000 nmethod 2344 0x000000000faaa110 code [0x000000000faaa3c0, 0x000000000faacad0]

GC Heap History (10 events):
Event: 1.812 GC heap before
{Heap before GC invocations=1 (full 0):
 PSYoungGen      total 38400K, used 33280K [0x00000000eab00000, 0x00000000ed580000, 0x0000000100000000)
  eden space 33280K, 100% used [0x00000000eab00000,0x00000000ecb80000,0x00000000ecb80000)
  from space 5120K, 0% used [0x00000000ed080000,0x00000000ed080000,0x00000000ed580000)
  to   space 5120K, 0% used [0x00000000ecb80000,0x00000000ecb80000,0x00000000ed080000)
 ParOldGen       total 87552K, used 0K [0x00000000c0000000, 0x00000000c5580000, 0x00000000eab00000)
  object space 87552K, 0% used [0x00000000c0000000,0x00000000c0000000,0x00000000c5580000)
 Metaspace       used 5767K, capacity 6960K, committed 7040K, reserved 1056768K
  class space    used 566K, capacity 616K, committed 640K, reserved 1048576K
Event: 1.831 GC heap after
Heap after GC invocations=1 (full 0):
 PSYoungGen      total 38400K, used 5100K [0x00000000eab00000, 0x00000000ed580000, 0x0000000100000000)
  eden space 33280K, 0% used [0x00000000eab00000,0x00000000eab00000,0x00000000ecb80000)
  from space 5120K, 99% used [0x00000000ecb80000,0x00000000ed07b090,0x00000000ed080000)
  to   space 5120K, 0% used [0x00000000ed080000,0x00000000ed080000,0x00000000ed580000)
 ParOldGen       total 87552K, used 2269K [0x00000000c0000000, 0x00000000c5580000, 0x00000000eab00000)
  object space 87552K, 2% used [0x00000000c0000000,0x00000000c0237538,0x00000000c5580000)
 Metaspace       used 5767K, capacity 6960K, committed 7040K, reserved 1056768K
  class space    used 566K, capacity 616K, committed 640K, reserved 1048576K
}
Event: 2.433 GC heap before
{Heap before GC invocations=2 (full 0):
 PSYoungGen      total 38400K, used 38380K [0x00000000eab00000, 0x00000000ed580000, 0x0000000100000000)
  eden space 33280K, 100% used [0x00000000eab00000,0x00000000ecb80000,0x00000000ecb80000)
  from space 5120K, 99% used [0x00000000ecb80000,0x00000000ed07b090,0x00000000ed080000)
  to   space 5120K, 0% used [0x00000000ed080000,0x00000000ed080000,0x00000000ed580000)
 ParOldGen       total 87552K, used 2269K [0x00000000c0000000, 0x00000000c5580000, 0x00000000eab00000)
  object space 87552K, 2% used [0x00000000c0000000,0x00000000c0237538,0x00000000c5580000)
 Metaspace       used 5827K, capacity 7024K, committed 7296K, reserved 1056768K
  class space    used 566K, capacity 616K, committed 640K, reserved 1048576K
Event: 2.468 GC heap after
Heap after GC invocations=2 (full 0):
 PSYoungGen      total 38400K, used 5104K [0x00000000eab00000, 0x00000000ef600000, 0x0000000100000000)
  eden space 33280K, 0% used [0x00000000eab00000,0x00000000eab00000,0x00000000ecb80000)
  from space 5120K, 99% used [0x00000000ed080000,0x00000000ed57c148,0x00000000ed580000)
  to   space 5120K, 0% used [0x00000000ecb80000,0x00000000ecb80000,0x00000000ed080000)
 ParOldGen       total 87552K, used 5941K [0x00000000c0000000, 0x00000000c5580000, 0x00000000eab00000)
  object space 87552K, 6% used [0x00000000c0000000,0x00000000c05cd580,0x00000000c5580000)
 Metaspace       used 5827K, capacity 7024K, committed 7296K, reserved 1056768K
  class space    used 566K, capacity 616K, committed 640K, reserved 1048576K
}
Event: 3.008 GC heap before
{Heap before GC invocations=3 (full 0):
 PSYoungGen      total 38400K, used 38384K [0x00000000eab00000, 0x00000000ef600000, 0x0000000100000000)
  eden space 33280K, 100% used [0x00000000eab00000,0x00000000ecb80000,0x00000000ecb80000)
  from space 5120K, 99% used [0x00000000ed080000,0x00000000ed57c148,0x00000000ed580000)
  to   space 5120K, 0% used [0x00000000ecb80000,0x00000000ecb80000,0x00000000ed080000)
 ParOldGen       total 87552K, used 5941K [0x00000000c0000000, 0x00000000c5580000, 0x00000000eab00000)
  object space 87552K, 6% used [0x00000000c0000000,0x00000000c05cd580,0x00000000c5580000)
 Metaspace       used 5884K, capacity 7024K, committed 7296K, reserved 1056768K
  class space    used 566K, capacity 616K, committed 640K, reserved 1048576K
Event: 3.040 GC heap after
Heap after GC invocations=3 (full 0):
 PSYoungGen      total 38400K, used 5100K [0x00000000eab00000, 0x00000000ef600000, 0x0000000100000000)
  eden space 33280K, 0% used [0x00000000eab00000,0x00000000eab00000,0x00000000ecb80000)
  from space 5120K, 99% used [0x00000000ecb80000,0x00000000ed07b2e0,0x00000000ed080000)
  to   space 5120K, 0% used [0x00000000ef100000,0x00000000ef100000,0x00000000ef600000)
 ParOldGen       total 87552K, used 10670K [0x00000000c0000000, 0x00000000c5580000, 0x00000000eab00000)
  object space 87552K, 12% used [0x00000000c0000000,0x00000000c0a6b870,0x00000000c5580000)
 Metaspace       used 5884K, capacity 7024K, committed 7296K, reserved 1056768K
  class space    used 566K, capacity 616K, committed 640K, reserved 1048576K
}
Event: 3.969 GC heap before
{Heap before GC invocations=4 (full 0):
 PSYoungGen      total 38400K, used 38380K [0x00000000eab00000, 0x00000000ef600000, 0x0000000100000000)
  eden space 33280K, 100% used [0x00000000eab00000,0x00000000ecb80000,0x00000000ecb80000)
  from space 5120K, 99% used [0x00000000ecb80000,0x00000000ed07b2e0,0x00000000ed080000)
  to   space 5120K, 0% used [0x00000000ef100000,0x00000000ef100000,0x00000000ef600000)
 ParOldGen       total 87552K, used 10670K [0x00000000c0000000, 0x00000000c5580000, 0x00000000eab00000)
  object space 87552K, 12% used [0x00000000c0000000,0x00000000c0a6b870,0x00000000c5580000)
 Metaspace       used 5995K, capacity 7088K, committed 7296K, reserved 1056768K
  class space    used 585K, capacity 616K, committed 640K, reserved 1048576K
Event: 4.012 GC heap after
Heap after GC invocations=4 (full 0):
 PSYoungGen      total 71680K, used 5109K [0x00000000eab00000, 0x00000000ef600000, 0x0000000100000000)
  eden space 66560K, 0% used [0x00000000eab00000,0x00000000eab00000,0x00000000eec00000)
  from space 5120K, 99% used [0x00000000ef100000,0x00000000ef5fd6e0,0x00000000ef600000)
  to   space 5120K, 0% used [0x00000000eec00000,0x00000000eec00000,0x00000000ef100000)
 ParOldGen       total 87552K, used 15431K [0x00000000c0000000, 0x00000000c5580000, 0x00000000eab00000)
  object space 87552K, 17% used [0x00000000c0000000,0x00000000c0f11fb0,0x00000000c5580000)
 Metaspace       used 5995K, capacity 7088K, committed 7296K, reserved 1056768K
  class space    used 585K, capacity 616K, committed 640K, reserved 1048576K
}
Event: 5.774 GC heap before
{Heap before GC invocations=5 (full 0):
 PSYoungGen      total 71680K, used 71669K [0x00000000eab00000, 0x00000000ef600000, 0x0000000100000000)
  eden space 66560K, 100% used [0x00000000eab00000,0x00000000eec00000,0x00000000eec00000)
  from space 5120K, 99% used [0x00000000ef100000,0x00000000ef5fd6e0,0x00000000ef600000)
  to   space 5120K, 0% used [0x00000000eec00000,0x00000000eec00000,0x00000000ef100000)
 ParOldGen       total 87552K, used 15431K [0x00000000c0000000, 0x00000000c5580000, 0x00000000eab00000)
  object space 87552K, 17% used [0x00000000c0000000,0x00000000c0f11fb0,0x00000000c5580000)
 Metaspace       used 6439K, capacity 7408K, committed 7552K, reserved 1056768K
  class space    used 607K, capacity 616K, committed 640K, reserved 1048576K
Event: 5.801 GC heap after
Heap after GC invocations=5 (full 0):
 PSYoungGen      total 71680K, used 5114K [0x00000000eab00000, 0x00000000f4500000, 0x0000000100000000)
  eden space 66560K, 0% used [0x00000000eab00000,0x00000000eab00000,0x00000000eec00000)
  from space 5120K, 99% used [0x00000000eec00000,0x00000000ef0feba0,0x00000000ef100000)
  to   space 12288K, 0% used [0x00000000f3900000,0x00000000f3900000,0x00000000f4500000)
 ParOldGen       total 87552K, used 21000K [0x00000000c0000000, 0x00000000c5580000, 0x00000000eab00000)
  object space 87552K, 23% used [0x00000000c0000000,0x00000000c14821f0,0x00000000c5580000)
 Metaspace       used 6439K, capacity 7408K, committed 7552K, reserved 1056768K
  class space    used 607K, capacity 616K, committed 640K, reserved 1048576K
}

Deoptimization events (10 events):
Event: 5.134 Thread 0x0000000002677800 Uncommon trap: reason=speculate_class_check action=maybe_recompile pc=0x000000000f39fa14 method=com.android.dx.util.FixedSizeList.equals(Ljava/lang/Object;)Z @ 25
Event: 5.134 Thread 0x0000000002677800 Uncommon trap: reason=speculate_class_check action=maybe_recompile pc=0x000000000f39fa14 method=com.android.dx.util.FixedSizeList.equals(Ljava/lang/Object;)Z @ 25
Event: 5.135 Thread 0x0000000002677800 Uncommon trap: reason=speculate_class_check action=maybe_recompile pc=0x000000000f39fa14 method=com.android.dx.util.FixedSizeList.equals(Ljava/lang/Object;)Z @ 25
Event: 5.135 Thread 0x0000000002677800 Uncommon trap: reason=unstable_if action=reinterpret pc=0x000000000f8e6a08 method=java.util.TreeMap.put(Ljava/lang/Object;Ljava/lang/Object;)Ljava/lang/Object; @ 163
Event: 5.223 Thread 0x0000000002677800 Uncommon trap: reason=unstable_if action=reinterpret pc=0x000000000f95becc method=com.android.dx.dex.code.OutputFinisher.findOpcodeForInsn(Lcom/android/dx/dex/code/DalvInsn;Lcom/android/dx/dex/code/Dop;)Lcom/android/dx/dex/code/Dop; @ 1
Event: 5.427 Thread 0x0000000002677800 Uncommon trap: reason=unstable_if action=reinterpret pc=0x000000000f9c38ac method=com.android.dx.rop.code.RegisterSpecSet.findMatchingLocal(Lcom/android/dx/rop/code/RegisterSpec;)Lcom/android/dx/rop/code/RegisterSpec; @ 35
Event: 5.543 Thread 0x0000000002677800 Uncommon trap: reason=unstable_if action=reinterpret pc=0x000000000f9684a0 method=java.util.ArrayList.<init>(I)V @ 5
Event: 5.755 Thread 0x0000000002677800 Uncommon trap: reason=unstable_if action=reinterpret pc=0x000000000fa3729c method=com.android.dx.dex.file.DebugInfoEncoder.emitLocalsAtAddress(I)I @ 137
Event: 5.766 Thread 0x0000000002677800 Uncommon trap: reason=unstable_if action=reinterpret pc=0x000000000fa3a39c method=com.android.dx.util.ByteArrayAnnotatedOutput.ensureCapacity(I)V @ 6
Event: 5.803 Thread 0x0000000002677800 Uncommon trap: reason=unstable_if action=reinterpret pc=0x000000000fa0d1c4 method=com.android.dx.util.ByteArrayAnnotatedOutput.writeByte(I)V @ 13

Internal exceptions (7 events):
Event: 0.043 Thread 0x0000000002677800 Exception <a 'java/lang/NoSuchMethodError': Method sun.misc.Unsafe.defineClass(Ljava/lang/String;[BII)Ljava/lang/Class; name or signature does not match> (0x00000000eab07cc0) thrown at [D:\re\workspace\8-2-build-windows-amd64-cygwin\jdk8u92\6642\hotspot\srJæ;ÏÍ‰•?
Event: 0.043 Thread 0x0000000002677800 Exception <a 'java/lang/NoSuchMethodError': Method sun.misc.Unsafe.prefetchRead(Ljava/lang/Object;J)V name or signature does not match> (0x00000000eab07fa8) thrown at [D:\re\workspace\8-2-build-windows-amd64-cygwin\jdk8u92\6642\hotspot\src\share\vm\prims\jBPkï@
Event: 2.198 Thread 0x0000000002677800 Implicit null exception at 0x000000000f444362 to 0x000000000f444452
Event: 2.656 Thread 0x0000000002677800 Implicit null exception at 0x000000000f48b584 to 0x000000000f48c369
Event: 3.111 Thread 0x0000000002677800 Exception <a 'java/lang/ArrayIndexOutOfBoundsException': 18> (0x00000000eafd1fd8) thrown at [D:\re\workspace\8-2-build-windows-amd64-cygwin\jdk8u92\6642\hotspot\src\share\vm\interpreter\interpreterRuntime.cpp, line 366]
Event: 3.112 Thread 0x0000000002677800 Exception <a 'java/lang/ArrayIndexOutOfBoundsException': 145> (0x00000000eafd3b58) thrown at [D:\re\workspace\8-2-build-windows-amd64-cygwin\jdk8u92\6642\hotspot\src\share\vm\interpreter\interpreterRuntime.cpp, line 366]
Event: 3.113 Thread 0x0000000002677800 Exception <a 'java/lang/ArrayIndexOutOfBoundsException'> (0x00000000eafd4e40) thrown at [D:\re\workspace\8-2-build-windows-amd64-cygwin\jdk8u92\6642\hotspot\src\share\vm\runtime\sharedRuntime.cpp, line 605]

Events (10 events):
Event: 5.766 Thread 0x0000000002677800 DEOPT UNPACKING pc=0x000000000f05582a sp=0x000000000266ebc0 mode 2
Event: 5.768 loading class com/android/dx/dex/file/MapItem
Event: 5.768 loading class com/android/dx/dex/file/MapItem done
Event: 5.774 Executing VM operation: ParallelGCFailedAllocation
Event: 5.801 Executing VM operation: ParallelGCFailedAllocation done
Event: 5.803 loading class com/android/dex/DexFormat
Event: 5.803 loading class com/android/dex/DexFormat done
Event: 5.803 Thread 0x0000000002677800 Uncommon trap: trap_request=0xffffff65 fr.pc=0x000000000fa0d1c4
Event: 5.803 Thread 0x0000000002677800 DEOPT PACKING pc=0x000000000fa0d1c4 sp=0x000000000266ede0
Event: 5.803 Thread 0x0000000002677800 DEOPT UNPACKING pc=0x000000000f05582a sp=0x000000000266ed98 mode 2


Dynamic libraries:
0x00007ff647010000 - 0x00007ff647047000 	C:\Program Files\Java\jdk1.8.0_92\bin\java.exe
0x00007ffbb7ee0000 - 0x00007ffbb80a1000 	C:\WINDOWS\SYSTEM32\ntdll.dll
0x00007ffbb7410000 - 0x00007ffbb74bd000 	C:\WINDOWS\system32\KERNEL32.DLL
0x00007ffbb4a80000 - 0x00007ffbb4c68000 	C:\WINDOWS\system32\KERNELBASE.dll
0x000000006c5d0000 - 0x000000006c67e000 	C:\Program Files\Bitdefender\Bitdefender 2016\Active Virus Control\Avc3_00369_042\avcuf64.dll
0x00007ffbb2c80000 - 0x00007ffbb2cf9000 	C:\WINDOWS\system32\apphelp.dll
0x00007ffb8f200000 - 0x00007ffb8f683000 	C:\WINDOWS\AppPatch\AppPatch64\AcLayers.DLL
0x00007ffbb7e40000 - 0x00007ffbb7edd000 	C:\WINDOWS\system32\msvcrt.dll
0x00007ffbb5be0000 - 0x00007ffbb5d36000 	C:\WINDOWS\system32\USER32.dll
0x00007ffbb5a10000 - 0x00007ffbb5b96000 	C:\WINDOWS\system32\GDI32.dll
0x00007ffbb5340000 - 0x00007ffbb5392000 	C:\WINDOWS\system32\SHLWAPI.dll
0x00007ffbb5640000 - 0x00007ffbb58bd000 	C:\WINDOWS\system32\combase.dll
0x00007ffbb74c0000 - 0x00007ffbb75dc000 	C:\WINDOWS\system32\RPCRT4.dll
0x00007ffbb4950000 - 0x00007ffbb49ba000 	C:\WINDOWS\system32\bcryptPrimitives.dll
0x00000000003e0000 - 0x00000000003e3000 	C:\WINDOWS\SYSTEM32\sfc.dll
0x00007ffbaf530000 - 0x00007ffbaf5b4000 	C:\WINDOWS\SYSTEM32\WINSPOOL.DRV
0x00007ffbb40e0000 - 0x00007ffbb4109000 	C:\WINDOWS\SYSTEM32\bcrypt.dll
0x00007ffb9b580000 - 0x00007ffb9b591000 	C:\WINDOWS\SYSTEM32\sfc_os.DLL
0x00007ffbaadd0000 - 0x00007ffbaade1000 	C:\WINDOWS\SYSTEM32\SortWindows61.dll
0x00007ffbb5ba0000 - 0x00007ffbb5bdb000 	C:\WINDOWS\system32\IMM32.DLL
0x00007ffbb3740000 - 0x00007ffbb3771000 	C:\Windows\system32\nvinitx.dll
0x00007ffbb7960000 - 0x00007ffbb7a07000 	C:\WINDOWS\system32\ADVAPI32.dll
0x00007ffbb52c0000 - 0x00007ffbb531b000 	C:\WINDOWS\system32\sechost.dll
0x00007ffbb3730000 - 0x00007ffbb373a000 	C:\WINDOWS\SYSTEM32\VERSION.dll
0x000000000f000000 - 0x000000000f006000 	C:\Program Files\NVIDIA Corporation\CoProcManager\_etoured.dll
0x00007ffbb0c70000 - 0x00007ffbb0ca3000 	C:\Program Files\NVIDIA Corporation\CoProcManager\nvd3d9wrapx.dll
0x00007ffbb7a10000 - 0x00007ffbb7e39000 	C:\WINDOWS\system32\SETUPAPI.dll
0x00007ffbb4740000 - 0x00007ffbb4783000 	C:\WINDOWS\system32\CFGMGR32.dll
0x00007ffbb2ab0000 - 0x00007ffbb2ad2000 	C:\Program Files\NVIDIA Corporation\CoProcManager\nvdxgiwrapx.dll
0x00007ffbafb40000 - 0x00007ffbafdb4000 	C:\WINDOWS\WinSxS\amd64_microsoft.windows.common-controls_6595b64144ccf1df_6.0.10586.494_none_a2d8b04ea53e3145\COMCTL32.dll
0x000000006bcc0000 - 0x000000006bd92000 	C:\Program Files\Java\jdk1.8.0_92\jre\bin\msvcr100.dll
0x000000006b2c0000 - 0x000000006bb56000 	C:\Program Files\Java\jdk1.8.0_92\jre\bin\server\jvm.dll
0x00007ffbb5930000 - 0x00007ffbb5938000 	C:\WINDOWS\system32\PSAPI.DLL
0x00007ffba8e80000 - 0x00007ffba8e89000 	C:\WINDOWS\SYSTEM32\WSOCK32.dll
0x00007ffbb7640000 - 0x00007ffbb76ab000 	C:\WINDOWS\system32\WS2_32.dll
0x00007ffbb2a80000 - 0x00007ffbb2aa3000 	C:\WINDOWS\SYSTEM32\WINMM.dll
0x00007ffbb2a50000 - 0x00007ffbb2a7c000 	C:\WINDOWS\SYSTEM32\WINMMBASE.dll
0x000000006c140000 - 0x000000006c14f000 	C:\Program Files\Java\jdk1.8.0_92\jre\bin\verify.dll
0x000000006c110000 - 0x000000006c139000 	C:\Program Files\Java\jdk1.8.0_92\jre\bin\java.dll
0x000000006c0f0000 - 0x000000006c106000 	C:\Program Files\Java\jdk1.8.0_92\jre\bin\zip.dll
0x00007ffbb5d40000 - 0x00007ffbb729c000 	C:\WINDOWS\system32\SHELL32.dll
0x00007ffbb4c70000 - 0x00007ffbb52b5000 	C:\WINDOWS\system32\windows.storage.dll
0x00007ffbb4510000 - 0x00007ffbb451f000 	C:\WINDOWS\system32\kernel.appcore.dll
0x0000000008730000 - 0x00000000087e5000 	C:\WINDOWS\system32\shcore.dll
0x00007ffbb4520000 - 0x00007ffbb456b000 	C:\WINDOWS\system32\powrprof.dll
0x00007ffbb44e0000 - 0x00007ffbb44f4000 	C:\WINDOWS\system32\profapi.dll

VM Arguments:
jvm_args: -Djava.awt.headless=true -Xmx1024M -Dfile.encoding=windows-1252 -Duser.country=US -Duser.language=en -Duser.variant 
java_command: com.android.dx.command.Main --dex --force-jumbo --multi-dex --output C:\Users\kikkos\AndroidStudioProjects\Udacity\myMovieNews\app\build\intermediates\transforms\dex\debug\folders\1000\10\com.android.support-recyclerview-v7-23.0.1_75f6b21e9a46ff246385d2d1a683706b9fe9b2c1 C:\Users\kikkos\AndroidStudioProjects\Udacity\myMovieNews\app\build\intermediates\exploded-aar\com.android.support\recyclerview-v7\23.0.1\jars\classes.jar
java_class_path (initial): C:\Users\kikkos\AppData\Local\Android\sdk\build-tools\22.0.1\lib\dx.jar
Launcher Type: SUN_STANDARD

Environment Variables:
JAVA_HOME=C:\Program Files\Java\jdk1.8.0_92
PATH=C:\Program Files (x86)\Intel\iCLS Client\;C:\Program Files\Intel\iCLS Client\;C:\ProgramData\Oracle\Java\javapath;C:\Program Files\ImageMagick-6.8.9-Q16;C:\WINDOWS\system32;C:\WINDOWS;C:\WINDOWS\System32\Wbem;C:\Program Files\Lenovo\Bluetooth Software\;C:\Program Files\Lenovo\Bluetooth Software\syswow64;C:\Program Files\Intel\WiFi\bin\;C:\Program Files\Common Files\Intel\WirelessCommon\;C:\Program Files\Microsoft\Web Platform Installer\;C:\WINDOWS\System32\WindowsPowerShell\v1.0\;C:\Program Files\Microsoft SQL Server\110\Tools\Binn\;C:\Program Files\Sublime Text 2;C:\Program Files (x86)\Heroku\bin;C:\Program Files\Intel\Intel(R) Management Engine Components\DAL;C:\Program Files\Intel\Intel(R) Management Engine Components\IPT;C:\Program Files (x86)\Intel\Intel(R) Management Engine Components\DAL;C:\Program Files (x86)\Intel\Intel(R) Management Engine Components\IPT;C:\Program Files (x86)\NVIDIA Corporation\PhysX\Common;C:\WINDOWS\system32;C:\WINDOWS;C:\WINDOWS\System32\Wbem;C:\WINDOWS\System32\WindowsPowerShell\v1.0\;C:\Program Files (x86)\Skype\Phone\;C:\Ruby23-x64\bin;C:\Program Files (x86)\MySQL\MySQL Fabric 1.5 & MySQL Utilities 1.5\;C:\Program Files (x86)\MySQL\MySQL Fabric 1.5 & MySQL Utilities 1.5\Doctrine extensions for PHP\;C:\Program Files\MySQL\MySQL Server 5.7\bin;C:\RailsInstaller\Ruby2.2.0\bin;C:\Users\kikkos\AppData\Local\GitHub\PortableGit_d76a6a98c9315931ec4927243517bc09e9b731a0\cmd;C:\Ruby22-x64\bin;C:\Program Files (x86)\Heroku\ruby-1.9.3\bin;C:\Program Files\Intel\WiFi\bin\;C:\Program Files\Common Files\Intel\WirelessCommon\;C:\Program Files\MongoDB\Server\3.2\bin;C:\sqlite
USERNAME=kikkos
OS=Windows_NT
PROCESSOR_IDENTIFIER=Intel64 Family 6 Model 42 Stepping 7, GenuineIntel



---------------  S Y S T E M  ---------------

OS: Windows 10.0 , 64 bit Build 10586 (10.0.10586.0)

CPU:total 8 (4 cores per cpu, 2 threads per core) family 6 model 42 stepping 7, cmov, cx8, fxsr, mmx, sse, sse2, sse3, ssse3, sse4.1, sse4.2, popcnt, avx, aes, clmul, ht, tsc, tscinvbit

Memory: 4k page, physical 8300684k(1861516k free), swap 8505484k(12880k free)

vm_info: Java HotSpot(TM) 64-Bit Server VM (25.92-b14) for windows-amd64 JRE (1.8.0_92-b14), built on Mar 31 2016 21:03:04 by "java_re" with MS VC++ 10.0 (VS2010)

time: Sat Sep 17 09:57:51 2016
elapsed time: 6 seconds (0d 0h 0m 6s)

