#
# There is insufficient memory for the Java Runtime Environment to continue.
# Native memory allocation (malloc) failed to allocate 131088 bytes for Chunk::new
# Possible reasons:
#   The system is out of physical RAM or swap space
#   In 32 bit mode, the process size limit was hit
# Possible solutions:
#   Reduce memory load on the system
#   Increase physical memory or swap space
#   Check if swap backing store is full
#   Use 64 bit Java on a 64 bit OS
#   Decrease Java heap size (-Xmx/-Xms)
#   Decrease number of Java threads
#   Decrease Java thread stack sizes (-Xss)
#   Set larger code cache with -XX:ReservedCodeCacheSize=
# This output file may be truncated or incomplete.
#
#  Out of Memory Error (allocation.cpp:390), pid=3372, tid=0x00000000000032b0
#
# JRE version: Java(TM) SE Runtime Environment (8.0_92-b14) (build 1.8.0_92-b14)
# Java VM: Java HotSpot(TM) 64-Bit Server VM (25.92-b14 mixed mode windows-amd64 compressed oops)
# Failed to write core dump. Minidumps are not enabled by default on client versions of Windows
#

---------------  T H R E A D  ---------------

Current thread (0x0000000007a88000):  JavaThread "C2 CompilerThread1" daemon [_thread_in_native, id=12976, stack(0x0000000008f10000,0x0000000009010000)]

Stack: [0x0000000008f10000,0x0000000009010000]
[error occurred during error reporting (printing stack bounds), id 0xc0000005]

Native frames: (J=compiled Java code, j=interpreted, Vv=VM code, C=native code)


Current CompileTask:
C2:  14290 2680       4       com.android.dx.dex.code.LocalList::make (102 bytes)


---------------  P R O C E S S  ---------------

Java Threads: ( => current thread )
  0x0000000007a9b000 JavaThread "Service Thread" daemon [_thread_blocked, id=5696, stack(0x0000000009210000,0x0000000009310000)]
  0x0000000007a95800 JavaThread "C1 CompilerThread3" daemon [_thread_blocked, id=4740, stack(0x0000000009110000,0x0000000009210000)]
  0x0000000007a91800 JavaThread "C2 CompilerThread2" daemon [_thread_blocked, id=2916, stack(0x0000000009010000,0x0000000009110000)]
=>0x0000000007a88000 JavaThread "C2 CompilerThread1" daemon [_thread_in_native, id=12976, stack(0x0000000008f10000,0x0000000009010000)]
  0x0000000007a82000 JavaThread "C2 CompilerThread0" daemon [_thread_blocked, id=5668, stack(0x0000000008e10000,0x0000000008f10000)]
  0x0000000007a81000 JavaThread "Attach Listener" daemon [_thread_blocked, id=13224, stack(0x0000000008d10000,0x0000000008e10000)]
  0x0000000007a80000 JavaThread "Signal Dispatcher" daemon [_thread_blocked, id=3668, stack(0x0000000008c10000,0x0000000008d10000)]
  0x0000000007a39000 JavaThread "Finalizer" daemon [_thread_blocked, id=12536, stack(0x0000000008970000,0x0000000008a70000)]
  0x0000000007a06000 JavaThread "Reference Handler" daemon [_thread_blocked, id=11896, stack(0x0000000008870000,0x0000000008970000)]
  0x0000000002a67800 JavaThread "main" [_thread_in_Java, id=1216, stack(0x0000000002910000,0x0000000002a10000)]

Other Threads:
  0x000000000667f800 VMThread [stack: 0x0000000008770000,0x0000000008870000] [id=5276]
  0x0000000007ac0800 WatcherThread [stack: 0x0000000009310000,0x0000000009410000] [id=13108]

VM state:not at safepoint (normal execution)

VM Mutex/Monitor currently owned by a thread: None

Heap:
 PSYoungGen      total 289280K, used 58445K [0x00000000eab00000, 0x00000000fee00000, 0x0000000100000000)
  eden space 261632K, 12% used [0x00000000eab00000,0x00000000ec9e0460,0x00000000faa80000)
  from space 27648K, 97% used [0x00000000fca00000,0x00000000fe433208,0x00000000fe500000)
  to   space 32256K, 0% used [0x00000000faa80000,0x00000000faa80000,0x00000000fca00000)
 ParOldGen       total 87552K, used 47746K [0x00000000c0000000, 0x00000000c5580000, 0x00000000eab00000)
  object space 87552K, 54% used [0x00000000c0000000,0x00000000c2ea0a38,0x00000000c5580000)
 Metaspace       used 6483K, capacity 7408K, committed 7552K, reserved 1058816K
  class space    used 606K, capacity 616K, committed 640K, reserved 1048576K

Card table byte_map: [0x0000000002f20000,0x0000000003130000] byte_map_base: 0x0000000002920000

Marking Bits: (ParMarkBitMap*) 0x000000006bad64f0
 Begin Bits: [0x0000000003a90000, 0x0000000004a90000)
 End Bits:   [0x0000000004a90000, 0x0000000005a90000)

Polling page: 0x0000000002860000

CodeCache: size=245760Kb used=13130Kb max_used=13142Kb free=232629Kb
 bounds [0x000000000f010000, 0x000000000fd00000, 0x000000001e010000]
 total_blobs=2881 nmethods=2615 adapters=178
 compilation: enabled

Compilation events (10 events):
Event: 14.260 Thread 0x0000000007a82000 nmethod 2631% 0x000000000fce8e90 code [0x000000000fce91c0, 0x000000000fceb910]
Event: 14.261 Thread 0x0000000007a95800 nmethod 2679 0x000000000fce2810 code [0x000000000fce2ae0, 0x000000000fce4318]
Event: 14.263 Thread 0x0000000007a88000 2680       4       com.android.dx.dex.code.LocalList::make (102 bytes)
Event: 14.263 Thread 0x0000000007a95800 2681       3       com.android.dx.util.ByteArrayAnnotatedOutput::writeByte (51 bytes)
Event: 14.263 Thread 0x0000000007a95800 nmethod 2681 0x000000000fcd6a10 code [0x000000000fcd6ba0, 0x000000000fcd6f38]
Event: 14.269 Thread 0x0000000007a82000 2682       4       com.android.dx.dex.code.form.Form35c::wordCount (74 bytes)
Event: 14.274 Thread 0x0000000007a82000 nmethod 2682 0x000000000fce2150 code [0x000000000fce22a0, 0x000000000fce24f8]
Event: 14.274 Thread 0x0000000007a82000 2683       4       com.android.dx.dex.code.form.Form35c::isCompatible (72 bytes)
Event: 14.278 Thread 0x0000000007a91800 nmethod 2678 0x000000000fce1450 code [0x000000000fce15c0, 0x000000000fce1cb8]
Event: 14.280 Thread 0x0000000007a82000 nmethod 2683 0x000000000fcf0450 code [0x000000000fcf05c0, 0x000000000fcf08f8]

GC Heap History (10 events):
Event: 7.231 GC heap before
{Heap before GC invocations=2 (full 0):
 PSYoungGen      total 38400K, used 38391K [0x00000000eab00000, 0x00000000ef600000, 0x0000000100000000)
  eden space 33280K, 100% used [0x00000000eab00000,0x00000000ecb80000,0x00000000ecb80000)
  from space 5120K, 99% used [0x00000000ecb80000,0x00000000ed07dc88,0x00000000ed080000)
  to   space 5120K, 0% used [0x00000000ef100000,0x00000000ef100000,0x00000000ef600000)
 ParOldGen       total 87552K, used 1712K [0x00000000c0000000, 0x00000000c5580000, 0x00000000eab00000)
  object space 87552K, 1% used [0x00000000c0000000,0x00000000c01ac010,0x00000000c5580000)
 Metaspace       used 5906K, capacity 7088K, committed 7296K, reserved 1058816K
  class space    used 567K, capacity 616K, committed 640K, reserved 1048576K
Event: 7.248 GC heap after
Heap after GC invocations=2 (full 0):
 PSYoungGen      total 71680K, used 5111K [0x00000000eab00000, 0x00000000ef600000, 0x0000000100000000)
  eden space 66560K, 0% used [0x00000000eab00000,0x00000000eab00000,0x00000000eec00000)
  from space 5120K, 99% used [0x00000000ef100000,0x00000000ef5fdce8,0x00000000ef600000)
  to   space 5120K, 0% used [0x00000000eec00000,0x00000000eec00000,0x00000000ef100000)
 ParOldGen       total 87552K, used 6774K [0x00000000c0000000, 0x00000000c5580000, 0x00000000eab00000)
  object space 87552K, 7% used [0x00000000c0000000,0x00000000c069d848,0x00000000c5580000)
 Metaspace       used 5906K, capacity 7088K, committed 7296K, reserved 1058816K
  class space    used 567K, capacity 616K, committed 640K, reserved 1048576K
}
Event: 7.943 GC heap before
{Heap before GC invocations=3 (full 0):
 PSYoungGen      total 71680K, used 71671K [0x00000000eab00000, 0x00000000ef600000, 0x0000000100000000)
  eden space 66560K, 100% used [0x00000000eab00000,0x00000000eec00000,0x00000000eec00000)
  from space 5120K, 99% used [0x00000000ef100000,0x00000000ef5fdce8,0x00000000ef600000)
  to   space 5120K, 0% used [0x00000000eec00000,0x00000000eec00000,0x00000000ef100000)
 ParOldGen       total 87552K, used 6774K [0x00000000c0000000, 0x00000000c5580000, 0x00000000eab00000)
  object space 87552K, 7% used [0x00000000c0000000,0x00000000c069d848,0x00000000c5580000)
 Metaspace       used 6045K, capacity 7088K, committed 7296K, reserved 1058816K
  class space    used 587K, capacity 616K, committed 640K, reserved 1048576K
Event: 8.020 GC heap after
Heap after GC invocations=3 (full 0):
 PSYoungGen      total 71680K, used 5102K [0x00000000eab00000, 0x00000000f3700000, 0x0000000100000000)
  eden space 66560K, 0% used [0x00000000eab00000,0x00000000eab00000,0x00000000eec00000)
  from space 5120K, 99% used [0x00000000eec00000,0x00000000ef0fb908,0x00000000ef100000)
  to   space 5120K, 0% used [0x00000000f3200000,0x00000000f3200000,0x00000000f3700000)
 ParOldGen       total 87552K, used 16082K [0x00000000c0000000, 0x00000000c5580000, 0x00000000eab00000)
  object space 87552K, 18% used [0x00000000c0000000,0x00000000c0fb48a8,0x00000000c5580000)
 Metaspace       used 6045K, capacity 7088K, committed 7296K, reserved 1058816K
  class space    used 587K, capacity 616K, committed 640K, reserved 1048576K
}
Event: 8.806 GC heap before
{Heap before GC invocations=4 (full 0):
 PSYoungGen      total 71680K, used 71662K [0x00000000eab00000, 0x00000000f3700000, 0x0000000100000000)
  eden space 66560K, 100% used [0x00000000eab00000,0x00000000eec00000,0x00000000eec00000)
  from space 5120K, 99% used [0x00000000eec00000,0x00000000ef0fb908,0x00000000ef100000)
  to   space 5120K, 0% used [0x00000000f3200000,0x00000000f3200000,0x00000000f3700000)
 ParOldGen       total 87552K, used 16082K [0x00000000c0000000, 0x00000000c5580000, 0x00000000eab00000)
  object space 87552K, 18% used [0x00000000c0000000,0x00000000c0fb48a8,0x00000000c5580000)
 Metaspace       used 6076K, capacity 7152K, committed 7296K, reserved 1058816K
  class space    used 587K, capacity 616K, committed 640K, reserved 1048576K
Event: 8.832 GC heap after
Heap after GC invocations=4 (full 0):
 PSYoungGen      total 138240K, used 5117K [0x00000000eab00000, 0x00000000f3700000, 0x0000000100000000)
  eden space 133120K, 0% used [0x00000000eab00000,0x00000000eab00000,0x00000000f2d00000)
  from space 5120K, 99% used [0x00000000f3200000,0x00000000f36ff6f0,0x00000000f3700000)
  to   space 5120K, 0% used [0x00000000f2d00000,0x00000000f2d00000,0x00000000f3200000)
 ParOldGen       total 87552K, used 25729K [0x00000000c0000000, 0x00000000c5580000, 0x00000000eab00000)
  object space 87552K, 29% used [0x00000000c0000000,0x00000000c19205f0,0x00000000c5580000)
 Metaspace       used 6076K, capacity 7152K, committed 7296K, reserved 1058816K
  class space    used 587K, capacity 616K, committed 640K, reserved 1048576K
}
Event: 11.111 GC heap before
{Heap before GC invocations=5 (full 0):
 PSYoungGen      total 138240K, used 138237K [0x00000000eab00000, 0x00000000f3700000, 0x0000000100000000)
  eden space 133120K, 100% used [0x00000000eab00000,0x00000000f2d00000,0x00000000f2d00000)
  from space 5120K, 99% used [0x00000000f3200000,0x00000000f36ff6f0,0x00000000f3700000)
  to   space 5120K, 0% used [0x00000000f2d00000,0x00000000f2d00000,0x00000000f3200000)
 ParOldGen       total 87552K, used 25729K [0x00000000c0000000, 0x00000000c5580000, 0x00000000eab00000)
  object space 87552K, 29% used [0x00000000c0000000,0x00000000c19205f0,0x00000000c5580000)
 Metaspace       used 6124K, capacity 7152K, committed 7296K, reserved 1058816K
  class space    used 587K, capacity 616K, committed 640K, reserved 1048576K
Event: 11.191 GC heap after
Heap after GC invocations=5 (full 0):
 PSYoungGen      total 138240K, used 5097K [0x00000000eab00000, 0x00000000fe500000, 0x0000000100000000)
  eden space 133120K, 0% used [0x00000000eab00000,0x00000000eab00000,0x00000000f2d00000)
  from space 5120K, 99% used [0x00000000f2d00000,0x00000000f31fa408,0x00000000f3200000)
  to   space 27648K, 0% used [0x00000000fca00000,0x00000000fca00000,0x00000000fe500000)
 ParOldGen       total 87552K, used 47746K [0x00000000c0000000, 0x00000000c5580000, 0x00000000eab00000)
  object space 87552K, 54% used [0x00000000c0000000,0x00000000c2ea0a38,0x00000000c5580000)
 Metaspace       used 6124K, capacity 7152K, committed 7296K, reserved 1058816K
  class space    used 587K, capacity 616K, committed 640K, reserved 1048576K
}
Event: 12.672 GC heap before
{Heap before GC invocations=6 (full 0):
 PSYoungGen      total 138240K, used 138217K [0x00000000eab00000, 0x00000000fe500000, 0x0000000100000000)
  eden space 133120K, 100% used [0x00000000eab00000,0x00000000f2d00000,0x00000000f2d00000)
  from space 5120K, 99% used [0x00000000f2d00000,0x00000000f31fa408,0x00000000f3200000)
  to   space 27648K, 0% used [0x00000000fca00000,0x00000000fca00000,0x00000000fe500000)
 ParOldGen       total 87552K, used 47746K [0x00000000c0000000, 0x00000000c5580000, 0x00000000eab00000)
  object space 87552K, 54% used [0x00000000c0000000,0x00000000c2ea0a38,0x00000000c5580000)
 Metaspace       used 6166K, capacity 7152K, committed 7296K, reserved 1058816K
  class space    used 587K, capacity 616K, committed 640K, reserved 1048576K
Event: 12.768 GC heap after
Heap after GC invocations=6 (full 0):
 PSYoungGen      total 289280K, used 26828K [0x00000000eab00000, 0x00000000fee00000, 0x0000000100000000)
  eden space 261632K, 0% used [0x00000000eab00000,0x00000000eab00000,0x00000000faa80000)
  from space 27648K, 97% used [0x00000000fca00000,0x00000000fe433208,0x00000000fe500000)
  to   space 32256K, 0% used [0x00000000faa80000,0x00000000faa80000,0x00000000fca00000)
 ParOldGen       total 87552K, used 47746K [0x00000000c0000000, 0x00000000c5580000, 0x00000000eab00000)
  object space 87552K, 54% used [0x00000000c0000000,0x00000000c2ea0a38,0x00000000c5580000)
 Metaspace       used 6166K, capacity 7152K, committed 7296K, reserved 1058816K
  class space    used 587K, capacity 616K, committed 640K, reserved 1048576K
}

Deoptimization events (10 events):
Event: 13.989 Thread 0x0000000002a67800 Uncommon trap: reason=speculate_class_check action=maybe_recompile pc=0x000000000f3ccc78 method=com.android.dx.util.FixedSizeList.equals(Ljava/lang/Object;)Z @ 25
Event: 13.989 Thread 0x0000000002a67800 Uncommon trap: reason=unstable_if action=reinterpret pc=0x000000000f7c47ac method=java.util.TreeMap.put(Ljava/lang/Object;Ljava/lang/Object;)Ljava/lang/Object; @ 163
Event: 14.005 Thread 0x0000000002a67800 Uncommon trap: reason=unstable_if action=reinterpret pc=0x000000000fc499cc method=com.android.dx.dex.code.OutputFinisher.findOpcodeForInsn(Lcom/android/dx/dex/code/DalvInsn;Lcom/android/dx/dex/code/Dop;)Lcom/android/dx/dex/code/Dop; @ 1
Event: 14.042 Thread 0x0000000002a67800 Uncommon trap: reason=unstable_if action=reinterpret pc=0x000000000fc6ea94 method=com.android.dx.rop.code.RegisterSpec.matchesVariable(Lcom/android/dx/rop/code/RegisterSpec;)Z @ 59
Event: 14.044 Thread 0x0000000002a67800 Uncommon trap: reason=array_check action=maybe_recompile pc=0x000000000fc7859c method=java.util.ComparableTimSort.binarySort([Ljava/lang/Object;III)V @ 193
Event: 14.077 Thread 0x0000000002a67800 Uncommon trap: reason=array_check action=maybe_recompile pc=0x000000000fc78664 method=java.util.ComparableTimSort.binarySort([Ljava/lang/Object;III)V @ 183
Event: 14.090 Thread 0x0000000002a67800 Uncommon trap: reason=array_check action=maybe_recompile pc=0x000000000fc7859c method=java.util.ComparableTimSort.binarySort([Ljava/lang/Object;III)V @ 193
Event: 14.125 Thread 0x0000000002a67800 Uncommon trap: reason=unstable_if action=reinterpret pc=0x000000000fca90a0 method=com.android.dx.dex.code.OutputFinisher.align64bits([Lcom/android/dx/dex/code/Dop;)V @ 172
Event: 14.229 Thread 0x0000000002a67800 Uncommon trap: reason=array_check action=maybe_recompile pc=0x000000000fc7859c method=java.util.ComparableTimSort.binarySort([Ljava/lang/Object;III)V @ 193
Event: 14.253 Thread 0x0000000002a67800 Uncommon trap: reason=unstable_if action=reinterpret pc=0x000000000fcd59d4 method=com.android.dx.dex.code.OutputFinisher.align64bits([Lcom/android/dx/dex/code/Dop;)V @ 205

Internal exceptions (8 events):
Event: 0.407 Thread 0x0000000002a67800 Exception <a 'java/lang/NoSuchMethodError': Method sun.misc.Unsafe.defineClass(Ljava/lang/String;[BII)Ljava/lang/Class; name or signature does not match> (0x00000000eab07cc0) thrown at [D:\re\workspace\8-2-build-windows-amd64-cygwin\jdk8u92\6642\hotspot\srNdÎÀgÚ?
Event: 0.407 Thread 0x0000000002a67800 Exception <a 'java/lang/NoSuchMethodError': Method sun.misc.Unsafe.prefetchRead(Ljava/lang/Object;J)V name or signature does not match> (0x00000000eab07fa8) thrown at [D:\re\workspace\8-2-build-windows-amd64-cygwin\jdk8u92\6642\hotspot\src\share\vm\prims\jçZ/õ™+@
Event: 4.543 Thread 0x0000000002a67800 Implicit null exception at 0x000000000f40ca6a to 0x000000000f40d571
Event: 4.710 Thread 0x0000000002a67800 Implicit null exception at 0x000000000f3fc6a1 to 0x000000000f3fcf45
Event: 7.555 Thread 0x0000000002a67800 Exception <a 'java/lang/ArrayIndexOutOfBoundsException': 18> (0x00000000ecccc498) thrown at [D:\re\workspace\8-2-build-windows-amd64-cygwin\jdk8u92\6642\hotspot\src\share\vm\interpreter\interpreterRuntime.cpp, line 366]
Event: 7.556 Thread 0x0000000002a67800 Exception <a 'java/lang/ArrayIndexOutOfBoundsException': 145> (0x00000000eccce018) thrown at [D:\re\workspace\8-2-build-windows-amd64-cygwin\jdk8u92\6642\hotspot\src\share\vm\interpreter\interpreterRuntime.cpp, line 366]
Event: 7.557 Thread 0x0000000002a67800 Exception <a 'java/lang/ArrayIndexOutOfBoundsException'> (0x00000000ecccf300) thrown at [D:\re\workspace\8-2-build-windows-amd64-cygwin\jdk8u92\6642\hotspot\src\share\vm\runtime\sharedRuntime.cpp, line 605]
Event: 11.094 Thread 0x0000000002a67800 Implicit null exception at 0x000000000f7b04ed to 0x000000000f7b19f5

Events (10 events):
Event: 14.229 Thread 0x0000000002a67800 DEOPT UNPACKING pc=0x000000000f05582a sp=0x0000000002a0ec78 mode 2
Event: 14.253 Thread 0x0000000002a67800 Uncommon trap: trap_request=0xffffff65 fr.pc=0x000000000fcd59d4
Event: 14.253 Thread 0x0000000002a67800 DEOPT PACKING pc=0x000000000fcd59d4 sp=0x0000000002a0eea0
Event: 14.253 Thread 0x0000000002a67800 DEOPT UNPACKING pc=0x000000000f05582a sp=0x0000000002a0ee10 mode 2
Event: 14.263 Thread 0x0000000002a67800 DEOPT PACKING pc=0x000000000fc6ae09 sp=0x0000000002a0eee0
Event: 14.263 Thread 0x0000000002a67800 DEOPT UNPACKING pc=0x000000000f05787f sp=0x0000000002a0ec30 mode 0
Event: 14.275 Thread 0x0000000002a67800 DEOPT PACKING pc=0x000000000fce412b sp=0x0000000002a0ecc0
Event: 14.275 Thread 0x0000000002a67800 DEOPT UNPACKING pc=0x000000000f05787f sp=0x0000000002a0ea10 mode 0
Event: 14.279 Thread 0x0000000002a67800 DEOPT PACKING pc=0x000000000fc6ae09 sp=0x0000000002a0eee0
Event: 14.279 Thread 0x0000000002a67800 DEOPT UNPACKING pc=0x000000000f05787f sp=0x0000000002a0ec30 mode 0


Dynamic libraries:
0x00007ff647010000 - 0x00007ff647047000 	C:\Program Files\Java\jdk1.8.0_92\bin\java.exe
0x00007ffbb7ee0000 - 0x00007ffbb80a1000 	C:\WINDOWS\SYSTEM32\ntdll.dll
0x00007ffbb7410000 - 0x00007ffbb74bd000 	C:\WINDOWS\system32\KERNEL32.DLL
0x00007ffbb4a80000 - 0x00007ffbb4c68000 	C:\WINDOWS\system32\KERNELBASE.dll
0x000000006c5d0000 - 0x000000006c67e000 	C:\Program Files\Bitdefender\Bitdefender 2016\Active Virus Control\Avc3_00369_042\avcuf64.dll
0x00007ffbb2c80000 - 0x00007ffbb2cf9000 	C:\WINDOWS\system32\apphelp.dll
0x00007ffb8edf0000 - 0x00007ffb8f273000 	C:\WINDOWS\AppPatch\AppPatch64\AcLayers.DLL
0x00007ffbb7e40000 - 0x00007ffbb7edd000 	C:\WINDOWS\system32\msvcrt.dll
0x00007ffbb5be0000 - 0x00007ffbb5d36000 	C:\WINDOWS\system32\USER32.dll
0x00007ffbb5a10000 - 0x00007ffbb5b96000 	C:\WINDOWS\system32\GDI32.dll
0x00007ffbb5340000 - 0x00007ffbb5392000 	C:\WINDOWS\system32\SHLWAPI.dll
0x00007ffbb5640000 - 0x00007ffbb58bd000 	C:\WINDOWS\system32\combase.dll
0x00007ffbb74c0000 - 0x00007ffbb75dc000 	C:\WINDOWS\system32\RPCRT4.dll
0x00007ffbb4950000 - 0x00007ffbb49ba000 	C:\WINDOWS\system32\bcryptPrimitives.dll
0x00000000007d0000 - 0x00000000007d3000 	C:\WINDOWS\SYSTEM32\sfc.dll
0x00007ffbaf530000 - 0x00007ffbaf5b4000 	C:\WINDOWS\SYSTEM32\WINSPOOL.DRV
0x00007ffbb40e0000 - 0x00007ffbb4109000 	C:\WINDOWS\SYSTEM32\bcrypt.dll
0x00007ffb9b580000 - 0x00007ffb9b591000 	C:\WINDOWS\SYSTEM32\sfc_os.DLL
0x00007ffbab260000 - 0x00007ffbab271000 	C:\WINDOWS\SYSTEM32\SortWindows61.dll
0x00007ffbb5ba0000 - 0x00007ffbb5bdb000 	C:\WINDOWS\system32\IMM32.DLL
0x00007ffbb3740000 - 0x00007ffbb3771000 	C:\Windows\system32\nvinitx.dll
0x00007ffbb7960000 - 0x00007ffbb7a07000 	C:\WINDOWS\system32\ADVAPI32.dll
0x00007ffbb52c0000 - 0x00007ffbb531b000 	C:\WINDOWS\system32\sechost.dll
0x00007ffbb3730000 - 0x00007ffbb373a000 	C:\WINDOWS\SYSTEM32\VERSION.dll
0x000000000f000000 - 0x000000000f006000 	C:\Program Files\NVIDIA Corporation\CoProcManager\_etoured.dll
0x00007ffbb0c70000 - 0x00007ffbb0ca3000 	C:\Program Files\NVIDIA Corporation\CoProcManager\nvd3d9wrapx.dll
0x00007ffbb7a10000 - 0x00007ffbb7e39000 	C:\WINDOWS\system32\SETUPAPI.dll
0x00007ffbb4740000 - 0x00007ffbb4783000 	C:\WINDOWS\system32\CFGMGR32.dll
0x00007ffbb2ab0000 - 0x00007ffbb2ad2000 	C:\Program Files\NVIDIA Corporation\CoProcManager\nvdxgiwrapx.dll
0x00007ffbafb40000 - 0x00007ffbafdb4000 	C:\WINDOWS\WinSxS\amd64_microsoft.windows.common-controls_6595b64144ccf1df_6.0.10586.494_none_a2d8b04ea53e3145\COMCTL32.dll
0x000000006ae60000 - 0x000000006af32000 	C:\Program Files\Java\jdk1.8.0_92\jre\bin\msvcr100.dll
0x000000006b2c0000 - 0x000000006bb56000 	C:\Program Files\Java\jdk1.8.0_92\jre\bin\server\jvm.dll
0x00007ffbb5930000 - 0x00007ffbb5938000 	C:\WINDOWS\system32\PSAPI.DLL
0x00007ffba8e80000 - 0x00007ffba8e89000 	C:\WINDOWS\SYSTEM32\WSOCK32.dll
0x00007ffbb7640000 - 0x00007ffbb76ab000 	C:\WINDOWS\system32\WS2_32.dll
0x00007ffbb2a80000 - 0x00007ffbb2aa3000 	C:\WINDOWS\SYSTEM32\WINMM.dll
0x00007ffbb2a50000 - 0x00007ffbb2a7c000 	C:\WINDOWS\SYSTEM32\WINMMBASE.dll
0x000000006bbd0000 - 0x000000006bbdf000 	C:\Program Files\Java\jdk1.8.0_92\jre\bin\verify.dll
0x000000006b290000 - 0x000000006b2b9000 	C:\Program Files\Java\jdk1.8.0_92\jre\bin\java.dll
0x000000006bbb0000 - 0x000000006bbc6000 	C:\Program Files\Java\jdk1.8.0_92\jre\bin\zip.dll
0x00007ffbb5d40000 - 0x00007ffbb729c000 	C:\WINDOWS\system32\SHELL32.dll
0x00007ffbb4c70000 - 0x00007ffbb52b5000 	C:\WINDOWS\system32\windows.storage.dll
0x00007ffbb4510000 - 0x00007ffbb451f000 	C:\WINDOWS\system32\kernel.appcore.dll
0x0000000008b50000 - 0x0000000008c05000 	C:\WINDOWS\system32\shcore.dll
0x00007ffbb4520000 - 0x00007ffbb456b000 	C:\WINDOWS\system32\powrprof.dll
0x00007ffbb44e0000 - 0x00007ffbb44f4000 	C:\WINDOWS\system32\profapi.dll

VM Arguments:
jvm_args: -Djava.awt.headless=true -Xmx1024M -Dfile.encoding=windows-1252 -Duser.country=US -Duser.language=en -Duser.variant 
java_command: com.android.dx.command.Main --dex --force-jumbo --multi-dex --output C:\Users\kikkos\AndroidStudioProjects\Udacity\myMovieNews\app\build\intermediates\transforms\dex\debug\folders\1000\10\com.android.support-support-v4-23.4.0_2d66dc62822bf9eab82db89ad69c27c56c6c170e C:\Users\kikkos\AndroidStudioProjects\Udacity\myMovieNews\app\build\intermediates\exploded-aar\com.android.support\support-v4\23.4.0\jars\classes.jar
java_class_path (initial): C:\Users\kikkos\AppData\Local\Android\sdk\build-tools\22.0.1\lib\dx.jar
Launcher Type: SUN_STANDARD

Environment Variables:
JAVA_HOME=C:\Program Files\Java\jdk1.8.0_92
PATH=C:\Program Files (x86)\Intel\iCLS Client\;C:\Program Files\Intel\iCLS Client\;C:\ProgramData\Oracle\Java\javapath;C:\Program Files\ImageMagick-6.8.9-Q16;C:\WINDOWS\system32;C:\WINDOWS;C:\WINDOWS\System32\Wbem;C:\Program Files\Lenovo\Bluetooth Software\;C:\Program Files\Lenovo\Bluetooth Software\syswow64;C:\Program Files\Intel\WiFi\bin\;C:\Program Files\Common Files\Intel\WirelessCommon\;C:\Program Files\Microsoft\Web Platform Installer\;C:\WINDOWS\System32\WindowsPowerShell\v1.0\;C:\Program Files\Microsoft SQL Server\110\Tools\Binn\;C:\Program Files\Sublime Text 2;C:\Program Files (x86)\Heroku\bin;C:\Program Files\Intel\Intel(R) Management Engine Components\DAL;C:\Program Files\Intel\Intel(R) Management Engine Components\IPT;C:\Program Files (x86)\Intel\Intel(R) Management Engine Components\DAL;C:\Program Files (x86)\Intel\Intel(R) Management Engine Components\IPT;C:\Program Files (x86)\NVIDIA Corporation\PhysX\Common;C:\WINDOWS\system32;C:\WINDOWS;C:\WINDOWS\System32\Wbem;C:\WINDOWS\System32\WindowsPowerShell\v1.0\;C:\Program Files (x86)\Skype\Phone\;C:\Ruby23-x64\bin;C:\Program Files (x86)\MySQL\MySQL Fabric 1.5 & MySQL Utilities 1.5\;C:\Program Files (x86)\MySQL\MySQL Fabric 1.5 & MySQL Utilities 1.5\Doctrine extensions for PHP\;C:\Program Files\MySQL\MySQL Server 5.7\bin;C:\RailsInstaller\Ruby2.2.0\bin;C:\Users\kikkos\AppData\Local\GitHub\PortableGit_d76a6a98c9315931ec4927243517bc09e9b731a0\cmd;C:\Ruby22-x64\bin;C:\Program Files (x86)\Heroku\ruby-1.9.3\bin;C:\Program Files\Intel\WiFi\bin\;C:\Program Files\Common Files\Intel\WirelessCommon\;C:\Program Files\MongoDB\Server\3.2\bin;C:\sqlite
USERNAME=kikkos
OS=Windows_NT
PROCESSOR_IDENTIFIER=Intel64 Family 6 Model 42 Stepping 7, GenuineIntel



---------------  S Y S T E M  ---------------

OS: Windows 10.0 , 64 bit Build 10586 (10.0.10586.0)

CPU:total 8 (4 cores per cpu, 2 threads per core) family 6 model 42 stepping 7, cmov, cx8, fxsr, mmx, sse, sse2, sse3, ssse3, sse4.1, sse4.2, popcnt, avx, aes, clmul, ht, tsc, tscinvbit

Memory: 4k page, physical 8300684k(1957248k free), swap 8505484k(4472k free)

vm_info: Java HotSpot(TM) 64-Bit Server VM (25.92-b14) for windows-amd64 JRE (1.8.0_92-b14), built on Mar 31 2016 21:03:04 by "java_re" with MS VC++ 10.0 (VS2010)

time: Wed Sep 14 12:18:21 2016
elapsed time: 14 seconds (0d 0h 0m 14s)

