#
# There is insufficient memory for the Java Runtime Environment to continue.
# Native memory allocation (malloc) failed to allocate 512736 bytes for Chunk::new
# Possible reasons:
#   The system is out of physical RAM or swap space
#   In 32 bit mode, the process size limit was hit
# Possible solutions:
#   Reduce memory load on the system
#   Increase physical memory or swap space
#   Check if swap backing store is full
#   Use 64 bit Java on a 64 bit OS
#   Decrease Java heap size (-Xmx/-Xms)
#   Decrease number of Java threads
#   Decrease Java thread stack sizes (-Xss)
#   Set larger code cache with -XX:ReservedCodeCacheSize=
# This output file may be truncated or incomplete.
#
#  Out of Memory Error (allocation.cpp:390), pid=5652, tid=0x00000000000028a0
#
# JRE version: Java(TM) SE Runtime Environment (8.0_92-b14) (build 1.8.0_92-b14)
# Java VM: Java HotSpot(TM) 64-Bit Server VM (25.92-b14 mixed mode windows-amd64 compressed oops)
# Failed to write core dump. Minidumps are not enabled by default on client versions of Windows
#

---------------  T H R E A D  ---------------

Current thread (0x0000000007448800):  JavaThread "C2 CompilerThread1" daemon [_thread_in_native, id=10400, stack(0x00000000088d0000,0x00000000089d0000)]

Stack: [0x00000000088d0000,0x00000000089d0000]
[error occurred during error reporting (printing stack bounds), id 0xc0000005]

Native frames: (J=compiled Java code, j=interpreted, Vv=VM code, C=native code)


Current CompileTask:
C2:   4180 1072   !   4       com.android.dx.cf.code.BytecodeArray::parseInstruction (2764 bytes)


---------------  P R O C E S S  ---------------

Java Threads: ( => current thread )
  0x00000000074b0000 JavaThread "Service Thread" daemon [_thread_blocked, id=2500, stack(0x0000000008bd0000,0x0000000008cd0000)]
  0x00000000074ac800 JavaThread "C1 CompilerThread3" daemon [_thread_blocked, id=11576, stack(0x0000000008ad0000,0x0000000008bd0000)]
  0x00000000074a8800 JavaThread "C2 CompilerThread2" daemon [_thread_in_native, id=5784, stack(0x00000000089d0000,0x0000000008ad0000)]
=>0x0000000007448800 JavaThread "C2 CompilerThread1" daemon [_thread_in_native, id=10400, stack(0x00000000088d0000,0x00000000089d0000)]
  0x0000000007442800 JavaThread "C2 CompilerThread0" daemon [_thread_in_native, id=15928, stack(0x00000000087d0000,0x00000000088d0000)]
  0x0000000007441800 JavaThread "Attach Listener" daemon [_thread_blocked, id=11112, stack(0x00000000086d0000,0x00000000087d0000)]
  0x0000000007440800 JavaThread "Signal Dispatcher" daemon [_thread_blocked, id=13552, stack(0x00000000085d0000,0x00000000086d0000)]
  0x00000000073f1000 JavaThread "Finalizer" daemon [_thread_blocked, id=16520, stack(0x0000000008330000,0x0000000008430000)]
  0x00000000073c6000 JavaThread "Reference Handler" daemon [_thread_blocked, id=3552, stack(0x0000000008230000,0x0000000008330000)]
  0x0000000002457800 JavaThread "main" [_thread_in_Java, id=15128, stack(0x0000000002340000,0x0000000002440000)]

Other Threads:
  0x000000000606f000 VMThread [stack: 0x0000000008130000,0x0000000008230000] [id=17176]
  0x00000000074bb800 WatcherThread [stack: 0x0000000008cd0000,0x0000000008dd0000] [id=8848]

VM state:not at safepoint (normal execution)

VM Mutex/Monitor currently owned by a thread: None

Heap:
 PSYoungGen      total 38400K, used 20010K [0x00000000eab00000, 0x00000000ed580000, 0x0000000100000000)
  eden space 33280K, 60% used [0x00000000eab00000,0x00000000ebe8aad8,0x00000000ecb80000)
  from space 5120K, 0% used [0x00000000ed080000,0x00000000ed080000,0x00000000ed580000)
  to   space 5120K, 0% used [0x00000000ecb80000,0x00000000ecb80000,0x00000000ed080000)
 ParOldGen       total 87552K, used 0K [0x00000000c0000000, 0x00000000c5580000, 0x00000000eab00000)
  object space 87552K, 0% used [0x00000000c0000000,0x00000000c0000000,0x00000000c5580000)
 Metaspace       used 5416K, capacity 6768K, committed 7040K, reserved 1056768K
  class space    used 546K, capacity 616K, committed 640K, reserved 1048576K

Card table byte_map: [0x0000000002910000,0x0000000002b20000] byte_map_base: 0x0000000002310000

Marking Bits: (ParMarkBitMap*) 0x000000006bad64f0
 Begin Bits: [0x0000000003480000, 0x0000000004480000)
 End Bits:   [0x0000000004480000, 0x0000000005480000)

Polling page: 0x0000000000870000

CodeCache: size=245760Kb used=4329Kb max_used=4341Kb free=241430Kb
 bounds [0x000000000f010000, 0x000000000f460000, 0x000000001e010000]
 total_blobs=1345 nmethods=1087 adapters=171
 compilation: enabled

Compilation events (10 events):
Event: 4.151 Thread 0x00000000074ac800 nmethod 1084 0x000000000f448cd0 code [0x000000000f448ee0, 0x000000000f449a58]
Event: 4.151 Thread 0x00000000074ac800 1085       3       com.android.dx.rop.type.Prototype::compareTo (120 bytes)
Event: 4.151 Thread 0x0000000007442800 nmethod 1081 0x000000000f441690 code [0x000000000f4417e0, 0x000000000f441a38]
Event: 4.152 Thread 0x00000000074ac800 nmethod 1085 0x000000000f44a610 code [0x000000000f44a820, 0x000000000f44b6b8]
Event: 4.155 Thread 0x00000000074a8800 1086       4       com.android.dx.rop.code.BasicBlockList$RegCountVisitor::visitPlainInsn (6 bytes)
Event: 4.161 Thread 0x00000000074a8800 nmethod 1086 0x000000000f44d750 code [0x000000000f44d8a0, 0x000000000f44db18]
Event: 4.162 Thread 0x00000000074ac800 1087       3       com.android.dx.ssa.SsaRenamer::setNameForSsaReg (54 bytes)
Event: 4.164 Thread 0x00000000074ac800 nmethod 1087 0x000000000f44bf50 code [0x000000000f44c180, 0x000000000f44ceb8]
Event: 4.165 Thread 0x0000000007442800 1088       4       com.android.dx.ssa.SCCP::simulateStmt (481 bytes)
Event: 4.168 Thread 0x00000000074a8800 1089       4       com.android.dx.cf.code.Ropper::getAvailableLabel (54 bytes)

GC Heap History (0 events):
No events

Deoptimization events (10 events):
Event: 3.318 Thread 0x0000000002457800 Uncommon trap: reason=null_check action=make_not_entrant pc=0x000000000f2fcbc4 method=com.android.dx.ssa.SsaRenamer.getLocalForNewReg(I)Lcom/android/dx/rop/code/LocalItem; @ 19
Event: 3.353 Thread 0x0000000002457800 Uncommon trap: reason=unstable_if action=reinterpret pc=0x000000000f3870f0 method=com.android.dx.rop.code.RegisterSpec.equals(ILcom/android/dx/rop/type/TypeBearer;Lcom/android/dx/rop/code/LocalItem;)Z @ 16
Event: 3.353 Thread 0x0000000002457800 Uncommon trap: reason=class_check action=maybe_recompile pc=0x000000000f379830 method=com.android.dx.rop.type.Type.equals(Ljava/lang/Object;)Z @ 8
Event: 3.353 Thread 0x0000000002457800 Uncommon trap: reason=unstable_if action=reinterpret pc=0x000000000f32e60c method=com.android.dx.rop.code.RegisterSpec.equals(ILcom/android/dx/rop/type/TypeBearer;Lcom/android/dx/rop/code/LocalItem;)Z @ 16
Event: 3.618 Thread 0x0000000002457800 Uncommon trap: reason=class_check action=maybe_recompile pc=0x000000000f379830 method=com.android.dx.rop.type.Type.equals(Ljava/lang/Object;)Z @ 8
Event: 3.618 Thread 0x0000000002457800 Uncommon trap: reason=unstable_if action=reinterpret pc=0x000000000f2c7534 method=java.util.BitSet.ensureCapacity(I)V @ 6
Event: 3.618 Thread 0x0000000002457800 Uncommon trap: reason=unstable_if action=reinterpret pc=0x000000000f2cd5f0 method=java.util.BitSet.ensureCapacity(I)V @ 6
Event: 3.633 Thread 0x0000000002457800 Uncommon trap: reason=class_check action=maybe_recompile pc=0x000000000f379830 method=com.android.dx.rop.type.Type.equals(Ljava/lang/Object;)Z @ 8
Event: 3.735 Thread 0x0000000002457800 Uncommon trap: reason=unstable_if action=reinterpret pc=0x000000000f3fdd38 method=com.android.dx.rop.code.RegisterSpec.withReg(I)Lcom/android/dx/rop/code/RegisterSpec; @ 5
Event: 3.806 Thread 0x0000000002457800 Uncommon trap: reason=class_check action=maybe_recompile pc=0x000000000f3bfdc4 method=com.android.dx.ssa.NormalSsaInsn.accept(Lcom/android/dx/ssa/SsaInsn$Visitor;)V @ 9

Internal exceptions (3 events):
Event: 0.598 Thread 0x0000000002457800 Exception <a 'java/lang/NoSuchMethodError': Method sun.misc.Unsafe.defineClass(Ljava/lang/String;[BII)Ljava/lang/Class; name or signature does not match> (0x00000000eab07cc0) thrown at [D:\re\workspace\8-2-build-windows-amd64-cygwin\jdk8u92\6642\hotspot\srÆ+c²¡%ã?
Event: 0.598 Thread 0x0000000002457800 Exception <a 'java/lang/NoSuchMethodError': Method sun.misc.Unsafe.prefetchRead(Ljava/lang/Object;J)V name or signature does not match> (0x00000000eab07fa8) thrown at [D:\re\workspace\8-2-build-windows-amd64-cygwin\jdk8u92\6642\hotspot\src\share\vm\prims\j}–š—…‹
@
Event: 3.318 Thread 0x0000000002457800 Implicit null exception at 0x000000000f2fb55c to 0x000000000f2fcba9

Events (10 events):
Event: 3.805 loading class java/util/TreeMap$EntrySet done
Event: 3.805 loading class java/util/TreeMap$EntryIterator
Event: 3.805 loading class java/util/TreeMap$EntryIterator done
Event: 3.806 Thread 0x0000000002457800 Uncommon trap: trap_request=0xffffffde fr.pc=0x000000000f3bfdc4
Event: 3.806 Thread 0x0000000002457800 DEOPT PACKING pc=0x000000000f3bfdc4 sp=0x000000000243e640
Event: 3.806 Thread 0x0000000002457800 DEOPT UNPACKING pc=0x000000000f05582a sp=0x000000000243e610 mode 2
Event: 4.055 loading class com/android/dx/cf/attrib/AttExceptions
Event: 4.055 loading class com/android/dx/cf/attrib/AttExceptions done
Event: 4.124 Executing VM operation: ForceSafepoint
Event: 4.125 Executing VM operation: ForceSafepoint done


Dynamic libraries:
0x00007ff647010000 - 0x00007ff647047000 	C:\Program Files\Java\jdk1.8.0_92\bin\java.exe
0x00007ffbb7ee0000 - 0x00007ffbb80a1000 	C:\WINDOWS\SYSTEM32\ntdll.dll
0x00007ffbb7410000 - 0x00007ffbb74bd000 	C:\WINDOWS\system32\KERNEL32.DLL
0x00007ffbb4a80000 - 0x00007ffbb4c68000 	C:\WINDOWS\system32\KERNELBASE.dll
0x000000006c5d0000 - 0x000000006c67e000 	C:\Program Files\Bitdefender\Bitdefender 2016\Active Virus Control\Avc3_00369_042\avcuf64.dll
0x00007ffbb2c80000 - 0x00007ffbb2cf9000 	C:\WINDOWS\system32\apphelp.dll
0x00007ffb8f200000 - 0x00007ffb8f683000 	C:\WINDOWS\AppPatch\AppPatch64\AcLayers.DLL
0x00007ffbb7e40000 - 0x00007ffbb7edd000 	C:\WINDOWS\system32\msvcrt.dll
0x00007ffbb5be0000 - 0x00007ffbb5d36000 	C:\WINDOWS\system32\USER32.dll
0x00007ffbb5a10000 - 0x00007ffbb5b96000 	C:\WINDOWS\system32\GDI32.dll
0x00007ffbb5340000 - 0x00007ffbb5392000 	C:\WINDOWS\system32\SHLWAPI.dll
0x00007ffbb5640000 - 0x00007ffbb58bd000 	C:\WINDOWS\system32\combase.dll
0x00007ffbb74c0000 - 0x00007ffbb75dc000 	C:\WINDOWS\system32\RPCRT4.dll
0x00007ffbb4950000 - 0x00007ffbb49ba000 	C:\WINDOWS\system32\bcryptPrimitives.dll
0x00000000007a0000 - 0x00000000007a3000 	C:\WINDOWS\SYSTEM32\sfc.dll
0x00007ffbaf530000 - 0x00007ffbaf5b4000 	C:\WINDOWS\SYSTEM32\WINSPOOL.DRV
0x00007ffbb40e0000 - 0x00007ffbb4109000 	C:\WINDOWS\SYSTEM32\bcrypt.dll
0x00007ffb9b580000 - 0x00007ffb9b591000 	C:\WINDOWS\SYSTEM32\sfc_os.DLL
0x00007ffbaadd0000 - 0x00007ffbaade1000 	C:\WINDOWS\SYSTEM32\SortWindows61.dll
0x00007ffbb5ba0000 - 0x00007ffbb5bdb000 	C:\WINDOWS\system32\IMM32.DLL
0x00007ffbb3740000 - 0x00007ffbb3771000 	C:\Windows\system32\nvinitx.dll
0x00007ffbb7960000 - 0x00007ffbb7a07000 	C:\WINDOWS\system32\ADVAPI32.dll
0x00007ffbb52c0000 - 0x00007ffbb531b000 	C:\WINDOWS\system32\sechost.dll
0x00007ffbb3730000 - 0x00007ffbb373a000 	C:\WINDOWS\SYSTEM32\VERSION.dll
0x000000000f000000 - 0x000000000f006000 	C:\Program Files\NVIDIA Corporation\CoProcManager\_etoured.dll
0x00007ffbb0c70000 - 0x00007ffbb0ca3000 	C:\Program Files\NVIDIA Corporation\CoProcManager\nvd3d9wrapx.dll
0x00007ffbb7a10000 - 0x00007ffbb7e39000 	C:\WINDOWS\system32\SETUPAPI.dll
0x00007ffbb4740000 - 0x00007ffbb4783000 	C:\WINDOWS\system32\CFGMGR32.dll
0x00007ffbb2ab0000 - 0x00007ffbb2ad2000 	C:\Program Files\NVIDIA Corporation\CoProcManager\nvdxgiwrapx.dll
0x00007ffbafb40000 - 0x00007ffbafdb4000 	C:\WINDOWS\WinSxS\amd64_microsoft.windows.common-controls_6595b64144ccf1df_6.0.10586.494_none_a2d8b04ea53e3145\COMCTL32.dll
0x000000006bcc0000 - 0x000000006bd92000 	C:\Program Files\Java\jdk1.8.0_92\jre\bin\msvcr100.dll
0x000000006b2c0000 - 0x000000006bb56000 	C:\Program Files\Java\jdk1.8.0_92\jre\bin\server\jvm.dll
0x00007ffbb5930000 - 0x00007ffbb5938000 	C:\WINDOWS\system32\PSAPI.DLL
0x00007ffba8e80000 - 0x00007ffba8e89000 	C:\WINDOWS\SYSTEM32\WSOCK32.dll
0x00007ffbb7640000 - 0x00007ffbb76ab000 	C:\WINDOWS\system32\WS2_32.dll
0x00007ffbb2a80000 - 0x00007ffbb2aa3000 	C:\WINDOWS\SYSTEM32\WINMM.dll
0x00007ffbb2a50000 - 0x00007ffbb2a7c000 	C:\WINDOWS\SYSTEM32\WINMMBASE.dll
0x000000006c140000 - 0x000000006c14f000 	C:\Program Files\Java\jdk1.8.0_92\jre\bin\verify.dll
0x000000006c110000 - 0x000000006c139000 	C:\Program Files\Java\jdk1.8.0_92\jre\bin\java.dll
0x000000006c0f0000 - 0x000000006c106000 	C:\Program Files\Java\jdk1.8.0_92\jre\bin\zip.dll
0x00007ffbb5d40000 - 0x00007ffbb729c000 	C:\WINDOWS\system32\SHELL32.dll
0x00007ffbb4c70000 - 0x00007ffbb52b5000 	C:\WINDOWS\system32\windows.storage.dll
0x00007ffbb4510000 - 0x00007ffbb451f000 	C:\WINDOWS\system32\kernel.appcore.dll
0x0000000008510000 - 0x00000000085c5000 	C:\WINDOWS\system32\shcore.dll
0x00007ffbb4520000 - 0x00007ffbb456b000 	C:\WINDOWS\system32\powrprof.dll
0x00007ffbb44e0000 - 0x00007ffbb44f4000 	C:\WINDOWS\system32\profapi.dll

VM Arguments:
jvm_args: -Djava.awt.headless=true -Xmx1024M -Dfile.encoding=windows-1252 -Duser.country=US -Duser.language=en -Duser.variant 
java_command: com.android.dx.command.Main --dex --force-jumbo --multi-dex --output C:\Users\kikkos\AndroidStudioProjects\Udacity\myMovieNews\app\build\intermediates\transforms\dex\debug\folders\1000\5\slice_1 C:\Users\kikkos\AndroidStudioProjects\Udacity\myMovieNews\app\build\intermediates\transforms\instantRunSlicer\debug\folders\1\5\slice_1
java_class_path (initial): C:\Users\kikkos\AppData\Local\Android\sdk\build-tools\22.0.1\lib\dx.jar
Launcher Type: SUN_STANDARD

Environment Variables:
JAVA_HOME=C:\Program Files\Java\jdk1.8.0_92
PATH=C:\Program Files (x86)\Intel\iCLS Client\;C:\Program Files\Intel\iCLS Client\;C:\ProgramData\Oracle\Java\javapath;C:\Program Files\ImageMagick-6.8.9-Q16;C:\WINDOWS\system32;C:\WINDOWS;C:\WINDOWS\System32\Wbem;C:\Program Files\Lenovo\Bluetooth Software\;C:\Program Files\Lenovo\Bluetooth Software\syswow64;C:\Program Files\Intel\WiFi\bin\;C:\Program Files\Common Files\Intel\WirelessCommon\;C:\Program Files\Microsoft\Web Platform Installer\;C:\WINDOWS\System32\WindowsPowerShell\v1.0\;C:\Program Files\Microsoft SQL Server\110\Tools\Binn\;C:\Program Files\Sublime Text 2;C:\Program Files (x86)\Heroku\bin;C:\Program Files\Intel\Intel(R) Management Engine Components\DAL;C:\Program Files\Intel\Intel(R) Management Engine Components\IPT;C:\Program Files (x86)\Intel\Intel(R) Management Engine Components\DAL;C:\Program Files (x86)\Intel\Intel(R) Management Engine Components\IPT;C:\Program Files (x86)\NVIDIA Corporation\PhysX\Common;C:\WINDOWS\system32;C:\WINDOWS;C:\WINDOWS\System32\Wbem;C:\WINDOWS\System32\WindowsPowerShell\v1.0\;C:\Program Files (x86)\Skype\Phone\;C:\Ruby23-x64\bin;C:\Program Files (x86)\MySQL\MySQL Fabric 1.5 & MySQL Utilities 1.5\;C:\Program Files (x86)\MySQL\MySQL Fabric 1.5 & MySQL Utilities 1.5\Doctrine extensions for PHP\;C:\Program Files\MySQL\MySQL Server 5.7\bin;C:\RailsInstaller\Ruby2.2.0\bin;C:\Users\kikkos\AppData\Local\GitHub\PortableGit_d76a6a98c9315931ec4927243517bc09e9b731a0\cmd;C:\Ruby22-x64\bin;C:\Program Files (x86)\Heroku\ruby-1.9.3\bin;C:\Program Files\Intel\WiFi\bin\;C:\Program Files\Common Files\Intel\WirelessCommon\;C:\Program Files\MongoDB\Server\3.2\bin;C:\sqlite
USERNAME=kikkos
OS=Windows_NT
PROCESSOR_IDENTIFIER=Intel64 Family 6 Model 42 Stepping 7, GenuineIntel



---------------  S Y S T E M  ---------------

OS: Windows 10.0 , 64 bit Build 10586 (10.0.10586.0)

CPU:total 8 (4 cores per cpu, 2 threads per core) family 6 model 42 stepping 7, cmov, cx8, fxsr, mmx, sse, sse2, sse3, ssse3, sse4.1, sse4.2, popcnt, avx, aes, clmul, ht, tsc, tscinvbit

Memory: 4k page, physical 8300684k(1755604k free), swap 8505484k(5288k free)

vm_info: Java HotSpot(TM) 64-Bit Server VM (25.92-b14) for windows-amd64 JRE (1.8.0_92-b14), built on Mar 31 2016 21:03:04 by "java_re" with MS VC++ 10.0 (VS2010)

time: Sat Sep 17 09:58:01 2016
elapsed time: 4 seconds (0d 0h 0m 4s)

