#
# There is insufficient memory for the Java Runtime Environment to continue.
# Native memory allocation (malloc) failed to allocate 347216 bytes for Chunk::new
# Possible reasons:
#   The system is out of physical RAM or swap space
#   In 32 bit mode, the process size limit was hit
# Possible solutions:
#   Reduce memory load on the system
#   Increase physical memory or swap space
#   Check if swap backing store is full
#   Use 64 bit Java on a 64 bit OS
#   Decrease Java heap size (-Xmx/-Xms)
#   Decrease number of Java threads
#   Decrease Java thread stack sizes (-Xss)
#   Set larger code cache with -XX:ReservedCodeCacheSize=
# This output file may be truncated or incomplete.
#
#  Out of Memory Error (allocation.cpp:390), pid=9284, tid=0x0000000000002210
#
# JRE version: Java(TM) SE Runtime Environment (8.0_92-b14) (build 1.8.0_92-b14)
# Java VM: Java HotSpot(TM) 64-Bit Server VM (25.92-b14 mixed mode windows-amd64 compressed oops)
# Failed to write core dump. Minidumps are not enabled by default on client versions of Windows
#

---------------  T H R E A D  ---------------

Current thread (0x0000000007342800):  JavaThread "C2 CompilerThread0" daemon [_thread_in_native, id=8720, stack(0x00000000086d0000,0x00000000087d0000)]

Stack: [0x00000000086d0000,0x00000000087d0000]
[error occurred during error reporting (printing stack bounds), id 0xc0000005]

Native frames: (J=compiled Java code, j=interpreted, Vv=VM code, C=native code)


Current CompileTask:
C2:   3147 1121       4       com.android.dx.ssa.SCCP::simulateStmt (481 bytes)


---------------  P R O C E S S  ---------------

Java Threads: ( => current thread )
  0x00000000073b3800 JavaThread "Service Thread" daemon [_thread_blocked, id=15380, stack(0x0000000008ad0000,0x0000000008bd0000)]
  0x00000000073af800 JavaThread "C1 CompilerThread3" daemon [_thread_in_vm, id=16912, stack(0x00000000089d0000,0x0000000008ad0000)]
  0x00000000073a8800 JavaThread "C2 CompilerThread2" daemon [_thread_blocked, id=12536, stack(0x00000000088d0000,0x00000000089d0000)]
  0x00000000073a3800 JavaThread "C2 CompilerThread1" daemon [_thread_in_native, id=15900, stack(0x00000000087d0000,0x00000000088d0000)]
=>0x0000000007342800 JavaThread "C2 CompilerThread0" daemon [_thread_in_native, id=8720, stack(0x00000000086d0000,0x00000000087d0000)]
  0x0000000007341800 JavaThread "Attach Listener" daemon [_thread_blocked, id=5560, stack(0x00000000085d0000,0x00000000086d0000)]
  0x0000000007340800 JavaThread "Signal Dispatcher" daemon [_thread_blocked, id=14356, stack(0x00000000084d0000,0x00000000085d0000)]
  0x00000000072f1000 JavaThread "Finalizer" daemon [_thread_blocked, id=14696, stack(0x0000000008230000,0x0000000008330000)]
  0x00000000072c6000 JavaThread "Reference Handler" daemon [_thread_blocked, id=16420, stack(0x0000000008130000,0x0000000008230000)]
  0x0000000002347800 JavaThread "main" [_thread_in_vm, id=6564, stack(0x0000000002220000,0x0000000002320000)]

Other Threads:
  0x0000000005f5f000 VMThread [stack: 0x0000000008030000,0x0000000008130000] [id=15948]
  0x00000000073bb800 WatcherThread [stack: 0x0000000008bd0000,0x0000000008cd0000] [id=8588]

VM state:not at safepoint (normal execution)

VM Mutex/Monitor currently owned by a thread: None

Heap:
 PSYoungGen      total 38400K, used 20670K [0x00000000eab00000, 0x00000000ed580000, 0x0000000100000000)
  eden space 33280K, 62% used [0x00000000eab00000,0x00000000ebf2fba8,0x00000000ecb80000)
  from space 5120K, 0% used [0x00000000ed080000,0x00000000ed080000,0x00000000ed580000)
  to   space 5120K, 0% used [0x00000000ecb80000,0x00000000ecb80000,0x00000000ed080000)
 ParOldGen       total 87552K, used 0K [0x00000000c0000000, 0x00000000c5580000, 0x00000000eab00000)
  object space 87552K, 0% used [0x00000000c0000000,0x00000000c0000000,0x00000000c5580000)
 Metaspace       used 5642K, capacity 6832K, committed 7040K, reserved 1056768K
  class space    used 562K, capacity 616K, committed 640K, reserved 1048576K

Card table byte_map: [0x0000000002800000,0x0000000002a10000] byte_map_base: 0x0000000002200000

Marking Bits: (ParMarkBitMap*) 0x000000006bad64f0
 Begin Bits: [0x0000000003370000, 0x0000000004370000)
 End Bits:   [0x0000000004370000, 0x0000000005370000)

Polling page: 0x0000000000780000

CodeCache: size=245760Kb used=4700Kb max_used=4710Kb free=241059Kb
 bounds [0x000000000f010000, 0x000000000f4b0000, 0x000000001e010000]
 total_blobs=1397 nmethods=1132 adapters=178
 compilation: enabled

Compilation events (10 events):
Event: 3.124 Thread 0x00000000073af800 nmethod 1128 0x000000000f49e790 code [0x000000000f49eae0, 0x000000000f4a0c38]
Event: 3.125 Thread 0x00000000073a3800 1129 %     4       com.android.dx.ssa.SsaMethod::deleteInsns @ 42 (239 bytes)
Event: 3.126 Thread 0x00000000073a8800 1130       4       java.util.Collections$UnmodifiableCollection::iterator (9 bytes)
Event: 3.126 Thread 0x00000000073af800 1131       3       com.android.dx.ssa.ConstCollector::getConstsSortedByCountUse (386 bytes)
Event: 3.132 Thread 0x00000000073a8800 nmethod 1130 0x000000000f4a1f50 code [0x000000000f4a20c0, 0x000000000f4a2378]
Event: 3.133 Thread 0x00000000073af800 nmethod 1131 0x000000000f4a2650 code [0x000000000f4a2c40, 0x000000000f4a7188]
Event: 3.133 Thread 0x00000000073af800 1132       3       com.android.dx.ssa.ConstCollector::updateConstUses (248 bytes)
Event: 3.136 Thread 0x00000000073af800 nmethod 1132 0x000000000f4a9b90 code [0x000000000f4a9f00, 0x000000000f4abfd8]
Event: 3.137 Thread 0x00000000073a8800 1133       4       com.android.dx.ssa.SsaBasicBlock::forEachPhiInsn (54 bytes)
Event: 3.144 Thread 0x00000000073a8800 nmethod 1133 0x000000000f4ad350 code [0x000000000f4ad4e0, 0x000000000f4ad928]

GC Heap History (0 events):
No events

Deoptimization events (5 events):
Event: 2.219 Thread 0x0000000002347800 Uncommon trap: reason=unstable_if action=reinterpret pc=0x000000000f21effc method=java.util.HashMap.getNode(ILjava/lang/Object;)Ljava/util/HashMap$Node; @ 62
Event: 2.261 Thread 0x0000000002347800 Uncommon trap: reason=unstable_if action=reinterpret pc=0x000000000f246e70 method=java.util.BitSet.nextSetBit(I)I @ 87
Event: 2.479 Thread 0x0000000002347800 Uncommon trap: reason=null_check action=make_not_entrant pc=0x000000000f3478a8 method=com.android.dx.ssa.SsaRenamer.getLocalForNewReg(I)Lcom/android/dx/rop/code/LocalItem; @ 19
Event: 2.910 Thread 0x0000000002347800 Uncommon trap: reason=null_check action=make_not_entrant pc=0x000000000f3a7ea0 method=com.android.dx.rop.type.Type.equals(Ljava/lang/Object;)Z @ 8
Event: 2.961 Thread 0x0000000002347800 Uncommon trap: reason=unstable_if action=reinterpret pc=0x000000000f436f40 method=java.lang.String.<init>([CII)V @ 18

Internal exceptions (4 events):
Event: 0.333 Thread 0x0000000002347800 Exception <a 'java/lang/NoSuchMethodError': Method sun.misc.Unsafe.defineClass(Ljava/lang/String;[BII)Ljava/lang/Class; name or signature does not match> (0x00000000eab07cc0) thrown at [D:\re\workspace\8-2-build-windows-amd64-cygwin\jdk8u92\6642\hotspot\sri¾IïWÕ?
Event: 0.333 Thread 0x0000000002347800 Exception <a 'java/lang/NoSuchMethodError': Method sun.misc.Unsafe.prefetchRead(Ljava/lang/Object;J)V name or signature does not match> (0x00000000eab07fa8) thrown at [D:\re\workspace\8-2-build-windows-amd64-cygwin\jdk8u92\6642\hotspot\src\share\vm\prims\jÇ˜‹›Ô@
Event: 2.479 Thread 0x0000000002347800 Implicit null exception at 0x000000000f345cfc to 0x000000000f34785d
Event: 2.910 Thread 0x0000000002347800 Implicit null exception at 0x000000000f3a7da2 to 0x000000000f3a7e92

Events (10 events):
Event: 2.815 loading class com/android/dx/cf/attrib/BaseAnnotations
Event: 2.815 loading class com/android/dx/cf/attrib/BaseAnnotations done
Event: 2.845 loading class com/android/dx/cf/code/SwitchList
Event: 2.845 loading class com/android/dx/cf/code/SwitchList done
Event: 2.910 Thread 0x0000000002347800 Uncommon trap: trap_request=0xfffffff4 fr.pc=0x000000000f3a7ea0
Event: 2.910 Thread 0x0000000002347800 DEOPT PACKING pc=0x000000000f3a7ea0 sp=0x000000000231e680
Event: 2.910 Thread 0x0000000002347800 DEOPT UNPACKING pc=0x000000000f05582a sp=0x000000000231e608 mode 2
Event: 2.961 Thread 0x0000000002347800 Uncommon trap: trap_request=0xffffff65 fr.pc=0x000000000f436f40
Event: 2.961 Thread 0x0000000002347800 DEOPT PACKING pc=0x000000000f436f40 sp=0x000000000231e850
Event: 2.961 Thread 0x0000000002347800 DEOPT UNPACKING pc=0x000000000f05582a sp=0x000000000231e780 mode 2


Dynamic libraries:
0x00007ff647010000 - 0x00007ff647047000 	C:\Program Files\Java\jdk1.8.0_92\bin\java.exe
0x00007ffbb7ee0000 - 0x00007ffbb80a1000 	C:\WINDOWS\SYSTEM32\ntdll.dll
0x00007ffbb7410000 - 0x00007ffbb74bd000 	C:\WINDOWS\system32\KERNEL32.DLL
0x00007ffbb4a80000 - 0x00007ffbb4c68000 	C:\WINDOWS\system32\KERNELBASE.dll
0x000000006c5d0000 - 0x000000006c67e000 	C:\Program Files\Bitdefender\Bitdefender 2016\Active Virus Control\Avc3_00369_042\avcuf64.dll
0x00007ffbb2c80000 - 0x00007ffbb2cf9000 	C:\WINDOWS\system32\apphelp.dll
0x00007ffb8f200000 - 0x00007ffb8f683000 	C:\WINDOWS\AppPatch\AppPatch64\AcLayers.DLL
0x00007ffbb7e40000 - 0x00007ffbb7edd000 	C:\WINDOWS\system32\msvcrt.dll
0x00007ffbb5be0000 - 0x00007ffbb5d36000 	C:\WINDOWS\system32\USER32.dll
0x00007ffbb5a10000 - 0x00007ffbb5b96000 	C:\WINDOWS\system32\GDI32.dll
0x00007ffbb5340000 - 0x00007ffbb5392000 	C:\WINDOWS\system32\SHLWAPI.dll
0x00007ffbb5640000 - 0x00007ffbb58bd000 	C:\WINDOWS\system32\combase.dll
0x00007ffbb74c0000 - 0x00007ffbb75dc000 	C:\WINDOWS\system32\RPCRT4.dll
0x00007ffbb4950000 - 0x00007ffbb49ba000 	C:\WINDOWS\system32\bcryptPrimitives.dll
0x00000000001f0000 - 0x00000000001f3000 	C:\WINDOWS\SYSTEM32\sfc.dll
0x00007ffbaf530000 - 0x00007ffbaf5b4000 	C:\WINDOWS\SYSTEM32\WINSPOOL.DRV
0x00007ffbb40e0000 - 0x00007ffbb4109000 	C:\WINDOWS\SYSTEM32\bcrypt.dll
0x00007ffb9b580000 - 0x00007ffb9b591000 	C:\WINDOWS\SYSTEM32\sfc_os.DLL
0x00007ffba81d0000 - 0x00007ffba81e1000 	C:\WINDOWS\SYSTEM32\SortWindows61.dll
0x00007ffbb5ba0000 - 0x00007ffbb5bdb000 	C:\WINDOWS\system32\IMM32.DLL
0x00007ffbb3740000 - 0x00007ffbb3771000 	C:\Windows\system32\nvinitx.dll
0x00007ffbb7960000 - 0x00007ffbb7a07000 	C:\WINDOWS\system32\ADVAPI32.dll
0x00007ffbb52c0000 - 0x00007ffbb531b000 	C:\WINDOWS\system32\sechost.dll
0x00007ffbb3730000 - 0x00007ffbb373a000 	C:\WINDOWS\SYSTEM32\VERSION.dll
0x000000000f000000 - 0x000000000f006000 	C:\Program Files\NVIDIA Corporation\CoProcManager\_etoured.dll
0x00007ffbb0c70000 - 0x00007ffbb0ca3000 	C:\Program Files\NVIDIA Corporation\CoProcManager\nvd3d9wrapx.dll
0x00007ffbb7a10000 - 0x00007ffbb7e39000 	C:\WINDOWS\system32\SETUPAPI.dll
0x00007ffbb4740000 - 0x00007ffbb4783000 	C:\WINDOWS\system32\CFGMGR32.dll
0x00007ffbb2ab0000 - 0x00007ffbb2ad2000 	C:\Program Files\NVIDIA Corporation\CoProcManager\nvdxgiwrapx.dll
0x00007ffbafb40000 - 0x00007ffbafdb4000 	C:\WINDOWS\WinSxS\amd64_microsoft.windows.common-controls_6595b64144ccf1df_6.0.10586.494_none_a2d8b04ea53e3145\COMCTL32.dll
0x000000006bcc0000 - 0x000000006bd92000 	C:\Program Files\Java\jdk1.8.0_92\jre\bin\msvcr100.dll
0x000000006b2c0000 - 0x000000006bb56000 	C:\Program Files\Java\jdk1.8.0_92\jre\bin\server\jvm.dll
0x00007ffbb5930000 - 0x00007ffbb5938000 	C:\WINDOWS\system32\PSAPI.DLL
0x00007ffba8e80000 - 0x00007ffba8e89000 	C:\WINDOWS\SYSTEM32\WSOCK32.dll
0x00007ffbb7640000 - 0x00007ffbb76ab000 	C:\WINDOWS\system32\WS2_32.dll
0x00007ffbb2a80000 - 0x00007ffbb2aa3000 	C:\WINDOWS\SYSTEM32\WINMM.dll
0x00007ffbb2a50000 - 0x00007ffbb2a7c000 	C:\WINDOWS\SYSTEM32\WINMMBASE.dll
0x000000006c140000 - 0x000000006c14f000 	C:\Program Files\Java\jdk1.8.0_92\jre\bin\verify.dll
0x000000006c110000 - 0x000000006c139000 	C:\Program Files\Java\jdk1.8.0_92\jre\bin\java.dll
0x000000006c0f0000 - 0x000000006c106000 	C:\Program Files\Java\jdk1.8.0_92\jre\bin\zip.dll
0x00007ffbb5d40000 - 0x00007ffbb729c000 	C:\WINDOWS\system32\SHELL32.dll
0x00007ffbb4c70000 - 0x00007ffbb52b5000 	C:\WINDOWS\system32\windows.storage.dll
0x00007ffbb4510000 - 0x00007ffbb451f000 	C:\WINDOWS\system32\kernel.appcore.dll
0x0000000008410000 - 0x00000000084c5000 	C:\WINDOWS\system32\shcore.dll
0x00007ffbb4520000 - 0x00007ffbb456b000 	C:\WINDOWS\system32\powrprof.dll
0x00007ffbb44e0000 - 0x00007ffbb44f4000 	C:\WINDOWS\system32\profapi.dll

VM Arguments:
jvm_args: -Djava.awt.headless=true -Xmx1024M -Dfile.encoding=windows-1252 -Duser.country=US -Duser.language=en -Duser.variant 
java_command: com.android.dx.command.Main --dex --force-jumbo --multi-dex --output C:\Users\kikkos\AndroidStudioProjects\Udacity\myMovieNews\app\build\intermediates\transforms\dex\debug\folders\1000\10\picasso-2.5.2_bbdb5b79ede9bf76ac73d4dc36f63ef878bb2994 C:\Users\kikkos\.gradle\caches\modules-2\files-2.1\com.squareup.picasso\picasso\2.5.2\7446d06ec8d4f7ffcc53f1da37c95f200dcb9387\picasso-2.5.2.jar
java_class_path (initial): C:\Users\kikkos\AppData\Local\Android\sdk\build-tools\22.0.1\lib\dx.jar
Launcher Type: SUN_STANDARD

Environment Variables:
JAVA_HOME=C:\Program Files\Java\jdk1.8.0_92
PATH=C:\Program Files (x86)\Intel\iCLS Client\;C:\Program Files\Intel\iCLS Client\;C:\ProgramData\Oracle\Java\javapath;C:\Program Files\ImageMagick-6.8.9-Q16;C:\WINDOWS\system32;C:\WINDOWS;C:\WINDOWS\System32\Wbem;C:\Program Files\Lenovo\Bluetooth Software\;C:\Program Files\Lenovo\Bluetooth Software\syswow64;C:\Program Files\Intel\WiFi\bin\;C:\Program Files\Common Files\Intel\WirelessCommon\;C:\Program Files\Microsoft\Web Platform Installer\;C:\WINDOWS\System32\WindowsPowerShell\v1.0\;C:\Program Files\Microsoft SQL Server\110\Tools\Binn\;C:\Program Files\Sublime Text 2;C:\Program Files (x86)\Heroku\bin;C:\Program Files\Intel\Intel(R) Management Engine Components\DAL;C:\Program Files\Intel\Intel(R) Management Engine Components\IPT;C:\Program Files (x86)\Intel\Intel(R) Management Engine Components\DAL;C:\Program Files (x86)\Intel\Intel(R) Management Engine Components\IPT;C:\Program Files (x86)\NVIDIA Corporation\PhysX\Common;C:\WINDOWS\system32;C:\WINDOWS;C:\WINDOWS\System32\Wbem;C:\WINDOWS\System32\WindowsPowerShell\v1.0\;C:\Program Files (x86)\Skype\Phone\;C:\Ruby23-x64\bin;C:\Program Files (x86)\MySQL\MySQL Fabric 1.5 & MySQL Utilities 1.5\;C:\Program Files (x86)\MySQL\MySQL Fabric 1.5 & MySQL Utilities 1.5\Doctrine extensions for PHP\;C:\Program Files\MySQL\MySQL Server 5.7\bin;C:\RailsInstaller\Ruby2.2.0\bin;C:\Users\kikkos\AppData\Local\GitHub\PortableGit_d76a6a98c9315931ec4927243517bc09e9b731a0\cmd;C:\Ruby22-x64\bin;C:\Program Files (x86)\Heroku\ruby-1.9.3\bin;C:\Program Files\Intel\WiFi\bin\;C:\Program Files\Common Files\Intel\WirelessCommon\;C:\Program Files\MongoDB\Server\3.2\bin;C:\sqlite
USERNAME=kikkos
OS=Windows_NT
PROCESSOR_IDENTIFIER=Intel64 Family 6 Model 42 Stepping 7, GenuineIntel



---------------  S Y S T E M  ---------------

OS: Windows 10.0 , 64 bit Build 10586 (10.0.10586.0)

CPU:total 8 (4 cores per cpu, 2 threads per core) family 6 model 42 stepping 7, cmov, cx8, fxsr, mmx, sse, sse2, sse3, ssse3, sse4.1, sse4.2, popcnt, avx, aes, clmul, ht, tsc, tscinvbit

Memory: 4k page, physical 8300684k(1925324k free), swap 8505484k(4256k free)

vm_info: Java HotSpot(TM) 64-Bit Server VM (25.92-b14) for windows-amd64 JRE (1.8.0_92-b14), built on Mar 31 2016 21:03:04 by "java_re" with MS VC++ 10.0 (VS2010)

time: Fri Sep 16 11:42:11 2016
elapsed time: 3 seconds (0d 0h 0m 3s)

