#
# There is insufficient memory for the Java Runtime Environment to continue.
# Native memory allocation (malloc) failed to allocate 781936 bytes for Chunk::new
# Possible reasons:
#   The system is out of physical RAM or swap space
#   In 32 bit mode, the process size limit was hit
# Possible solutions:
#   Reduce memory load on the system
#   Increase physical memory or swap space
#   Check if swap backing store is full
#   Use 64 bit Java on a 64 bit OS
#   Decrease Java heap size (-Xmx/-Xms)
#   Decrease number of Java threads
#   Decrease Java thread stack sizes (-Xss)
#   Set larger code cache with -XX:ReservedCodeCacheSize=
# This output file may be truncated or incomplete.
#
#  Out of Memory Error (allocation.cpp:390), pid=16616, tid=0x0000000000003cf0
#
# JRE version: Java(TM) SE Runtime Environment (8.0_92-b14) (build 1.8.0_92-b14)
# Java VM: Java HotSpot(TM) 64-Bit Server VM (25.92-b14 mixed mode windows-amd64 compressed oops)
# Failed to write core dump. Minidumps are not enabled by default on client versions of Windows
#

---------------  T H R E A D  ---------------

Current thread (0x0000000007d2b800):  JavaThread "C2 CompilerThread1" daemon [_thread_in_native, id=15600, stack(0x00000000090f0000,0x00000000091f0000)]

Stack: [0x00000000090f0000,0x00000000091f0000]
[error occurred during error reporting (printing stack bounds), id 0xc0000005]

Native frames: (J=compiled Java code, j=interpreted, Vv=VM code, C=native code)


Current CompileTask:
C2:   4223 1549       4       com.android.dx.cf.code.Simulator$SimVisitor::visitConstant (332 bytes)


---------------  P R O C E S S  ---------------

Java Threads: ( => current thread )
  0x0000000007dbf000 JavaThread "Service Thread" daemon [_thread_blocked, id=10584, stack(0x00000000093f0000,0x00000000094f0000)]
  0x0000000007d38800 JavaThread "C1 CompilerThread3" daemon [_thread_blocked, id=548, stack(0x00000000092f0000,0x00000000093f0000)]
  0x0000000007d35000 JavaThread "C2 CompilerThread2" daemon [_thread_blocked, id=16300, stack(0x00000000091f0000,0x00000000092f0000)]
=>0x0000000007d2b800 JavaThread "C2 CompilerThread1" daemon [_thread_in_native, id=15600, stack(0x00000000090f0000,0x00000000091f0000)]
  0x0000000007d25800 JavaThread "C2 CompilerThread0" daemon [_thread_in_native, id=5092, stack(0x0000000008ff0000,0x00000000090f0000)]
  0x0000000007d24800 JavaThread "Attach Listener" daemon [_thread_blocked, id=17384, stack(0x0000000008ef0000,0x0000000008ff0000)]
  0x0000000007d23800 JavaThread "Signal Dispatcher" daemon [_thread_blocked, id=15860, stack(0x0000000008df0000,0x0000000008ef0000)]
  0x0000000007cda800 JavaThread "Finalizer" daemon [_thread_blocked, id=12328, stack(0x0000000008c10000,0x0000000008d10000)]
  0x000000000695e000 JavaThread "Reference Handler" daemon [_thread_blocked, id=14172, stack(0x0000000008b10000,0x0000000008c10000)]
  0x0000000002d37800 JavaThread "main" [_thread_in_Java, id=15772, stack(0x0000000002c30000,0x0000000002d30000)]

Other Threads:
  0x0000000006951800 VMThread [stack: 0x0000000008a10000,0x0000000008b10000] [id=16112]
  0x0000000007dc5000 WatcherThread [stack: 0x00000000094f0000,0x00000000095f0000] [id=5080]

VM state:not at safepoint (normal execution)

VM Mutex/Monitor currently owned by a thread: None

Heap:
 PSYoungGen      total 38400K, used 15297K [0x00000000eab00000, 0x00000000ed580000, 0x0000000100000000)
  eden space 33280K, 30% used [0x00000000eab00000,0x00000000eb4f8528,0x00000000ecb80000)
  from space 5120K, 99% used [0x00000000ed080000,0x00000000ed578028,0x00000000ed580000)
  to   space 5120K, 0% used [0x00000000ecb80000,0x00000000ecb80000,0x00000000ed080000)
 ParOldGen       total 87552K, used 5001K [0x00000000c0000000, 0x00000000c5580000, 0x00000000eab00000)
  object space 87552K, 5% used [0x00000000c0000000,0x00000000c04e2568,0x00000000c5580000)
 Metaspace       used 5611K, capacity 6960K, committed 7040K, reserved 1056768K
  class space    used 549K, capacity 616K, committed 640K, reserved 1048576K

Card table byte_map: [0x00000000031f0000,0x0000000003400000] byte_map_base: 0x0000000002bf0000

Marking Bits: (ParMarkBitMap*) 0x000000006bad64f0
 Begin Bits: [0x0000000003d60000, 0x0000000004d60000)
 End Bits:   [0x0000000004d60000, 0x0000000005d60000)

Polling page: 0x00000000010e0000

CodeCache: size=245760Kb used=6918Kb max_used=6932Kb free=238841Kb
 bounds [0x000000000f010000, 0x000000000f6e0000, 0x000000001e010000]
 total_blobs=1799 nmethods=1541 adapters=171
 compilation: enabled

Compilation events (10 events):
Event: 3.919 Thread 0x0000000007d35000 1544       4       com.android.dx.cf.code.ByteCatchList::toTargetList (114 bytes)
Event: 3.939 Thread 0x0000000007d35000 nmethod 1544 0x000000000f6d34d0 code [0x000000000f6d3680, 0x000000000f6d4218]
Event: 3.939 Thread 0x0000000007d35000 1543       4       com.android.dx.cf.code.BasicBlocker::visitConstant (39 bytes)
Event: 3.965 Thread 0x0000000007d2b800 nmethod 1541 0x000000000f6da950 code [0x000000000f6dab40, 0x000000000f6dc2b8]
Event: 3.965 Thread 0x0000000007d2b800 1548       4       com.android.dx.cf.code.ByteBlockList::labelToBlock (46 bytes)
Event: 3.967 Thread 0x0000000007d2b800 nmethod 1548 0x000000000f6cdcd0 code [0x000000000f6cde20, 0x000000000f6cdf78]
Event: 3.967 Thread 0x0000000007d2b800 1547       4       com.android.dx.rop.code.RegisterSpec::getBasicFrameType (10 bytes)
Event: 3.967 Thread 0x0000000007d2b800 nmethod 1547 0x000000000f6cda10 code [0x000000000f6cdb40, 0x000000000f6cdbb8]
Event: 3.970 Thread 0x0000000007d35000 nmethod 1543 0x000000000f6d6d50 code [0x000000000f6d6f00, 0x000000000f6d79e8]
Event: 3.997 Thread 0x0000000007d2b800 1549       4       com.android.dx.cf.code.Simulator$SimVisitor::visitConstant (332 bytes)

GC Heap History (4 events):
Event: 1.979 GC heap before
{Heap before GC invocations=1 (full 0):
 PSYoungGen      total 38400K, used 33280K [0x00000000eab00000, 0x00000000ed580000, 0x0000000100000000)
  eden space 33280K, 100% used [0x00000000eab00000,0x00000000ecb80000,0x00000000ecb80000)
  from space 5120K, 0% used [0x00000000ed080000,0x00000000ed080000,0x00000000ed580000)
  to   space 5120K, 0% used [0x00000000ecb80000,0x00000000ecb80000,0x00000000ed080000)
 ParOldGen       total 87552K, used 0K [0x00000000c0000000, 0x00000000c5580000, 0x00000000eab00000)
  object space 87552K, 0% used [0x00000000c0000000,0x00000000c0000000,0x00000000c5580000)
 Metaspace       used 5440K, capacity 6832K, committed 7040K, reserved 1056768K
  class space    used 546K, capacity 616K, committed 640K, reserved 1048576K
Event: 1.994 GC heap after
Heap after GC invocations=1 (full 0):
 PSYoungGen      total 38400K, used 5116K [0x00000000eab00000, 0x00000000ed580000, 0x0000000100000000)
  eden space 33280K, 0% used [0x00000000eab00000,0x00000000eab00000,0x00000000ecb80000)
  from space 5120K, 99% used [0x00000000ecb80000,0x00000000ed07f070,0x00000000ed080000)
  to   space 5120K, 0% used [0x00000000ed080000,0x00000000ed080000,0x00000000ed580000)
 ParOldGen       total 87552K, used 895K [0x00000000c0000000, 0x00000000c5580000, 0x00000000eab00000)
  object space 87552K, 1% used [0x00000000c0000000,0x00000000c00dfc50,0x00000000c5580000)
 Metaspace       used 5440K, capacity 6832K, committed 7040K, reserved 1056768K
  class space    used 546K, capacity 616K, committed 640K, reserved 1048576K
}
Event: 3.528 GC heap before
{Heap before GC invocations=2 (full 0):
 PSYoungGen      total 38400K, used 38396K [0x00000000eab00000, 0x00000000ed580000, 0x0000000100000000)
  eden space 33280K, 100% used [0x00000000eab00000,0x00000000ecb80000,0x00000000ecb80000)
  from space 5120K, 99% used [0x00000000ecb80000,0x00000000ed07f070,0x00000000ed080000)
  to   space 5120K, 0% used [0x00000000ed080000,0x00000000ed080000,0x00000000ed580000)
 ParOldGen       total 87552K, used 895K [0x00000000c0000000, 0x00000000c5580000, 0x00000000eab00000)
  object space 87552K, 1% used [0x00000000c0000000,0x00000000c00dfc50,0x00000000c5580000)
 Metaspace       used 5598K, capacity 6960K, committed 7040K, reserved 1056768K
  class space    used 549K, capacity 616K, committed 640K, reserved 1048576K
Event: 3.647 GC heap after
Heap after GC invocations=2 (full 0):
 PSYoungGen      total 38400K, used 5088K [0x00000000eab00000, 0x00000000ed580000, 0x0000000100000000)
  eden space 33280K, 0% used [0x00000000eab00000,0x00000000eab00000,0x00000000ecb80000)
  from space 5120K, 99% used [0x00000000ed080000,0x00000000ed578028,0x00000000ed580000)
  to   space 5120K, 0% used [0x00000000ecb80000,0x00000000ecb80000,0x00000000ed080000)
 ParOldGen       total 87552K, used 5001K [0x00000000c0000000, 0x00000000c5580000, 0x00000000eab00000)
  object space 87552K, 5% used [0x00000000c0000000,0x00000000c04e2568,0x00000000c5580000)
 Metaspace       used 5598K, capacity 6960K, committed 7040K, reserved 1056768K
  class space    used 549K, capacity 616K, committed 640K, reserved 1048576K
}

Deoptimization events (10 events):
Event: 1.595 Thread 0x0000000002d37800 Uncommon trap: reason=unstable_if action=reinterpret pc=0x000000000f401b1c method=java.lang.String.<init>([CII)V @ 18
Event: 1.741 Thread 0x0000000002d37800 Uncommon trap: reason=bimorphic action=maybe_recompile pc=0x000000000f40bbe4 method=com.android.dx.ssa.SCCP.simulatePhi(Lcom/android/dx/ssa/PhiInsn;)V @ 124
Event: 1.806 Thread 0x0000000002d37800 Uncommon trap: reason=unstable_if action=reinterpret pc=0x000000000f4a6d50 method=com.android.dx.ssa.SCCP.simulateBranch(Lcom/android/dx/ssa/SsaInsn;)V @ 64
Event: 1.813 Thread 0x0000000002d37800 Uncommon trap: reason=bimorphic action=maybe_recompile pc=0x000000000f40bbe4 method=com.android.dx.ssa.SCCP.simulatePhi(Lcom/android/dx/ssa/PhiInsn;)V @ 124
Event: 1.813 Thread 0x0000000002d37800 Uncommon trap: reason=bimorphic action=maybe_recompile pc=0x000000000f40bbe4 method=com.android.dx.ssa.SCCP.simulatePhi(Lcom/android/dx/ssa/PhiInsn;)V @ 124
Event: 1.813 Thread 0x0000000002d37800 Uncommon trap: reason=bimorphic action=maybe_recompile pc=0x000000000f40bbe4 method=com.android.dx.ssa.SCCP.simulatePhi(Lcom/android/dx/ssa/PhiInsn;)V @ 124
Event: 1.828 Thread 0x0000000002d37800 Uncommon trap: reason=unstable_if action=reinterpret pc=0x000000000f456968 method=com.android.dx.ssa.SCCP.simulateStmt(Lcom/android/dx/ssa/SsaInsn;)V @ 53
Event: 2.280 Thread 0x0000000002d37800 Uncommon trap: reason=unstable_if action=reinterpret pc=0x000000000f500eb0 method=com.android.dx.ssa.SsaRenamer$BlockRenamer.process()V @ 90
Event: 2.513 Thread 0x0000000002d37800 Uncommon trap: reason=class_check action=maybe_recompile pc=0x000000000f5282c8 method=com.android.dx.cf.code.RopperMachine.run(Lcom/android/dx/cf/code/Frame;II)V @ 988
Event: 3.049 Thread 0x0000000002d37800 Uncommon trap: reason=uninitialized action=reinterpret pc=0x000000000f4938ec method=com.android.dx.cf.code.BytecodeArray.parseInstruction(ILcom/android/dx/cf/code/BytecodeArray$Visitor;)I @ 1063

Internal exceptions (4 events):
Event: 0.073 Thread 0x0000000002d37800 Exception <a 'java/lang/NoSuchMethodError': Method sun.misc.Unsafe.defineClass(Ljava/lang/String;[BII)Ljava/lang/Class; name or signature does not match> (0x00000000eab07cc0) thrown at [D:\re\workspace\8-2-build-windows-amd64-cygwin\jdk8u92\6642\hotspot\sr“-Ãk9®²?
Event: 0.073 Thread 0x0000000002d37800 Exception <a 'java/lang/NoSuchMethodError': Method sun.misc.Unsafe.prefetchRead(Ljava/lang/Object;J)V name or signature does not match> (0x00000000eab07fa8) thrown at [D:\re\workspace\8-2-build-windows-amd64-cygwin\jdk8u92\6642\hotspot\src\share\vm\prims\j²3Dû»ò?
Event: 1.126 Thread 0x0000000002d37800 Implicit null exception at 0x000000000f2a9266 to 0x000000000f2aabe1
Event: 1.172 Thread 0x0000000002d37800 Implicit null exception at 0x000000000f3055ea to 0x000000000f307189

Events (10 events):
Event: 3.036 loading class com/android/dx/cf/attrib/AttRuntimeVisibleAnnotations done
Event: 3.036 loading class com/android/dx/cf/attrib/BaseAnnotations
Event: 3.036 loading class com/android/dx/cf/attrib/BaseAnnotations done
Event: 3.049 Thread 0x0000000002d37800 Uncommon trap: trap_request=0xffffffb5 fr.pc=0x000000000f4938ec
Event: 3.049 Thread 0x0000000002d37800 DEOPT PACKING pc=0x000000000f4938ec sp=0x0000000002d2e520
Event: 3.049 Thread 0x0000000002d37800 DEOPT UNPACKING pc=0x000000000f05582a sp=0x0000000002d2e4a0 mode 2
Event: 3.470 Thread 0x0000000002d37800 DEOPT PACKING pc=0x000000000f424835 sp=0x0000000002d2e5c0
Event: 3.470 Thread 0x0000000002d37800 DEOPT UNPACKING pc=0x000000000f05787f sp=0x0000000002d2e2a0 mode 0
Event: 3.528 Executing VM operation: ParallelGCFailedAllocation
Event: 3.647 Executing VM operation: ParallelGCFailedAllocation done


Dynamic libraries:
0x00007ff647010000 - 0x00007ff647047000 	C:\Program Files\Java\jdk1.8.0_92\bin\java.exe
0x00007ffbb7ee0000 - 0x00007ffbb80a1000 	C:\WINDOWS\SYSTEM32\ntdll.dll
0x00007ffbb7410000 - 0x00007ffbb74bd000 	C:\WINDOWS\system32\KERNEL32.DLL
0x00007ffbb4a80000 - 0x00007ffbb4c68000 	C:\WINDOWS\system32\KERNELBASE.dll
0x000000006c5d0000 - 0x000000006c67e000 	C:\Program Files\Bitdefender\Bitdefender 2016\Active Virus Control\Avc3_00369_042\avcuf64.dll
0x00007ffbb2c80000 - 0x00007ffbb2cf9000 	C:\WINDOWS\system32\apphelp.dll
0x00007ffb8f130000 - 0x00007ffb8f5b3000 	C:\WINDOWS\AppPatch\AppPatch64\AcLayers.DLL
0x00007ffbb7e40000 - 0x00007ffbb7edd000 	C:\WINDOWS\system32\msvcrt.dll
0x00007ffbb5be0000 - 0x00007ffbb5d36000 	C:\WINDOWS\system32\USER32.dll
0x00007ffbb5a10000 - 0x00007ffbb5b96000 	C:\WINDOWS\system32\GDI32.dll
0x00007ffbb5340000 - 0x00007ffbb5392000 	C:\WINDOWS\system32\SHLWAPI.dll
0x00007ffbb5640000 - 0x00007ffbb58bd000 	C:\WINDOWS\system32\combase.dll
0x00007ffbb74c0000 - 0x00007ffbb75dc000 	C:\WINDOWS\system32\RPCRT4.dll
0x00007ffbb4950000 - 0x00007ffbb49ba000 	C:\WINDOWS\system32\bcryptPrimitives.dll
0x0000000000fd0000 - 0x0000000000fd3000 	C:\WINDOWS\SYSTEM32\sfc.dll
0x00007ffbaf530000 - 0x00007ffbaf5b4000 	C:\WINDOWS\SYSTEM32\WINSPOOL.DRV
0x00007ffbb40e0000 - 0x00007ffbb4109000 	C:\WINDOWS\SYSTEM32\bcrypt.dll
0x00007ffb9b580000 - 0x00007ffb9b591000 	C:\WINDOWS\SYSTEM32\sfc_os.DLL
0x00007ffbab260000 - 0x00007ffbab271000 	C:\WINDOWS\SYSTEM32\SortWindows61.dll
0x00007ffbb5ba0000 - 0x00007ffbb5bdb000 	C:\WINDOWS\system32\IMM32.DLL
0x00007ffbb3740000 - 0x00007ffbb3771000 	C:\Windows\system32\nvinitx.dll
0x00007ffbb7960000 - 0x00007ffbb7a07000 	C:\WINDOWS\system32\ADVAPI32.dll
0x00007ffbb52c0000 - 0x00007ffbb531b000 	C:\WINDOWS\system32\sechost.dll
0x00007ffbb3730000 - 0x00007ffbb373a000 	C:\WINDOWS\SYSTEM32\VERSION.dll
0x000000000f000000 - 0x000000000f006000 	C:\Program Files\NVIDIA Corporation\CoProcManager\_etoured.dll
0x00007ffbb0c70000 - 0x00007ffbb0ca3000 	C:\Program Files\NVIDIA Corporation\CoProcManager\nvd3d9wrapx.dll
0x00007ffbb7a10000 - 0x00007ffbb7e39000 	C:\WINDOWS\system32\SETUPAPI.dll
0x00007ffbb4740000 - 0x00007ffbb4783000 	C:\WINDOWS\system32\CFGMGR32.dll
0x00007ffbb2ab0000 - 0x00007ffbb2ad2000 	C:\Program Files\NVIDIA Corporation\CoProcManager\nvdxgiwrapx.dll
0x00007ffbafb40000 - 0x00007ffbafdb4000 	C:\WINDOWS\WinSxS\amd64_microsoft.windows.common-controls_6595b64144ccf1df_6.0.10586.494_none_a2d8b04ea53e3145\COMCTL32.dll
0x000000006bcc0000 - 0x000000006bd92000 	C:\Program Files\Java\jdk1.8.0_92\jre\bin\msvcr100.dll
0x000000006b2c0000 - 0x000000006bb56000 	C:\Program Files\Java\jdk1.8.0_92\jre\bin\server\jvm.dll
0x00007ffbb5930000 - 0x00007ffbb5938000 	C:\WINDOWS\system32\PSAPI.DLL
0x00007ffba8e80000 - 0x00007ffba8e89000 	C:\WINDOWS\SYSTEM32\WSOCK32.dll
0x00007ffbb7640000 - 0x00007ffbb76ab000 	C:\WINDOWS\system32\WS2_32.dll
0x00007ffbb2a80000 - 0x00007ffbb2aa3000 	C:\WINDOWS\SYSTEM32\WINMM.dll
0x00007ffbb2a50000 - 0x00007ffbb2a7c000 	C:\WINDOWS\SYSTEM32\WINMMBASE.dll
0x000000006c140000 - 0x000000006c14f000 	C:\Program Files\Java\jdk1.8.0_92\jre\bin\verify.dll
0x000000006c110000 - 0x000000006c139000 	C:\Program Files\Java\jdk1.8.0_92\jre\bin\java.dll
0x000000006c0f0000 - 0x000000006c106000 	C:\Program Files\Java\jdk1.8.0_92\jre\bin\zip.dll
0x00007ffbb5d40000 - 0x00007ffbb729c000 	C:\WINDOWS\system32\SHELL32.dll
0x00007ffbb4c70000 - 0x00007ffbb52b5000 	C:\WINDOWS\system32\windows.storage.dll
0x00007ffbb4510000 - 0x00007ffbb451f000 	C:\WINDOWS\system32\kernel.appcore.dll
0x0000000002b50000 - 0x0000000002c05000 	C:\WINDOWS\system32\shcore.dll
0x00007ffbb4520000 - 0x00007ffbb456b000 	C:\WINDOWS\system32\powrprof.dll
0x00007ffbb44e0000 - 0x00007ffbb44f4000 	C:\WINDOWS\system32\profapi.dll

VM Arguments:
jvm_args: -Djava.awt.headless=true -Xmx1024M -Dfile.encoding=windows-1252 -Duser.country=US -Duser.language=en -Duser.variant 
java_command: com.android.dx.command.Main --dex --force-jumbo --multi-dex --output C:\Users\kikkos\AndroidStudioProjects\Udacity\myMovieNews\app\build\intermediates\transforms\dex\debug\folders\1000\5\slice_4 C:\Users\kikkos\AndroidStudioProjects\Udacity\myMovieNews\app\build\intermediates\transforms\instantRunSlicer\debug\folders\1\5\slice_4
java_class_path (initial): C:\Users\kikkos\AppData\Local\Android\sdk\build-tools\22.0.1\lib\dx.jar
Launcher Type: SUN_STANDARD

Environment Variables:
JAVA_HOME=C:\Program Files\Java\jdk1.8.0_92
PATH=C:\Program Files (x86)\Intel\iCLS Client\;C:\Program Files\Intel\iCLS Client\;C:\ProgramData\Oracle\Java\javapath;C:\Program Files\ImageMagick-6.8.9-Q16;C:\WINDOWS\system32;C:\WINDOWS;C:\WINDOWS\System32\Wbem;C:\Program Files\Lenovo\Bluetooth Software\;C:\Program Files\Lenovo\Bluetooth Software\syswow64;C:\Program Files\Intel\WiFi\bin\;C:\Program Files\Common Files\Intel\WirelessCommon\;C:\Program Files\Microsoft\Web Platform Installer\;C:\WINDOWS\System32\WindowsPowerShell\v1.0\;C:\Program Files\Microsoft SQL Server\110\Tools\Binn\;C:\Program Files\Sublime Text 2;C:\Program Files (x86)\Heroku\bin;C:\Program Files\Intel\Intel(R) Management Engine Components\DAL;C:\Program Files\Intel\Intel(R) Management Engine Components\IPT;C:\Program Files (x86)\Intel\Intel(R) Management Engine Components\DAL;C:\Program Files (x86)\Intel\Intel(R) Management Engine Components\IPT;C:\Program Files (x86)\NVIDIA Corporation\PhysX\Common;C:\WINDOWS\system32;C:\WINDOWS;C:\WINDOWS\System32\Wbem;C:\WINDOWS\System32\WindowsPowerShell\v1.0\;C:\Program Files (x86)\Skype\Phone\;C:\Ruby23-x64\bin;C:\Program Files (x86)\MySQL\MySQL Fabric 1.5 & MySQL Utilities 1.5\;C:\Program Files (x86)\MySQL\MySQL Fabric 1.5 & MySQL Utilities 1.5\Doctrine extensions for PHP\;C:\Program Files\MySQL\MySQL Server 5.7\bin;C:\RailsInstaller\Ruby2.2.0\bin;C:\Users\kikkos\AppData\Local\GitHub\PortableGit_d76a6a98c9315931ec4927243517bc09e9b731a0\cmd;C:\Ruby22-x64\bin;C:\Program Files (x86)\Heroku\ruby-1.9.3\bin;C:\Program Files\Intel\WiFi\bin\;C:\Program Files\Common Files\Intel\WirelessCommon\;C:\Program Files\MongoDB\Server\3.2\bin;C:\sqlite
USERNAME=kikkos



---------------  S Y S T E M  ---------------

OS: Windows 10.0 , 64 bit Build 10586 (10.0.10586.0)

CPU:total 8 (4 cores per cpu, 2 threads per core) family 6 model 42 stepping 7, cmov, cx8, fxsr, mmx, sse, sse2, sse3, ssse3, sse4.1, sse4.2, popcnt, avx, aes, clmul, ht, tsc, tscinvbit

Memory: 4k page, physical 8300684k(1974696k free), swap 8505484k(5120k free)

vm_info: Java HotSpot(TM) 64-Bit Server VM (25.92-b14) for windows-amd64 JRE (1.8.0_92-b14), built on Mar 31 2016 21:03:04 by "java_re" with MS VC++ 10.0 (VS2010)

time: Thu Sep 15 10:18:07 2016
elapsed time: 4 seconds (0d 0h 0m 4s)

