#
# There is insufficient memory for the Java Runtime Environment to continue.
# Native memory allocation (malloc) failed to allocate 131088 bytes for Chunk::new
# Possible reasons:
#   The system is out of physical RAM or swap space
#   In 32 bit mode, the process size limit was hit
# Possible solutions:
#   Reduce memory load on the system
#   Increase physical memory or swap space
#   Check if swap backing store is full
#   Use 64 bit Java on a 64 bit OS
#   Decrease Java heap size (-Xmx/-Xms)
#   Decrease number of Java threads
#   Decrease Java thread stack sizes (-Xss)
#   Set larger code cache with -XX:ReservedCodeCacheSize=
# This output file may be truncated or incomplete.
#
#  Out of Memory Error (allocation.cpp:390), pid=6176, tid=0x00000000000012c4
#
# JRE version: Java(TM) SE Runtime Environment (8.0_92-b14) (build 1.8.0_92-b14)
# Java VM: Java HotSpot(TM) 64-Bit Server VM (25.92-b14 mixed mode windows-amd64 compressed oops)
# Failed to write core dump. Minidumps are not enabled by default on client versions of Windows
#

---------------  T H R E A D  ---------------

Current thread (0x0000000007432800):  JavaThread "C2 CompilerThread0" daemon [_thread_in_native, id=4804, stack(0x0000000008700000,0x0000000008800000)]

Stack: [0x0000000008700000,0x0000000008800000]
[error occurred during error reporting (printing stack bounds), id 0xc0000005]

Native frames: (J=compiled Java code, j=interpreted, Vv=VM code, C=native code)


Current CompileTask:
C2:   3386 1518       4       com.android.dx.ssa.SCCP::simulatePhiBlock (50 bytes)


---------------  P R O C E S S  ---------------

Java Threads: ( => current thread )
  0x000000000744b800 JavaThread "Service Thread" daemon [_thread_blocked, id=6404, stack(0x0000000008b00000,0x0000000008c00000)]
  0x0000000007445800 JavaThread "C1 CompilerThread3" daemon [_thread_in_native, id=11588, stack(0x0000000008a00000,0x0000000008b00000)]
  0x0000000007441800 JavaThread "C2 CompilerThread2" daemon [_thread_in_native, id=6624, stack(0x0000000008900000,0x0000000008a00000)]
  0x0000000007438800 JavaThread "C2 CompilerThread1" daemon [_thread_in_native, id=7272, stack(0x0000000008800000,0x0000000008900000)]
=>0x0000000007432800 JavaThread "C2 CompilerThread0" daemon [_thread_in_native, id=4804, stack(0x0000000008700000,0x0000000008800000)]
  0x0000000007431000 JavaThread "Attach Listener" daemon [_thread_blocked, id=10260, stack(0x0000000008600000,0x0000000008700000)]
  0x0000000007430000 JavaThread "Signal Dispatcher" daemon [_thread_blocked, id=5272, stack(0x0000000008500000,0x0000000008600000)]
  0x00000000073e1000 JavaThread "Finalizer" daemon [_thread_blocked, id=10324, stack(0x0000000008320000,0x0000000008420000)]
  0x00000000073b6000 JavaThread "Reference Handler" daemon [_thread_blocked, id=3392, stack(0x0000000008220000,0x0000000008320000)]
  0x0000000002437800 JavaThread "main" [_thread_in_Java, id=2724, stack(0x0000000002330000,0x0000000002430000)]

Other Threads:
  0x000000000604d000 VMThread [stack: 0x0000000008120000,0x0000000008220000] [id=5972]
  0x00000000074b6800 WatcherThread [stack: 0x0000000008c00000,0x0000000008d00000] [id=6280]

VM state:not at safepoint (normal execution)

VM Mutex/Monitor currently owned by a thread: None

Heap:
 PSYoungGen      total 38400K, used 30040K [0x00000000eab00000, 0x00000000ef600000, 0x0000000100000000)
  eden space 33280K, 74% used [0x00000000eab00000,0x00000000ec358718,0x00000000ecb80000)
  from space 5120K, 99% used [0x00000000ecb80000,0x00000000ed07dc88,0x00000000ed080000)
  to   space 5120K, 0% used [0x00000000ef100000,0x00000000ef100000,0x00000000ef600000)
 ParOldGen       total 87552K, used 1613K [0x00000000c0000000, 0x00000000c5580000, 0x00000000eab00000)
  object space 87552K, 1% used [0x00000000c0000000,0x00000000c01936a0,0x00000000c5580000)
 Metaspace       used 5836K, capacity 7024K, committed 7296K, reserved 1056768K
  class space    used 563K, capacity 616K, committed 640K, reserved 1048576K

Card table byte_map: [0x00000000028f0000,0x0000000002b00000] byte_map_base: 0x00000000022f0000

Marking Bits: (ParMarkBitMap*) 0x00000000755c64f0
 Begin Bits: [0x0000000003460000, 0x0000000004460000)
 End Bits:   [0x0000000004460000, 0x0000000005460000)

Polling page: 0x0000000000880000

CodeCache: size=245760Kb used=6607Kb max_used=6607Kb free=239152Kb
 bounds [0x000000000f010000, 0x000000000f690000, 0x000000001e010000]
 total_blobs=1790 nmethods=1525 adapters=178
 compilation: enabled

Compilation events (10 events):
Event: 3.332 Thread 0x0000000007445800 nmethod 1532 0x000000000f65e050 code [0x000000000f65e1c0, 0x000000000f65e3b0]
Event: 3.341 Thread 0x0000000007445800 1535       3       com.android.dx.rop.annotation.Annotations::add (75 bytes)
Event: 3.342 Thread 0x0000000007445800 nmethod 1535 0x000000000f65e450 code [0x000000000f65e6c0, 0x000000000f65f5e8]
Event: 3.352 Thread 0x0000000007445800 1536       3       com.android.dx.rop.code.LocalVariableInfo::mergeStarts (75 bytes)
Event: 3.353 Thread 0x0000000007445800 nmethod 1536 0x000000000f65fcd0 code [0x000000000f65fec0, 0x000000000f660878]
Event: 3.356 Thread 0x0000000007445800 1537   !   3       com.android.dx.cf.code.BytecodeArray::parseInstruction (2764 bytes)
Event: 3.377 Thread 0x0000000007445800 nmethod 1537 0x000000000f660cd0 code [0x000000000f662420, 0x000000000f672c28]
Event: 3.377 Thread 0x0000000007445800 1540       3       com.android.dx.cf.direct.StdAttributeFactory::lineNumberTable (204 bytes)
Event: 3.380 Thread 0x0000000007445800 nmethod 1540 0x000000000f684390 code [0x000000000f684840, 0x000000000f687538]
Event: 3.380 Thread 0x0000000007445800 1539       3       com.android.dx.cf.direct.StdAttributeFactory::code (613 bytes)

GC Heap History (2 events):
Event: 2.715 GC heap before
{Heap before GC invocations=1 (full 0):
 PSYoungGen      total 38400K, used 33280K [0x00000000eab00000, 0x00000000ed580000, 0x0000000100000000)
  eden space 33280K, 100% used [0x00000000eab00000,0x00000000ecb80000,0x00000000ecb80000)
  from space 5120K, 0% used [0x00000000ed080000,0x00000000ed080000,0x00000000ed580000)
  to   space 5120K, 0% used [0x00000000ecb80000,0x00000000ecb80000,0x00000000ed080000)
 ParOldGen       total 87552K, used 0K [0x00000000c0000000, 0x00000000c5580000, 0x00000000eab00000)
  object space 87552K, 0% used [0x00000000c0000000,0x00000000c0000000,0x00000000c5580000)
 Metaspace       used 5748K, capacity 6960K, committed 7040K, reserved 1056768K
  class space    used 563K, capacity 616K, committed 640K, reserved 1048576K
Event: 2.765 GC heap after
Heap after GC invocations=1 (full 0):
 PSYoungGen      total 38400K, used 5111K [0x00000000eab00000, 0x00000000ef600000, 0x0000000100000000)
  eden space 33280K, 0% used [0x00000000eab00000,0x00000000eab00000,0x00000000ecb80000)
  from space 5120K, 99% used [0x00000000ecb80000,0x00000000ed07dc88,0x00000000ed080000)
  to   space 5120K, 0% used [0x00000000ef100000,0x00000000ef100000,0x00000000ef600000)
 ParOldGen       total 87552K, used 1613K [0x00000000c0000000, 0x00000000c5580000, 0x00000000eab00000)
  object space 87552K, 1% used [0x00000000c0000000,0x00000000c01936a0,0x00000000c5580000)
 Metaspace       used 5748K, capacity 6960K, committed 7040K, reserved 1056768K
  class space    used 563K, capacity 616K, committed 640K, reserved 1048576K
}

Deoptimization events (10 events):
Event: 2.783 Thread 0x0000000002437800 Uncommon trap: reason=bimorphic action=maybe_recompile pc=0x000000000f577358 method=com.android.dx.ssa.SCCP.simulatePhi(Lcom/android/dx/ssa/PhiInsn;)V @ 124
Event: 2.783 Thread 0x0000000002437800 Uncommon trap: reason=bimorphic action=maybe_recompile pc=0x000000000f577358 method=com.android.dx.ssa.SCCP.simulatePhi(Lcom/android/dx/ssa/PhiInsn;)V @ 124
Event: 2.787 Thread 0x0000000002437800 Uncommon trap: reason=bimorphic action=maybe_recompile pc=0x000000000f537218 method=com.android.dx.ssa.LiteralOpUpgrader.tryReplacingWithConstant(Lcom/android/dx/ssa/NormalSsaInsn;)Z @ 52
Event: 2.794 Thread 0x0000000002437800 Uncommon trap: reason=bimorphic action=maybe_recompile pc=0x000000000f5259ec method=com.android.dx.ssa.LiteralOpUpgrader.tryReplacingWithConstant(Lcom/android/dx/ssa/NormalSsaInsn;)Z @ 52
Event: 3.064 Thread 0x0000000002437800 Uncommon trap: reason=bimorphic action=maybe_recompile pc=0x000000000f577358 method=com.android.dx.ssa.SCCP.simulatePhi(Lcom/android/dx/ssa/PhiInsn;)V @ 124
Event: 3.071 Thread 0x0000000002437800 Uncommon trap: reason=bimorphic action=maybe_recompile pc=0x000000000f577358 method=com.android.dx.ssa.SCCP.simulatePhi(Lcom/android/dx/ssa/PhiInsn;)V @ 124
Event: 3.111 Thread 0x0000000002437800 Uncommon trap: reason=unstable_if action=reinterpret pc=0x000000000f519a3c method=com.android.dx.ssa.SCCP.simulateBranch(Lcom/android/dx/ssa/SsaInsn;)V @ 64
Event: 3.346 Thread 0x0000000002437800 Uncommon trap: reason=unstable_if action=reinterpret pc=0x000000000f652554 method=com.android.dx.rop.code.LocalVariableInfo.mergeStarts(ILcom/android/dx/rop/code/RegisterSpecSet;)Z @ 31
Event: 3.350 Thread 0x0000000002437800 Uncommon trap: reason=bimorphic action=maybe_recompile pc=0x000000000f5c8c3c method=com.android.dx.rop.code.RegisterSpec.withSimpleType()Lcom/android/dx/rop/code/RegisterSpec; @ 21
Event: 3.353 Thread 0x0000000002437800 Uncommon trap: reason=unstable_if action=reinterpret pc=0x000000000f5dfa30 method=com.android.dx.cf.code.ByteCatchList.listFor(I)Lcom/android/dx/cf/code/ByteCatchList; @ 47

Internal exceptions (4 events):
Event: 0.102 Thread 0x0000000002437800 Exception <a 'java/lang/NoSuchMethodError': Method sun.misc.Unsafe.defineClass(Ljava/lang/String;[BII)Ljava/lang/Class; name or signature does not match> (0x00000000eab07cc0) thrown at [D:\re\workspace\8-2-build-windows-amd64-cygwin\jdk8u92\6642\hotspot\sr]‹‚á³º?
Event: 0.102 Thread 0x0000000002437800 Exception <a 'java/lang/NoSuchMethodError': Method sun.misc.Unsafe.prefetchRead(Ljava/lang/Object;J)V name or signature does not match> (0x00000000eab07fa8) thrown at [D:\re\workspace\8-2-build-windows-amd64-cygwin\jdk8u92\6642\hotspot\src\share\vm\prims\jb0v1xn
Event: 2.054 Thread 0x0000000002437800 Implicit null exception at 0x000000000f3b4ba2 to 0x000000000f3b4c92
Event: 2.472 Thread 0x0000000002437800 Implicit null exception at 0x000000000f383b36 to 0x000000000f38527d

Events (10 events):
Event: 3.111 Thread 0x0000000002437800 DEOPT UNPACKING pc=0x000000000f05582a sp=0x000000000242e940 mode 2
Event: 3.346 Thread 0x0000000002437800 Uncommon trap: trap_request=0xffffff65 fr.pc=0x000000000f652554
Event: 3.346 Thread 0x0000000002437800 DEOPT PACKING pc=0x000000000f652554 sp=0x000000000242eb90
Event: 3.346 Thread 0x0000000002437800 DEOPT UNPACKING pc=0x000000000f05582a sp=0x000000000242eb68 mode 2
Event: 3.350 Thread 0x0000000002437800 Uncommon trap: trap_request=0xffffffc6 fr.pc=0x000000000f5c8c3c
Event: 3.350 Thread 0x0000000002437800 DEOPT PACKING pc=0x000000000f5c8c3c sp=0x000000000242eae0
Event: 3.350 Thread 0x0000000002437800 DEOPT UNPACKING pc=0x000000000f05582a sp=0x000000000242ea68 mode 2
Event: 3.353 Thread 0x0000000002437800 Uncommon trap: trap_request=0xffffff65 fr.pc=0x000000000f5dfa30
Event: 3.353 Thread 0x0000000002437800 DEOPT PACKING pc=0x000000000f5dfa30 sp=0x000000000242e9e0
Event: 3.353 Thread 0x0000000002437800 DEOPT UNPACKING pc=0x000000000f05582a sp=0x000000000242e850 mode 2


Dynamic libraries:
0x00007ff77c620000 - 0x00007ff77c657000 	C:\Program Files\Java\jdk1.8.0_92\bin\java.exe
0x00007ffe4ec10000 - 0x00007ffe4edd1000 	C:\WINDOWS\SYSTEM32\ntdll.dll
0x00007ffe4c2e0000 - 0x00007ffe4c38d000 	C:\WINDOWS\system32\KERNEL32.DLL
0x00007ffe4b980000 - 0x00007ffe4bb68000 	C:\WINDOWS\system32\KERNELBASE.dll
0x0000000075a80000 - 0x0000000075b31000 	C:\Program Files\Bitdefender\Bitdefender 2016\Active Virus Control\Avc3_00363_036\avcuf64.dll
0x00007ffe49780000 - 0x00007ffe497f9000 	C:\WINDOWS\system32\apphelp.dll
0x00007ffe1d240000 - 0x00007ffe1d6c3000 	C:\WINDOWS\AppPatch\AppPatch64\AcLayers.DLL
0x00007ffe4c560000 - 0x00007ffe4c5fd000 	C:\WINDOWS\system32\msvcrt.dll
0x00007ffe4e2f0000 - 0x00007ffe4e446000 	C:\WINDOWS\system32\USER32.dll
0x00007ffe4c660000 - 0x00007ffe4c7e6000 	C:\WINDOWS\system32\GDI32.dll
0x00007ffe4c600000 - 0x00007ffe4c652000 	C:\WINDOWS\system32\SHLWAPI.dll
0x00007ffe4e4b0000 - 0x00007ffe4e72d000 	C:\WINDOWS\system32\combase.dll
0x00007ffe4e1d0000 - 0x00007ffe4e2ec000 	C:\WINDOWS\system32\RPCRT4.dll
0x00007ffe4bb70000 - 0x00007ffe4bbda000 	C:\WINDOWS\system32\bcryptPrimitives.dll
0x0000000000640000 - 0x0000000000643000 	C:\WINDOWS\SYSTEM32\sfc.dll
0x00007ffe46320000 - 0x00007ffe463a4000 	C:\WINDOWS\SYSTEM32\WINSPOOL.DRV
0x00007ffe4b140000 - 0x00007ffe4b169000 	C:\WINDOWS\SYSTEM32\bcrypt.dll
0x00007ffe3cf90000 - 0x00007ffe3cfa1000 	C:\WINDOWS\SYSTEM32\sfc_os.DLL
0x00007ffe48a20000 - 0x00007ffe48a31000 	C:\WINDOWS\SYSTEM32\SortWindows61.dll
0x00007ffe4cc20000 - 0x00007ffe4cc5b000 	C:\WINDOWS\system32\IMM32.DLL
0x00007ffe4b100000 - 0x00007ffe4b131000 	C:\Windows\system32\nvinitx.dll
0x00007ffe4c100000 - 0x00007ffe4c1a7000 	C:\WINDOWS\system32\ADVAPI32.dll
0x00007ffe4e450000 - 0x00007ffe4e4ab000 	C:\WINDOWS\system32\sechost.dll
0x00007ffe4b0f0000 - 0x00007ffe4b0fa000 	C:\WINDOWS\SYSTEM32\VERSION.dll
0x000000000f000000 - 0x000000000f006000 	C:\Program Files\NVIDIA Corporation\CoProcManager\_etoured.dll
0x00007ffe47910000 - 0x00007ffe47943000 	C:\Program Files\NVIDIA Corporation\CoProcManager\nvd3d9wrapx.dll
0x00007ffe4c7f0000 - 0x00007ffe4cc19000 	C:\WINDOWS\system32\SETUPAPI.dll
0x00007ffe4bdb0000 - 0x00007ffe4bdf3000 	C:\WINDOWS\system32\CFGMGR32.dll
0x00007ffe478e0000 - 0x00007ffe47902000 	C:\Program Files\NVIDIA Corporation\CoProcManager\nvdxgiwrapx.dll
0x00007ffe466d0000 - 0x00007ffe46944000 	C:\WINDOWS\WinSxS\amd64_microsoft.windows.common-controls_6595b64144ccf1df_6.0.10586.0_none_8c15ae12515e1c22\COMCTL32.dll
0x0000000074920000 - 0x00000000749f2000 	C:\Program Files\Java\jdk1.8.0_92\jre\bin\msvcr100.dll
0x0000000074db0000 - 0x0000000075646000 	C:\Program Files\Java\jdk1.8.0_92\jre\bin\server\jvm.dll
0x00007ffe4c400000 - 0x00007ffe4c408000 	C:\WINDOWS\system32\PSAPI.DLL
0x00007ffe3ec00000 - 0x00007ffe3ec09000 	C:\WINDOWS\SYSTEM32\WSOCK32.dll
0x00007ffe4e740000 - 0x00007ffe4e7ab000 	C:\WINDOWS\system32\WS2_32.dll
0x00007ffe491e0000 - 0x00007ffe49203000 	C:\WINDOWS\SYSTEM32\WINMM.dll
0x00007ffe491b0000 - 0x00007ffe491dc000 	C:\WINDOWS\SYSTEM32\WINMMBASE.dll
0x0000000074da0000 - 0x0000000074daf000 	C:\Program Files\Java\jdk1.8.0_92\jre\bin\verify.dll
0x0000000074d70000 - 0x0000000074d99000 	C:\Program Files\Java\jdk1.8.0_92\jre\bin\java.dll
0x0000000074d50000 - 0x0000000074d66000 	C:\Program Files\Java\jdk1.8.0_92\jre\bin\zip.dll
0x00007ffe4cc70000 - 0x00007ffe4e1cc000 	C:\WINDOWS\system32\SHELL32.dll
0x00007ffe4b2a0000 - 0x00007ffe4b8e4000 	C:\WINDOWS\system32\windows.storage.dll
0x00007ffe4b240000 - 0x00007ffe4b24f000 	C:\WINDOWS\system32\kernel.appcore.dll
0x00007ffe4beb0000 - 0x00007ffe4bf65000 	C:\WINDOWS\system32\shcore.dll
0x00007ffe4b250000 - 0x00007ffe4b29b000 	C:\WINDOWS\system32\powrprof.dll
0x00007ffe4b210000 - 0x00007ffe4b224000 	C:\WINDOWS\system32\profapi.dll

VM Arguments:
jvm_args: -Djava.awt.headless=true -Xmx1024M -Dfile.encoding=windows-1252 -Duser.country=US -Duser.language=en -Duser.variant 
java_command: com.android.dx.command.Main --dex --force-jumbo --multi-dex --output C:\Users\kikkos\AndroidStudioProjects\Udacity\theMovieDB\app\build\intermediates\transforms\dex\debug\folders\1000\10\picasso-2.5.2_bbdb5b79ede9bf76ac73d4dc36f63ef878bb2994 C:\Users\kikkos\.gradle\caches\modules-2\files-2.1\com.squareup.picasso\picasso\2.5.2\7446d06ec8d4f7ffcc53f1da37c95f200dcb9387\picasso-2.5.2.jar
java_class_path (initial): C:\Users\kikkos\AppData\Local\Android\sdk\build-tools\22.0.1\lib\dx.jar
Launcher Type: SUN_STANDARD

Environment Variables:
JAVA_HOME=C:\Program Files\Java\jdk1.8.0_92
PATH=C:\Program Files (x86)\Intel\iCLS Client\;C:\Program Files\Intel\iCLS Client\;C:\ProgramData\Oracle\Java\javapath;C:\Program Files\ImageMagick-6.8.9-Q16;C:\WINDOWS\system32;C:\WINDOWS;C:\WINDOWS\System32\Wbem;C:\Program Files\Lenovo\Bluetooth Software\;C:\Program Files\Lenovo\Bluetooth Software\syswow64;C:\Program Files\Intel\WiFi\bin\;C:\Program Files\Common Files\Intel\WirelessCommon\;C:\Program Files\Microsoft\Web Platform Installer\;C:\WINDOWS\System32\WindowsPowerShell\v1.0\;C:\Program Files\Microsoft SQL Server\110\Tools\Binn\;C:\Program Files\Sublime Text 2;C:\Program Files (x86)\Heroku\bin;C:\Program Files\Intel\Intel(R) Management Engine Components\DAL;C:\Program Files\Intel\Intel(R) Management Engine Components\IPT;C:\Program Files (x86)\Intel\Intel(R) Management Engine Components\DAL;C:\Program Files (x86)\Intel\Intel(R) Management Engine Components\IPT;C:\Program Files (x86)\NVIDIA Corporation\PhysX\Common;C:\WINDOWS\system32;C:\WINDOWS;C:\WINDOWS\System32\Wbem;C:\WINDOWS\System32\WindowsPowerShell\v1.0\;C:\Program Files (x86)\Skype\Phone\;C:\Ruby23-x64\bin;C:\Program Files (x86)\MySQL\MySQL Fabric 1.5 & MySQL Utilities 1.5\;C:\Program Files (x86)\MySQL\MySQL Fabric 1.5 & MySQL Utilities 1.5\Doctrine extensions for PHP\;C:\Program Files\MySQL\MySQL Server 5.7\bin;C:\RailsInstaller\Ruby2.2.0\bin;C:\Users\kikkos\AppData\Local\GitHub\PortableGit_d76a6a98c9315931ec4927243517bc09e9b731a0\cmd;C:\Ruby22-x64\bin;C:\Program Files (x86)\Heroku\ruby-1.9.3\bin;C:\Program Files\Intel\WiFi\bin\;C:\Program Files\Common Files\Intel\WirelessCommon\
USERNAME=kikkos
OS=Windows_NT
PROCESSOR_IDENTIFIER=Intel64 Family 6 Model 42 Stepping 7, GenuineIntel



---------------  S Y S T E M  ---------------

OS: Windows 10.0 , 64 bit Build 10586 (10.0.10586.0)

CPU:total 8 (4 cores per cpu, 2 threads per core) family 6 model 42 stepping 7, cmov, cx8, fxsr, mmx, sse, sse2, sse3, ssse3, sse4.1, sse4.2, popcnt, avx, aes, clmul, ht, tsc, tscinvbit

Memory: 4k page, physical 8300684k(2726876k free), swap 8505484k(4136k free)

vm_info: Java HotSpot(TM) 64-Bit Server VM (25.92-b14) for windows-amd64 JRE (1.8.0_92-b14), built on Mar 31 2016 21:03:04 by "java_re" with MS VC++ 10.0 (VS2010)

time: Mon Jun 27 14:24:52 2016
elapsed time: 3 seconds (0d 0h 0m 3s)

