#
# There is insufficient memory for the Java Runtime Environment to continue.
# Native memory allocation (malloc) failed to allocate 32744 bytes for ChunkPool::allocate
# Possible reasons:
#   The system is out of physical RAM or swap space
#   In 32 bit mode, the process size limit was hit
# Possible solutions:
#   Reduce memory load on the system
#   Increase physical memory or swap space
#   Check if swap backing store is full
#   Use 64 bit Java on a 64 bit OS
#   Decrease Java heap size (-Xmx/-Xms)
#   Decrease number of Java threads
#   Decrease Java thread stack sizes (-Xss)
#   Set larger code cache with -XX:ReservedCodeCacheSize=
# This output file may be truncated or incomplete.
#
#  Out of Memory Error (allocation.cpp:273), pid=11600, tid=0x00000000000021c0
#
# JRE version: Java(TM) SE Runtime Environment (8.0_92-b14) (build 1.8.0_92-b14)
# Java VM: Java HotSpot(TM) 64-Bit Server VM (25.92-b14 mixed mode windows-amd64 compressed oops)
# Failed to write core dump. Minidumps are not enabled by default on client versions of Windows
#

---------------  T H R E A D  ---------------

Current thread (0x000000000783e000):  JavaThread "C2 CompilerThread1" daemon [_thread_in_native, id=8640, stack(0x0000000008c40000,0x0000000008d40000)]

Stack: [0x0000000008c40000,0x0000000008d40000]
[error occurred during error reporting (printing stack bounds), id 0xc0000005]

Native frames: (J=compiled Java code, j=interpreted, Vv=VM code, C=native code)


Current CompileTask:
C2:   1039  794   !   4       com.android.dx.rop.code.RegisterSpec::intern (70 bytes)


---------------  P R O C E S S  ---------------

Java Threads: ( => current thread )
  0x00000000078df000 JavaThread "Service Thread" daemon [_thread_blocked, id=11136, stack(0x0000000008f40000,0x0000000009040000)]
  0x0000000007848800 JavaThread "C1 CompilerThread3" daemon [_thread_in_native, id=12052, stack(0x0000000008e40000,0x0000000008f40000)]
  0x0000000007841000 JavaThread "C2 CompilerThread2" daemon [_thread_blocked, id=8336, stack(0x0000000008d40000,0x0000000008e40000)]
=>0x000000000783e000 JavaThread "C2 CompilerThread1" daemon [_thread_in_native, id=8640, stack(0x0000000008c40000,0x0000000008d40000)]
  0x0000000007832000 JavaThread "C2 CompilerThread0" daemon [_thread_blocked, id=11108, stack(0x0000000008b40000,0x0000000008c40000)]
  0x0000000007831000 JavaThread "Attach Listener" daemon [_thread_blocked, id=2076, stack(0x0000000008a40000,0x0000000008b40000)]
  0x0000000007830000 JavaThread "Signal Dispatcher" daemon [_thread_blocked, id=12292, stack(0x0000000008940000,0x0000000008a40000)]
  0x00000000077e7800 JavaThread "Finalizer" daemon [_thread_blocked, id=4620, stack(0x0000000008760000,0x0000000008860000)]
  0x00000000077b6000 JavaThread "Reference Handler" daemon [_thread_blocked, id=14688, stack(0x0000000008660000,0x0000000008760000)]
  0x0000000002837800 JavaThread "main" [_thread_in_native, id=11320, stack(0x0000000002730000,0x0000000002830000)]

Other Threads:
  0x0000000006450800 VMThread [stack: 0x0000000008560000,0x0000000008660000] [id=4532]
  0x00000000078e5800 WatcherThread [stack: 0x0000000009040000,0x0000000009140000] [id=13860]

VM state:not at safepoint (normal execution)

VM Mutex/Monitor currently owned by a thread: None

Heap:
 PSYoungGen      total 38400K, used 12673K [0x00000000eab00000, 0x00000000ed580000, 0x0000000100000000)
  eden space 33280K, 38% used [0x00000000eab00000,0x00000000eb760738,0x00000000ecb80000)
  from space 5120K, 0% used [0x00000000ed080000,0x00000000ed080000,0x00000000ed580000)
  to   space 5120K, 0% used [0x00000000ecb80000,0x00000000ecb80000,0x00000000ed080000)
 ParOldGen       total 87552K, used 0K [0x00000000c0000000, 0x00000000c5580000, 0x00000000eab00000)
  object space 87552K, 0% used [0x00000000c0000000,0x00000000c0000000,0x00000000c5580000)
 Metaspace       used 5363K, capacity 6640K, committed 6784K, reserved 1056768K
  class space    used 557K, capacity 616K, committed 640K, reserved 1048576K

Card table byte_map: [0x0000000002cf0000,0x0000000002f00000] byte_map_base: 0x00000000026f0000

Marking Bits: (ParMarkBitMap*) 0x00000000755c64f0
 Begin Bits: [0x0000000003860000, 0x0000000004860000)
 End Bits:   [0x0000000004860000, 0x0000000005860000)

Polling page: 0x00000000026a0000

CodeCache: size=245760Kb used=2957Kb max_used=2969Kb free=242802Kb
 bounds [0x000000000f010000, 0x000000000f300000, 0x000000001e010000]
 total_blobs=1045 nmethods=780 adapters=178
 compilation: enabled

Compilation events (10 events):
Event: 1.019 Thread 0x0000000007841000 nmethod 784 0x000000000f2ee5d0 code [0x000000000f2ee720, 0x000000000f2eea18]
Event: 1.019 Thread 0x0000000007832000  785  s    4       java.util.Vector::removeElementAt (115 bytes)
Event: 1.021 Thread 0x0000000007832000 nmethod 785 0x000000000f2ee050 code [0x000000000f2ee1a0, 0x000000000f2ee458]
Event: 1.022 Thread 0x0000000007832000  788  s    4       java.util.Vector::add (39 bytes)
Event: 1.023 Thread 0x000000000783e000  790       4       com.android.dx.ssa.NormalSsaInsn::isNormalMoveInsn (20 bytes)
Event: 1.024 Thread 0x000000000783e000 nmethod 790 0x000000000f2f7290 code [0x000000000f2f73c0, 0x000000000f2f7458]
Event: 1.025 Thread 0x0000000007841000  793       4       com.android.dx.ssa.NormalSsaInsn::hasSideEffect (76 bytes)
Event: 1.026 Thread 0x0000000007832000 nmethod 788 0x000000000f2ed990 code [0x000000000f2edae0, 0x000000000f2edea8]
Event: 1.027 Thread 0x000000000783e000  794   !   4       com.android.dx.rop.code.RegisterSpec::intern (70 bytes)
Event: 1.028 Thread 0x0000000007841000 nmethod 793 0x000000000f2ed450 code [0x000000000f2ed5a0, 0x000000000f2ed718]

GC Heap History (0 events):
No events

Deoptimization events (1 events):
Event: 0.872 Thread 0x0000000002837800 Uncommon trap: reason=unstable_if action=reinterpret pc=0x000000000f20b69c method=java.util.HashMap.getNode(ILjava/lang/Object;)Ljava/util/HashMap$Node; @ 129

Internal exceptions (2 events):
Event: 0.060 Thread 0x0000000002837800 Exception <a 'java/lang/NoSuchMethodError': Method sun.misc.Unsafe.defineClass(Ljava/lang/String;[BII)Ljava/lang/Class; name or signature does not match> (0x00000000eab07cc0) thrown at [D:\re\workspace\8-2-build-windows-amd64-cygwin\jdk8u92\6642\hotspot\sruCW`ú”Æ?
Event: 0.060 Thread 0x0000000002837800 Exception <a 'java/lang/NoSuchMethodError': Method sun.misc.Unsafe.prefetchRead(Ljava/lang/Object;J)V name or signature does not match> (0x00000000eab07fa8) thrown at [D:\re\workspace\8-2-build-windows-amd64-cygwin\jdk8u92\6642\hotspot\src\share\vm\prims\j

Events (10 events):
Event: 0.872 Thread 0x0000000002837800 DEOPT PACKING pc=0x000000000f20b69c sp=0x000000000282e620
Event: 0.872 Thread 0x0000000002837800 DEOPT UNPACKING pc=0x000000000f05582a sp=0x000000000282e598 mode 2
Event: 0.916 loading class com/android/dx/rop/cst/CstArray$List
Event: 0.916 loading class com/android/dx/rop/cst/CstArray$List done
Event: 0.917 loading class com/android/dx/dex/file/MethodAnnotationStruct
Event: 0.917 loading class com/android/dx/dex/file/MethodAnnotationStruct done
Event: 0.946 loading class java/util/ArrayList$1
Event: 0.946 loading class java/util/ArrayList$1 done
Event: 0.996 Executing VM operation: ForceSafepoint
Event: 0.996 Executing VM operation: ForceSafepoint done


Dynamic libraries:
0x00007ff77c620000 - 0x00007ff77c657000 	C:\Program Files\Java\jdk1.8.0_92\bin\java.exe
0x00007ffe4ec10000 - 0x00007ffe4edd1000 	C:\WINDOWS\SYSTEM32\ntdll.dll
0x00007ffe4c2e0000 - 0x00007ffe4c38d000 	C:\WINDOWS\system32\KERNEL32.DLL
0x00007ffe4b980000 - 0x00007ffe4bb68000 	C:\WINDOWS\system32\KERNELBASE.dll
0x0000000075a80000 - 0x0000000075b31000 	C:\Program Files\Bitdefender\Bitdefender 2016\Active Virus Control\Avc3_00363_036\avcuf64.dll
0x00007ffe49780000 - 0x00007ffe497f9000 	C:\WINDOWS\system32\apphelp.dll
0x00007ffe28a90000 - 0x00007ffe28f13000 	C:\WINDOWS\AppPatch\AppPatch64\AcLayers.DLL
0x00007ffe4c560000 - 0x00007ffe4c5fd000 	C:\WINDOWS\system32\msvcrt.dll
0x00007ffe4e2f0000 - 0x00007ffe4e446000 	C:\WINDOWS\system32\USER32.dll
0x00007ffe4c660000 - 0x00007ffe4c7e6000 	C:\WINDOWS\system32\GDI32.dll
0x00007ffe4c600000 - 0x00007ffe4c652000 	C:\WINDOWS\system32\SHLWAPI.dll
0x00007ffe4e4b0000 - 0x00007ffe4e72d000 	C:\WINDOWS\system32\combase.dll
0x00007ffe4e1d0000 - 0x00007ffe4e2ec000 	C:\WINDOWS\system32\RPCRT4.dll
0x00007ffe4bb70000 - 0x00007ffe4bbda000 	C:\WINDOWS\system32\bcryptPrimitives.dll
0x00000000005f0000 - 0x00000000005f3000 	C:\WINDOWS\SYSTEM32\sfc.dll
0x00007ffe46320000 - 0x00007ffe463a4000 	C:\WINDOWS\SYSTEM32\WINSPOOL.DRV
0x00007ffe4b140000 - 0x00007ffe4b169000 	C:\WINDOWS\SYSTEM32\bcrypt.dll
0x00007ffe3cf90000 - 0x00007ffe3cfa1000 	C:\WINDOWS\SYSTEM32\sfc_os.DLL
0x00007ffe40f90000 - 0x00007ffe40fa1000 	C:\WINDOWS\SYSTEM32\SortWindows61.dll
0x00007ffe4cc20000 - 0x00007ffe4cc5b000 	C:\WINDOWS\system32\IMM32.DLL
0x00007ffe4b100000 - 0x00007ffe4b131000 	C:\Windows\system32\nvinitx.dll
0x00007ffe4c100000 - 0x00007ffe4c1a7000 	C:\WINDOWS\system32\ADVAPI32.dll
0x00007ffe4e450000 - 0x00007ffe4e4ab000 	C:\WINDOWS\system32\sechost.dll
0x00007ffe4b0f0000 - 0x00007ffe4b0fa000 	C:\WINDOWS\SYSTEM32\VERSION.dll
0x000000000f000000 - 0x000000000f006000 	C:\Program Files\NVIDIA Corporation\CoProcManager\_etoured.dll
0x00007ffe47910000 - 0x00007ffe47943000 	C:\Program Files\NVIDIA Corporation\CoProcManager\nvd3d9wrapx.dll
0x00007ffe4c7f0000 - 0x00007ffe4cc19000 	C:\WINDOWS\system32\SETUPAPI.dll
0x00007ffe4bdb0000 - 0x00007ffe4bdf3000 	C:\WINDOWS\system32\CFGMGR32.dll
0x00007ffe478e0000 - 0x00007ffe47902000 	C:\Program Files\NVIDIA Corporation\CoProcManager\nvdxgiwrapx.dll
0x00007ffe466d0000 - 0x00007ffe46944000 	C:\WINDOWS\WinSxS\amd64_microsoft.windows.common-controls_6595b64144ccf1df_6.0.10586.0_none_8c15ae12515e1c22\COMCTL32.dll
0x0000000074920000 - 0x00000000749f2000 	C:\Program Files\Java\jdk1.8.0_92\jre\bin\msvcr100.dll
0x0000000074db0000 - 0x0000000075646000 	C:\Program Files\Java\jdk1.8.0_92\jre\bin\server\jvm.dll
0x00007ffe4c400000 - 0x00007ffe4c408000 	C:\WINDOWS\system32\PSAPI.DLL
0x00007ffe3ec00000 - 0x00007ffe3ec09000 	C:\WINDOWS\SYSTEM32\WSOCK32.dll
0x00007ffe4e740000 - 0x00007ffe4e7ab000 	C:\WINDOWS\system32\WS2_32.dll
0x00007ffe491e0000 - 0x00007ffe49203000 	C:\WINDOWS\SYSTEM32\WINMM.dll
0x00007ffe491b0000 - 0x00007ffe491dc000 	C:\WINDOWS\SYSTEM32\WINMMBASE.dll
0x0000000074da0000 - 0x0000000074daf000 	C:\Program Files\Java\jdk1.8.0_92\jre\bin\verify.dll
0x0000000074d70000 - 0x0000000074d99000 	C:\Program Files\Java\jdk1.8.0_92\jre\bin\java.dll
0x0000000074d50000 - 0x0000000074d66000 	C:\Program Files\Java\jdk1.8.0_92\jre\bin\zip.dll
0x00007ffe4cc70000 - 0x00007ffe4e1cc000 	C:\WINDOWS\system32\SHELL32.dll
0x00007ffe4b2a0000 - 0x00007ffe4b8e4000 	C:\WINDOWS\system32\windows.storage.dll
0x00007ffe4b240000 - 0x00007ffe4b24f000 	C:\WINDOWS\system32\kernel.appcore.dll
0x00007ffe4beb0000 - 0x00007ffe4bf65000 	C:\WINDOWS\system32\shcore.dll
0x00007ffe4b250000 - 0x00007ffe4b29b000 	C:\WINDOWS\system32\powrprof.dll
0x00007ffe4b210000 - 0x00007ffe4b224000 	C:\WINDOWS\system32\profapi.dll

VM Arguments:
jvm_args: -Djava.awt.headless=true -Xmx1024M -Dfile.encoding=windows-1252 -Duser.country=US -Duser.language=en -Duser.variant 
java_command: com.android.dx.command.Main --dex --force-jumbo --multi-dex --output C:\Users\kikkos\AndroidStudioProjects\Udacity\theMovieDB\app\build\intermediates\transforms\dex\debug\folders\1000\10\instant-run_b3d68ff29531a91f607eb12051f473ff57690b5a C:\Users\kikkos\AndroidStudioProjects\Udacity\theMovieDB\app\build\intermediates\incremental-runtime-classes\debug\instant-run.jar
java_class_path (initial): C:\Users\kikkos\AppData\Local\Android\sdk\build-tools\22.0.1\lib\dx.jar
Launcher Type: SUN_STANDARD

Environment Variables:
JAVA_HOME=C:\Program Files\Java\jdk1.8.0_92
PATH=C:\Program Files (x86)\Intel\iCLS Client\;C:\Program Files\Intel\iCLS Client\;C:\ProgramData\Oracle\Java\javapath;C:\Program Files\ImageMagick-6.8.9-Q16;C:\WINDOWS\system32;C:\WINDOWS;C:\WINDOWS\System32\Wbem;C:\Program Files\Lenovo\Bluetooth Software\;C:\Program Files\Lenovo\Bluetooth Software\syswow64;C:\Program Files\Intel\WiFi\bin\;C:\Program Files\Common Files\Intel\WirelessCommon\;C:\Program Files\Microsoft\Web Platform Installer\;C:\WINDOWS\System32\WindowsPowerShell\v1.0\;C:\Program Files\Microsoft SQL Server\110\Tools\Binn\;C:\Program Files\Sublime Text 2;C:\Program Files (x86)\Heroku\bin;C:\Program Files\Intel\Intel(R) Management Engine Components\DAL;C:\Program Files\Intel\Intel(R) Management Engine Components\IPT;C:\Program Files (x86)\Intel\Intel(R) Management Engine Components\DAL;C:\Program Files (x86)\Intel\Intel(R) Management Engine Components\IPT;C:\Program Files (x86)\NVIDIA Corporation\PhysX\Common;C:\WINDOWS\system32;C:\WINDOWS;C:\WINDOWS\System32\Wbem;C:\WINDOWS\System32\WindowsPowerShell\v1.0\;C:\Program Files (x86)\Skype\Phone\;C:\Ruby23-x64\bin;C:\Program Files (x86)\MySQL\MySQL Fabric 1.5 & MySQL Utilities 1.5\;C:\Program Files (x86)\MySQL\MySQL Fabric 1.5 & MySQL Utilities 1.5\Doctrine extensions for PHP\;C:\Program Files\MySQL\MySQL Server 5.7\bin;C:\RailsInstaller\Ruby2.2.0\bin;C:\Users\kikkos\AppData\Local\GitHub\PortableGit_d76a6a98c9315931ec4927243517bc09e9b731a0\cmd;C:\Ruby22-x64\bin;C:\Program Files (x86)\Heroku\ruby-1.9.3\bin;C:\Program Files\Intel\WiFi\bin\;C:\Program Files\Common Files\Intel\WirelessCommon\
USERNAME=kikkos



---------------  S Y S T E M  ---------------

OS: Windows 10.0 , 64 bit Build 10586 (10.0.10586.0)

CPU:total 8 (4 cores per cpu, 2 threads per core) family 6 model 42 stepping 7, cmov, cx8, fxsr, mmx, sse, sse2, sse3, ssse3, sse4.1, sse4.2, popcnt, avx, aes, clmul, ht, tsc, tscinvbit

Memory: 4k page, physical 8300684k(2153272k free), swap 8505484k(5124k free)

vm_info: Java HotSpot(TM) 64-Bit Server VM (25.92-b14) for windows-amd64 JRE (1.8.0_92-b14), built on Mar 31 2016 21:03:04 by "java_re" with MS VC++ 10.0 (VS2010)

time: Tue Jun 28 19:11:47 2016
elapsed time: 1 seconds (0d 0h 0m 1s)

