#
# There is insufficient memory for the Java Runtime Environment to continue.
# Native memory allocation (malloc) failed to allocate 32784 bytes for Chunk::new
# Possible reasons:
#   The system is out of physical RAM or swap space
#   In 32 bit mode, the process size limit was hit
# Possible solutions:
#   Reduce memory load on the system
#   Increase physical memory or swap space
#   Check if swap backing store is full
#   Use 64 bit Java on a 64 bit OS
#   Decrease Java heap size (-Xmx/-Xms)
#   Decrease number of Java threads
#   Decrease Java thread stack sizes (-Xss)
#   Set larger code cache with -XX:ReservedCodeCacheSize=
# This output file may be truncated or incomplete.
#
#  Out of Memory Error (allocation.cpp:390), pid=15296, tid=0x00000000000036c8
#
# JRE version: Java(TM) SE Runtime Environment (8.0_92-b14) (build 1.8.0_92-b14)
# Java VM: Java HotSpot(TM) 64-Bit Server VM (25.92-b14 mixed mode windows-amd64 compressed oops)
# Failed to write core dump. Minidumps are not enabled by default on client versions of Windows
#

---------------  T H R E A D  ---------------

Current thread (0x00000000076d2800):  JavaThread "C2 CompilerThread0" daemon [_thread_in_native, id=14024, stack(0x0000000008a60000,0x0000000008b60000)]

Stack: [0x0000000008a60000,0x0000000008b60000]
[error occurred during error reporting (printing stack bounds), id 0xc0000005]

Native frames: (J=compiled Java code, j=interpreted, Vv=VM code, C=native code)


Current CompileTask:
C2:   2113 1111 %     4       com.android.dx.ssa.SsaMethod::deleteInsns @ 42 (239 bytes)


---------------  P R O C E S S  ---------------

Java Threads: ( => current thread )
  0x000000000776d800 JavaThread "Service Thread" daemon [_thread_blocked, id=11444, stack(0x0000000008e60000,0x0000000008f60000)]
  0x00000000076e6000 JavaThread "C1 CompilerThread3" daemon [_thread_in_native, id=5816, stack(0x0000000008d60000,0x0000000008e60000)]
  0x00000000076e1800 JavaThread "C2 CompilerThread2" daemon [_thread_in_native, id=10800, stack(0x0000000008c60000,0x0000000008d60000)]
  0x00000000076d8800 JavaThread "C2 CompilerThread1" daemon [_thread_in_native, id=16140, stack(0x0000000008b60000,0x0000000008c60000)]
=>0x00000000076d2800 JavaThread "C2 CompilerThread0" daemon [_thread_in_native, id=14024, stack(0x0000000008a60000,0x0000000008b60000)]
  0x00000000076d1800 JavaThread "Attach Listener" daemon [_thread_blocked, id=1216, stack(0x0000000008960000,0x0000000008a60000)]
  0x00000000076d0800 JavaThread "Signal Dispatcher" daemon [_thread_blocked, id=17404, stack(0x0000000008860000,0x0000000008960000)]
  0x0000000007681000 JavaThread "Finalizer" daemon [_thread_blocked, id=15628, stack(0x00000000085c0000,0x00000000086c0000)]
  0x0000000007656000 JavaThread "Reference Handler" daemon [_thread_blocked, id=16636, stack(0x00000000084c0000,0x00000000085c0000)]
  0x00000000026e7800 JavaThread "main" [_thread_in_Java, id=3184, stack(0x0000000002530000,0x0000000002630000)]

Other Threads:
  0x00000000062ff800 VMThread [stack: 0x00000000083c0000,0x00000000084c0000] [id=15712]
  0x0000000007773800 WatcherThread [stack: 0x0000000008f60000,0x0000000009060000] [id=4056]

VM state:not at safepoint (normal execution)

VM Mutex/Monitor currently owned by a thread:  ([mutex/lock_event])
[0x00000000026e55b0] Compile_lock - owner thread: 0x0000000000000000

Heap:
 PSYoungGen      total 38400K, used 21347K [0x00000000eab00000, 0x00000000ed580000, 0x0000000100000000)
  eden space 33280K, 64% used [0x00000000eab00000,0x00000000ebfd8f78,0x00000000ecb80000)
  from space 5120K, 0% used [0x00000000ed080000,0x00000000ed080000,0x00000000ed580000)
  to   space 5120K, 0% used [0x00000000ecb80000,0x00000000ecb80000,0x00000000ed080000)
 ParOldGen       total 87552K, used 0K [0x00000000c0000000, 0x00000000c5580000, 0x00000000eab00000)
  object space 87552K, 0% used [0x00000000c0000000,0x00000000c0000000,0x00000000c5580000)
 Metaspace       used 5604K, capacity 6832K, committed 7040K, reserved 1056768K
  class space    used 561K, capacity 616K, committed 640K, reserved 1048576K

Card table byte_map: [0x0000000002ba0000,0x0000000002db0000] byte_map_base: 0x00000000025a0000

Marking Bits: (ParMarkBitMap*) 0x000000006bad64f0
 Begin Bits: [0x0000000003710000, 0x0000000004710000)
 End Bits:   [0x0000000004710000, 0x0000000005710000)

Polling page: 0x0000000002430000

CodeCache: size=245760Kb used=4504Kb max_used=4504Kb free=241255Kb
 bounds [0x000000000f010000, 0x000000000f480000, 0x000000001e010000]
 total_blobs=1381 nmethods=1116 adapters=178
 compilation: enabled

Compilation events (10 events):
Event: 2.105 Thread 0x00000000076e6000 nmethod 1112 0x000000000f46dc50 code [0x000000000f46de20, 0x000000000f46e558]
Event: 2.105 Thread 0x00000000076e6000 1115       3       com.android.dx.cf.code.OneLocalsArray::getMaxLocals (6 bytes)
Event: 2.105 Thread 0x00000000076e6000 nmethod 1115 0x000000000f461cd0 code [0x000000000f461e20, 0x000000000f461f70]
Event: 2.105 Thread 0x00000000076e6000 1113   !   3       com.android.dx.cf.code.OneLocalsArray::merge (31 bytes)
Event: 2.106 Thread 0x00000000076e6000 nmethod 1113 0x000000000f46d550 code [0x000000000f46d700, 0x000000000f46dac8]
Event: 2.106 Thread 0x00000000076e6000 1114   !   3       com.android.dx.cf.code.ExecutionStack::merge (31 bytes)
Event: 2.106 Thread 0x00000000076e6000 nmethod 1114 0x000000000f46cd90 code [0x000000000f46cf40, 0x000000000f46d3e8]
Event: 2.106 Thread 0x00000000076e6000 1116       3       com.android.dx.ssa.Dominators::run (506 bytes)
Event: 2.111 Thread 0x00000000076d8800 nmethod 1101 0x000000000f46be50 code [0x000000000f46bfe0, 0x000000000f46c6a8]
Event: 2.111 Thread 0x00000000076d8800 1118       4       java.util.Collections$UnmodifiableCollection::iterator (9 bytes)

GC Heap History (0 events):
No events

Deoptimization events (4 events):
Event: 1.622 Thread 0x00000000026e7800 Uncommon trap: reason=unstable_if action=reinterpret pc=0x000000000f21683c method=java.util.HashMap.getNode(ILjava/lang/Object;)Ljava/util/HashMap$Node; @ 62
Event: 1.642 Thread 0x00000000026e7800 Uncommon trap: reason=unstable_if action=reinterpret pc=0x000000000f22fc70 method=java.util.BitSet.nextSetBit(I)I @ 87
Event: 1.754 Thread 0x00000000026e7800 Uncommon trap: reason=null_check action=make_not_entrant pc=0x000000000f2ea404 method=com.android.dx.ssa.SsaRenamer.getLocalForNewReg(I)Lcom/android/dx/rop/code/LocalItem; @ 19
Event: 2.070 Thread 0x00000000026e7800 Uncommon trap: reason=unstable_if action=reinterpret pc=0x000000000f3faf38 method=java.lang.String.<init>([CII)V @ 18

Internal exceptions (3 events):
Event: 0.597 Thread 0x00000000026e7800 Exception <a 'java/lang/NoSuchMethodError': Method sun.misc.Unsafe.defineClass(Ljava/lang/String;[BII)Ljava/lang/Class; name or signature does not match> (0x00000000eab07cc0) thrown at [D:\re\workspace\8-2-build-windows-amd64-cygwin\jdk8u92\6642\hotspot\srzÄƒÈaã?
Event: 0.597 Thread 0x00000000026e7800 Exception <a 'java/lang/NoSuchMethodError': Method sun.misc.Unsafe.prefetchRead(Ljava/lang/Object;J)V name or signature does not match> (0x00000000eab07fa8) thrown at [D:\re\workspace\8-2-build-windows-amd64-cygwin\jdk8u92\6642\hotspot\src\share\vm\prims\jç7Å‹ü?
Event: 1.754 Thread 0x00000000026e7800 Implicit null exception at 0x000000000f2e8c76 to 0x000000000f2ea3bd

Events (10 events):
Event: 1.976 loading class com/android/dx/cf/direct/AnnotationParser done
Event: 1.978 loading class com/android/dx/cf/attrib/AttRuntimeInvisibleAnnotations
Event: 1.978 loading class com/android/dx/cf/attrib/AttRuntimeInvisibleAnnotations done
Event: 1.978 loading class com/android/dx/cf/attrib/BaseAnnotations
Event: 1.978 loading class com/android/dx/cf/attrib/BaseAnnotations done
Event: 1.991 loading class com/android/dx/cf/code/SwitchList
Event: 1.991 loading class com/android/dx/cf/code/SwitchList done
Event: 2.070 Thread 0x00000000026e7800 Uncommon trap: trap_request=0xffffff65 fr.pc=0x000000000f3faf38
Event: 2.070 Thread 0x00000000026e7800 DEOPT PACKING pc=0x000000000f3faf38 sp=0x000000000262e920
Event: 2.070 Thread 0x00000000026e7800 DEOPT UNPACKING pc=0x000000000f05582a sp=0x000000000262e850 mode 2


Dynamic libraries:
0x00007ff647010000 - 0x00007ff647047000 	C:\Program Files\Java\jdk1.8.0_92\bin\java.exe
0x00007ffbb7ee0000 - 0x00007ffbb80a1000 	C:\WINDOWS\SYSTEM32\ntdll.dll
0x00007ffbb7410000 - 0x00007ffbb74bd000 	C:\WINDOWS\system32\KERNEL32.DLL
0x00007ffbb4a80000 - 0x00007ffbb4c68000 	C:\WINDOWS\system32\KERNELBASE.dll
0x000000006c5d0000 - 0x000000006c67e000 	C:\Program Files\Bitdefender\Bitdefender 2016\Active Virus Control\Avc3_00369_042\avcuf64.dll
0x00007ffbb2c80000 - 0x00007ffbb2cf9000 	C:\WINDOWS\system32\apphelp.dll
0x00007ffb8f200000 - 0x00007ffb8f683000 	C:\WINDOWS\AppPatch\AppPatch64\AcLayers.DLL
0x00007ffbb7e40000 - 0x00007ffbb7edd000 	C:\WINDOWS\system32\msvcrt.dll
0x00007ffbb5be0000 - 0x00007ffbb5d36000 	C:\WINDOWS\system32\USER32.dll
0x00007ffbb5a10000 - 0x00007ffbb5b96000 	C:\WINDOWS\system32\GDI32.dll
0x00007ffbb5340000 - 0x00007ffbb5392000 	C:\WINDOWS\system32\SHLWAPI.dll
0x00007ffbb5640000 - 0x00007ffbb58bd000 	C:\WINDOWS\system32\combase.dll
0x00007ffbb74c0000 - 0x00007ffbb75dc000 	C:\WINDOWS\system32\RPCRT4.dll
0x00007ffbb4950000 - 0x00007ffbb49ba000 	C:\WINDOWS\system32\bcryptPrimitives.dll
0x0000000000820000 - 0x0000000000823000 	C:\WINDOWS\SYSTEM32\sfc.dll
0x00007ffbaf530000 - 0x00007ffbaf5b4000 	C:\WINDOWS\SYSTEM32\WINSPOOL.DRV
0x00007ffbb40e0000 - 0x00007ffbb4109000 	C:\WINDOWS\SYSTEM32\bcrypt.dll
0x00007ffb9b580000 - 0x00007ffb9b591000 	C:\WINDOWS\SYSTEM32\sfc_os.DLL
0x00007ffbab260000 - 0x00007ffbab271000 	C:\WINDOWS\SYSTEM32\SortWindows61.dll
0x00007ffbb5ba0000 - 0x00007ffbb5bdb000 	C:\WINDOWS\system32\IMM32.DLL
0x00007ffbb3740000 - 0x00007ffbb3771000 	C:\Windows\system32\nvinitx.dll
0x00007ffbb7960000 - 0x00007ffbb7a07000 	C:\WINDOWS\system32\ADVAPI32.dll
0x00007ffbb52c0000 - 0x00007ffbb531b000 	C:\WINDOWS\system32\sechost.dll
0x00007ffbb3730000 - 0x00007ffbb373a000 	C:\WINDOWS\SYSTEM32\VERSION.dll
0x000000000f000000 - 0x000000000f006000 	C:\Program Files\NVIDIA Corporation\CoProcManager\_etoured.dll
0x00007ffbb0c70000 - 0x00007ffbb0ca3000 	C:\Program Files\NVIDIA Corporation\CoProcManager\nvd3d9wrapx.dll
0x00007ffbb7a10000 - 0x00007ffbb7e39000 	C:\WINDOWS\system32\SETUPAPI.dll
0x00007ffbb4740000 - 0x00007ffbb4783000 	C:\WINDOWS\system32\CFGMGR32.dll
0x00007ffbb2ab0000 - 0x00007ffbb2ad2000 	C:\Program Files\NVIDIA Corporation\CoProcManager\nvdxgiwrapx.dll
0x00007ffbafb40000 - 0x00007ffbafdb4000 	C:\WINDOWS\WinSxS\amd64_microsoft.windows.common-controls_6595b64144ccf1df_6.0.10586.494_none_a2d8b04ea53e3145\COMCTL32.dll
0x000000006bcc0000 - 0x000000006bd92000 	C:\Program Files\Java\jdk1.8.0_92\jre\bin\msvcr100.dll
0x000000006b2c0000 - 0x000000006bb56000 	C:\Program Files\Java\jdk1.8.0_92\jre\bin\server\jvm.dll
0x00007ffbb5930000 - 0x00007ffbb5938000 	C:\WINDOWS\system32\PSAPI.DLL
0x00007ffba8e80000 - 0x00007ffba8e89000 	C:\WINDOWS\SYSTEM32\WSOCK32.dll
0x00007ffbb7640000 - 0x00007ffbb76ab000 	C:\WINDOWS\system32\WS2_32.dll
0x00007ffbb2a80000 - 0x00007ffbb2aa3000 	C:\WINDOWS\SYSTEM32\WINMM.dll
0x00007ffbb2a50000 - 0x00007ffbb2a7c000 	C:\WINDOWS\SYSTEM32\WINMMBASE.dll
0x000000006c140000 - 0x000000006c14f000 	C:\Program Files\Java\jdk1.8.0_92\jre\bin\verify.dll
0x000000006c110000 - 0x000000006c139000 	C:\Program Files\Java\jdk1.8.0_92\jre\bin\java.dll
0x000000006c0f0000 - 0x000000006c106000 	C:\Program Files\Java\jdk1.8.0_92\jre\bin\zip.dll
0x00007ffbb5d40000 - 0x00007ffbb729c000 	C:\WINDOWS\system32\SHELL32.dll
0x00007ffbb4c70000 - 0x00007ffbb52b5000 	C:\WINDOWS\system32\windows.storage.dll
0x00007ffbb4510000 - 0x00007ffbb451f000 	C:\WINDOWS\system32\kernel.appcore.dll
0x00000000087a0000 - 0x0000000008855000 	C:\WINDOWS\system32\shcore.dll
0x00007ffbb4520000 - 0x00007ffbb456b000 	C:\WINDOWS\system32\powrprof.dll
0x00007ffbb44e0000 - 0x00007ffbb44f4000 	C:\WINDOWS\system32\profapi.dll

VM Arguments:
jvm_args: -Djava.awt.headless=true -Xmx1024M -Dfile.encoding=windows-1252 -Duser.country=US -Duser.language=en -Duser.variant 
java_command: com.android.dx.command.Main --dex --force-jumbo --multi-dex --output C:\Users\kikkos\AndroidStudioProjects\Udacity\myMovieNews\app\build\intermediates\transforms\dex\debug\folders\1000\10\picasso-2.5.2_bbdb5b79ede9bf76ac73d4dc36f63ef878bb2994 C:\Users\kikkos\.gradle\caches\modules-2\files-2.1\com.squareup.picasso\picasso\2.5.2\7446d06ec8d4f7ffcc53f1da37c95f200dcb9387\picasso-2.5.2.jar
java_class_path (initial): C:\Users\kikkos\AppData\Local\Android\sdk\build-tools\22.0.1\lib\dx.jar
Launcher Type: SUN_STANDARD

Environment Variables:
JAVA_HOME=C:\Program Files\Java\jdk1.8.0_92
PATH=C:\Program Files (x86)\Intel\iCLS Client\;C:\Program Files\Intel\iCLS Client\;C:\ProgramData\Oracle\Java\javapath;C:\Program Files\ImageMagick-6.8.9-Q16;C:\WINDOWS\system32;C:\WINDOWS;C:\WINDOWS\System32\Wbem;C:\Program Files\Lenovo\Bluetooth Software\;C:\Program Files\Lenovo\Bluetooth Software\syswow64;C:\Program Files\Intel\WiFi\bin\;C:\Program Files\Common Files\Intel\WirelessCommon\;C:\Program Files\Microsoft\Web Platform Installer\;C:\WINDOWS\System32\WindowsPowerShell\v1.0\;C:\Program Files\Microsoft SQL Server\110\Tools\Binn\;C:\Program Files\Sublime Text 2;C:\Program Files (x86)\Heroku\bin;C:\Program Files\Intel\Intel(R) Management Engine Components\DAL;C:\Program Files\Intel\Intel(R) Management Engine Components\IPT;C:\Program Files (x86)\Intel\Intel(R) Management Engine Components\DAL;C:\Program Files (x86)\Intel\Intel(R) Management Engine Components\IPT;C:\Program Files (x86)\NVIDIA Corporation\PhysX\Common;C:\WINDOWS\system32;C:\WINDOWS;C:\WINDOWS\System32\Wbem;C:\WINDOWS\System32\WindowsPowerShell\v1.0\;C:\Program Files (x86)\Skype\Phone\;C:\Ruby23-x64\bin;C:\Program Files (x86)\MySQL\MySQL Fabric 1.5 & MySQL Utilities 1.5\;C:\Program Files (x86)\MySQL\MySQL Fabric 1.5 & MySQL Utilities 1.5\Doctrine extensions for PHP\;C:\Program Files\MySQL\MySQL Server 5.7\bin;C:\RailsInstaller\Ruby2.2.0\bin;C:\Users\kikkos\AppData\Local\GitHub\PortableGit_d76a6a98c9315931ec4927243517bc09e9b731a0\cmd;C:\Ruby22-x64\bin;C:\Program Files (x86)\Heroku\ruby-1.9.3\bin;C:\Program Files\Intel\WiFi\bin\;C:\Program Files\Common Files\Intel\WirelessCommon\;C:\Program Files\MongoDB\Server\3.2\bin;C:\sqlite
USERNAME=kikkos
OS=Windows_NT
PROCESSOR_IDENTIFIER=Intel64 Family 6 Model 42 Stepping 7, GenuineIntel



---------------  S Y S T E M  ---------------

OS: Windows 10.0 , 64 bit Build 10586 (10.0.10586.0)

CPU:total 8 (4 cores per cpu, 2 threads per core) family 6 model 42 stepping 7, cmov, cx8, fxsr, mmx, sse, sse2, sse3, ssse3, sse4.1, sse4.2, popcnt, avx, aes, clmul, ht, tsc, tscinvbit

Memory: 4k page, physical 8300684k(2087016k free), swap 8505484k(4096k free)

vm_info: Java HotSpot(TM) 64-Bit Server VM (25.92-b14) for windows-amd64 JRE (1.8.0_92-b14), built on Mar 31 2016 21:03:04 by "java_re" with MS VC++ 10.0 (VS2010)

time: Thu Sep 15 11:58:25 2016
elapsed time: 2 seconds (0d 0h 0m 2s)

